Switching SI Aware to true by default in postroute mode   
AAE_INFO: switching -siAware from false to true ...
**WARN: (TCLCMD-1681):	The software has performed a full/partial timing reset. All existing timing path and timing point collection references have been invalidated and may no longer be referenced.
AAE_INFO: The setting is changed from false to true in setDelayCalMode -SIAware
*** timeDesign #6 [begin] : totSession cpu/real = 0:02:55.5/0:13:38.8 (0.2), mem = 2624.0M
**WARN: (IMPEXT-3493):	The design extraction status has been reset by set_analysis_view/update_rc_corner or setExtractRCMode  command. The parasitic data can be regenerated either by extracting the design using the extractRC command or by loading the SPEF or RCDB file(s). To prevent resetting of the extraction status, avoid changing extraction modes.
Type 'man IMPEXT-3493' for more detail.
 Reset EOS DB
Ignoring AAE DB Resetting ...
Extraction called for design 'mac_4x4_wrapper_chip' of instances=786 and nets=336 using extraction engine 'postRoute' at effort level 'low' .
PostRoute (effortLevel low) RC Extraction called for design mac_4x4_wrapper_chip.
RC Extraction called in multi-corner(2) mode.
Process corner(s) are loaded.
 Corner: rc_worst
 Corner: rc_best
extractDetailRC Option : -outfile /tmp/innovus_temp_2180281_server3.eced.svnit.ac.in_iep4_8gIajx/mac_4x4_wrapper_chip_2180281_1s0gGF.rcdb.d  -extended
RC Mode: PostRoute -effortLevel low [Extended CapTable, RC Table Resistances]
      RC Corner Indexes            0       1   
Capacitance Scaling Factor   : 1.00000 1.00000 
Coupling Cap. Scaling Factor : 1.00000 1.00000 
Resistance Scaling Factor    : 1.00000 1.00000 
Clock Cap. Scaling Factor    : 1.00000 1.00000 
Clock Res. Scaling Factor    : 1.00000 1.00000 
Shrink Factor                : 1.00000
Initializing multi-corner capacitance tables ... 
Initializing multi-corner resistance tables ...
Checking LVS Completed (CPU Time= 0:00:00.0  MEM= 2567.0M)
Extracted 10.0791% (CPU Time= 0:00:00.1  MEM= 2642.5M)
Extracted 20.0593% (CPU Time= 0:00:00.1  MEM= 2642.5M)
Extracted 30.0889% (CPU Time= 0:00:00.1  MEM= 2642.5M)
Extracted 40.0692% (CPU Time= 0:00:00.1  MEM= 2642.5M)
Extracted 50.0988% (CPU Time= 0:00:00.1  MEM= 2642.5M)
Extracted 60.0791% (CPU Time= 0:00:00.1  MEM= 2642.5M)
Extracted 70.0593% (CPU Time= 0:00:00.1  MEM= 2642.5M)
Extracted 80.0889% (CPU Time= 0:00:00.1  MEM= 2642.5M)
Extracted 90.0692% (CPU Time= 0:00:00.1  MEM= 2642.5M)
Extracted 100% (CPU Time= 0:00:00.1  MEM= 2642.5M)
Number of Extracted Resistors     : 3687
Number of Extracted Ground Cap.   : 3798
Number of Extracted Coupling Cap. : 3684
Filtering XCap in 'relativeOnly' mode using values relative_c_threshold=0.03 and total_c_threshold=5fF.
 Corner: rc_worst
 Corner: rc_best
Checking LVS Completed (CPU Time= 0:00:00.0  MEM= 2626.5M)
PostRoute (effortLevel low) RC Extraction DONE (CPU Time: 0:00:00.7  Real Time: 0:00:01.0  MEM: 2626.523M)
Starting delay calculation for Setup views
AAE_INFO: opIsDesignInPostRouteState() is 1
AAE_INFO: resetNetProps viewIdx 0 
Starting SI iteration 1 using Infinite Timing Windows
#################################################################################
# Design Stage: PostRoute
# Design Name: mac_4x4_wrapper_chip
# Design Mode: 180nm
# Analysis Mode: MMMC OCV 
# Parasitics Mode: SPEF/RCDB 
# Signoff Settings: SI On 
#################################################################################
AAE_INFO: 1 threads acquired from CTE.
Start delay calculation (fullDC) (1 T). (MEM=2624.52)
Initializing multi-corner capacitance tables ... 
Initializing multi-corner resistance tables ...
Total number of fetched objects 336
AAE_INFO: Total number of nets for which stage creation was skipped for all views 0
AAE_INFO-618: Total number of nets in the design is 336,  100.0 percent of the nets selected for SI analysis
Total number of fetched objects 336
AAE_INFO: Total number of nets for which stage creation was skipped for all views 0
AAE_INFO-618: Total number of nets in the design is 336,  100.0 percent of the nets selected for SI analysis
End delay calculation. (MEM=2651.83 CPU=0:00:00.2 REAL=0:00:01.0)
End delay calculation (fullDC). (MEM=2651.83 CPU=0:00:00.3 REAL=0:00:01.0)
Loading CTE timing window with TwFlowType 0...(CPU = 0:00:00.0, REAL = 0:00:00.0, MEM = 2675.8M)
Add other clocks and setupCteToAAEClockMapping during iter 1
Loading CTE timing window is completed (CPU = 0:00:00.0, REAL = 0:00:00.0, MEM = 2675.8M)
Starting SI iteration 2
Start delay calculation (fullDC) (1 T). (MEM=2606.95)
Glitch Analysis: View worst -- Total Number of Nets Skipped = 0. 
Glitch Analysis: View worst -- Total Number of Nets Analyzed = 0. 
Total number of fetched objects 336
AAE_INFO: Total number of nets for which stage creation was skipped for all views 0
AAE_INFO-618: Total number of nets in the design is 336,  0.3 percent of the nets selected for SI analysis
Total number of fetched objects 336
AAE_INFO: Total number of nets for which stage creation was skipped for all views 0
AAE_INFO-618: Total number of nets in the design is 336,  0.3 percent of the nets selected for SI analysis
End delay calculation. (MEM=2655.16 CPU=0:00:00.0 REAL=0:00:00.0)
End delay calculation (fullDC). (MEM=2655.16 CPU=0:00:00.0 REAL=0:00:00.0)
*** Done Building Timing Graph (cpu=0:00:00.7 real=0:00:01.0 totSessionCpu=0:02:57 mem=2679.2M)

------------------------------------------------------------------
          timeDesign Summary
------------------------------------------------------------------

Setup views included:
 worst 

+--------------------+---------+---------+---------+
|     Setup mode     |   all   | reg2reg | default |
+--------------------+---------+---------+---------+
|           WNS (ns):| 156.948 | 156.948 | 163.757 |
|           TNS (ns):|  0.000  |  0.000  |  0.000  |
|    Violating Paths:|    0    |    0    |    0    |
|          All Paths:|   34    |   25    |   34    |
+--------------------+---------+---------+---------+

+----------------+-------------------------------+------------------+
|                |              Real             |       Total      |
|    DRVs        +------------------+------------+------------------|
|                |  Nr nets(terms)  | Worst Vio  |  Nr nets(terms)  |
+----------------+------------------+------------+------------------+
|   max_cap      |      0 (0)       |   0.000    |      0 (0)       |
|   max_tran     |      0 (0)       |   0.000    |      0 (0)       |
|   max_fanout   |      0 (0)       |     0      |      0 (0)       |
|   max_length   |      0 (0)       |     0      |      0 (0)       |
+----------------+------------------+------------+------------------+

Density: 0.898%
------------------------------------------------------------------
Reported timing to dir ./timingReports
Total CPU time: 1.89 sec
Total Real time: 5.0 sec
Total Memory Usage: 2625.738281 Mbytes
Reset AAE Options
