*** timeDesign #7 [begin] : totSession cpu/real = 0:02:57.4/0:13:43.8 (0.2), mem = 2625.7M
 Reset EOS DB
Ignoring AAE DB Resetting ...
Extraction called for design 'mac_4x4_wrapper_chip' of instances=786 and nets=336 using extraction engine 'postRoute' at effort level 'low' .
PostRoute (effortLevel low) RC Extraction called for design mac_4x4_wrapper_chip.
RC Extraction called in multi-corner(2) mode.
Process corner(s) are loaded.
 Corner: rc_worst
 Corner: rc_best
extractDetailRC Option : -outfile /tmp/innovus_temp_2180281_server3.eced.svnit.ac.in_iep4_8gIajx/mac_4x4_wrapper_chip_2180281_1s0gGF.rcdb.d -maxResLength 200  -extended
RC Mode: PostRoute -effortLevel low [Extended CapTable, RC Table Resistances]
      RC Corner Indexes            0       1   
Capacitance Scaling Factor   : 1.00000 1.00000 
Coupling Cap. Scaling Factor : 1.00000 1.00000 
Resistance Scaling Factor    : 1.00000 1.00000 
Clock Cap. Scaling Factor    : 1.00000 1.00000 
Clock Res. Scaling Factor    : 1.00000 1.00000 
Shrink Factor                : 1.00000
Initializing multi-corner capacitance tables ... 
Initializing multi-corner resistance tables ...
Checking LVS Completed (CPU Time= 0:00:00.0  MEM= 2623.7M)
Extracted 10.0791% (CPU Time= 0:00:00.1  MEM= 2699.3M)
Extracted 20.0593% (CPU Time= 0:00:00.1  MEM= 2699.3M)
Extracted 30.0889% (CPU Time= 0:00:00.1  MEM= 2699.3M)
Extracted 40.0692% (CPU Time= 0:00:00.1  MEM= 2699.3M)
Extracted 50.0988% (CPU Time= 0:00:00.1  MEM= 2699.3M)
Extracted 60.0791% (CPU Time= 0:00:00.1  MEM= 2699.3M)
Extracted 70.0593% (CPU Time= 0:00:00.1  MEM= 2699.3M)
Extracted 80.0889% (CPU Time= 0:00:00.1  MEM= 2699.3M)
Extracted 90.0692% (CPU Time= 0:00:00.1  MEM= 2699.3M)
Extracted 100% (CPU Time= 0:00:00.1  MEM= 2699.3M)
Number of Extracted Resistors     : 3687
Number of Extracted Ground Cap.   : 3798
Number of Extracted Coupling Cap. : 3684
Filtering XCap in 'relativeOnly' mode using values relative_c_threshold=0.03 and total_c_threshold=5fF.
 Corner: rc_worst
 Corner: rc_best
Checking LVS Completed (CPU Time= 0:00:00.0  MEM= 2683.3M)
PostRoute (effortLevel low) RC Extraction DONE (CPU Time: 0:00:00.8  Real Time: 0:00:01.0  MEM: 2676.008M)
Starting delay calculation for Hold views
AAE_INFO: opIsDesignInPostRouteState() is 1
AAE_INFO: resetNetProps viewIdx 1 
Starting SI iteration 1 using Infinite Timing Windows
#################################################################################
# Design Stage: PostRoute
# Design Name: mac_4x4_wrapper_chip
# Design Mode: 180nm
# Analysis Mode: MMMC OCV 
# Parasitics Mode: SPEF/RCDB 
# Signoff Settings: SI On 
#################################################################################
AAE_INFO: 1 threads acquired from CTE.
Start delay calculation (fullDC) (1 T). (MEM=2618.81)
*** Calculating scaling factor for min_timing libraries using the default operating condition of each library.
Initializing multi-corner capacitance tables ... 
Initializing multi-corner resistance tables ...
Total number of fetched objects 336
AAE_INFO: Total number of nets for which stage creation was skipped for all views 0
AAE_INFO-618: Total number of nets in the design is 336,  100.0 percent of the nets selected for SI analysis
Total number of fetched objects 336
AAE_INFO: Total number of nets for which stage creation was skipped for all views 0
AAE_INFO-618: Total number of nets in the design is 336,  100.0 percent of the nets selected for SI analysis
End delay calculation. (MEM=2650.64 CPU=0:00:00.2 REAL=0:00:01.0)
End delay calculation (fullDC). (MEM=2650.64 CPU=0:00:00.3 REAL=0:00:01.0)
Loading CTE timing window with TwFlowType 0...(CPU = 0:00:00.0, REAL = 0:00:00.0, MEM = 2674.6M)
Add other clocks and setupCteToAAEClockMapping during iter 1
Loading CTE timing window is completed (CPU = 0:00:00.0, REAL = 0:00:00.0, MEM = 2674.6M)
Starting SI iteration 2
Start delay calculation (fullDC) (1 T). (MEM=2616.76)
Glitch Analysis: View best -- Total Number of Nets Skipped = 0. 
Glitch Analysis: View best -- Total Number of Nets Analyzed = 0. 
Total number of fetched objects 336
AAE_INFO: Total number of nets for which stage creation was skipped for all views 0
AAE_INFO-618: Total number of nets in the design is 336,  0.0 percent of the nets selected for SI analysis
Total number of fetched objects 336
AAE_INFO: Total number of nets for which stage creation was skipped for all views 0
AAE_INFO-618: Total number of nets in the design is 336,  0.0 percent of the nets selected for SI analysis
End delay calculation. (MEM=2658.94 CPU=0:00:00.0 REAL=0:00:00.0)
End delay calculation (fullDC). (MEM=2658.94 CPU=0:00:00.0 REAL=0:00:00.0)
*** Done Building Timing Graph (cpu=0:00:00.6 real=0:00:01.0 totSessionCpu=0:02:59 mem=2682.9M)

------------------------------------------------------------------
          timeDesign Summary
------------------------------------------------------------------

Hold views included:
 best 

+--------------------+---------+---------+---------+
|     Hold mode      |   all   | reg2reg | default |
+--------------------+---------+---------+---------+
|           WNS (ns):|  0.471  |  0.784  |  0.471  |
|           TNS (ns):|  0.000  |  0.000  |  0.000  |
|    Violating Paths:|    0    |    0    |    0    |
|          All Paths:|   34    |   25    |   34    |
+--------------------+---------+---------+---------+

Density: 0.898%
------------------------------------------------------------------
Reported timing to dir ./timingReports
Total CPU time: 1.82 sec
Total Real time: 2.0 sec
Total Memory Usage: 2592.210938 Mbytes
Reset AAE Options
