\o Program:		@(#)$CDS: cdsLibEditor version 6.1.8 - CAT37 10/18/2022 20:13 (sjfdcl1032) $
\o Sub version:		sub-version  s292 
\o Arguments:		-cdslib /home/iep4/projects/user4/work_libs/iep4/cds/cds.lib -mpssession virtuoso861377 -mpshost server3.eced.svnit.ac.in -mpsversion 6.18 
\o Working Directory:	server3.eced.svnit.ac.in:/home/iep4/projects/user4/work_libs/iep4/cds
\o 64-bit offsets
\a nrSetWindowVisibility(cdsLibEditor "show")
\o Qt version: 		5.9.1
\a nrSetCurrentWindow(cdsLibEditor)
\a nrResizeWindow(cdsLibEditor list(190 213 500 400))
\a nrResizeWindow(cdsLibEditor list(190 213 803 591))
\a nrListItemAction(cdsLibEditor->mainTable 31 1)
\o Active cell: 31 1 ""
\a nrListItemRename(cdsLibEditor->mainTable, 31 1 "/home/iep4/projects/user4/work_libs/iep4/cds/LogicCells_characterization")
\a nrListItemAction(cdsLibEditor->mainTable 31 0)
\o Active cell: 31 0 ""
\a nrListItemRename(cdsLibEditor->mainTable, 31 0 "LogicCells_characterization")
\a nrSetWindowVisibility(needCreateDialog "show")
\a nrListItemAction(cdsLibEditor->mainTable 25 1)
\o Active cell: 25 1 "/tools/cadence/IC618/tools/dfII/samples/cdslib/sample"
\a nrResizeWindow(needCreateDialog list(207 378 748 180))
\a nrSetCurrentWindow(needCreateDialog)
\a needCreateDialog->yesButton->value = t
\a newLibraryDialog->filePathComboBox->value = "/home/iep4/projects/user4/work_libs/iep4/cds"
\a newLibraryDialog->libraryName->value = "LogicCells_characterization"
\a newLibraryDialog->useMappedName->value = nil
\a nrSetWindowVisibility(newLibraryDialog "show")
\a nrResizeWindow(newLibraryDialog list(0 0 531 513))
\a nrSetCurrentWindow(newLibraryDialog)
\a nrResizeWindow(newLibraryDialog list(8 31 531 513))
\a newLibraryDialog->cancelButton->value = t
\a nrSetCurrentWindow(cdsLibEditor)
\a nrListItemAction(cdsLibEditor->mainTable 31 0)
\o Active cell: 31 0 "LogicCells_characterization"
\a cdsLibEditor->editDeletePopupButton->value = t
\a nrListItemAction(cdsLibEditor->mainTable 31 1)
\o Active cell: 31 1 "/home/iep4/projects/user4/work_libs/iep4/cds/LogicCells_characterization"
\a nrListItemAction(cdsLibEditor->mainTable 30 1)
\o Active cell: 30 1 "/home/iep4/projects/user4/work_libs/iep4/cds/myscl180"
\a nrSetCurrentWindow(cdsLibEditor)
\a nrListItemAction(cdsLibEditor->mainTable 31 1)
\o Active cell: 31 1 ""
\a nrListItemRename(cdsLibEditor->mainTable, 31 1 "/home/iep4/projects/user4/work_libs/iep4/cds/LogicCells_characterization/LogicCells")
\a nrListItemAction(cdsLibEditor->mainTable 31 0)
\o Active cell: 31 0 ""
\a nrListItemRename(cdsLibEditor->mainTable, 31 0 "LogicCells")
\o QUESTION (CLE-210): Library "LogicCells" has already been defined.\nWould you like to replace the definition with this one? 
\a nrSetWindowVisibility(genericDialog "show")
\a nrListItemAction(cdsLibEditor->mainTable 24 1)
\o Active cell: 24 1 "/home/iep4/projects/user4/work_libs/iep4/cds/C2S0233"
\a nrSetCurrentWindow(genericDialog)
\a nrResizeWindow(genericDialog list(406 394 350 148))
\a genericDialog->genericYesButton->value = t
\a nrSetCurrentWindow(cdsLibEditor)
\o QUESTION (CLE-205): You have made changes which have not been saved. \n\nWould you like to save your changes? 
\a nrSetWindowVisibility(needSaveDialog "show")
\a nrSetCurrentWindow(needSaveDialog)
\a nrResizeWindow(needSaveDialog list(397 400 369 136))
\a needSaveDialog->yesButton->value = t
\a exit(0)
