\o Program:		@(#)$CDS: libManager version 6.1.8 - CAT37 10/18/2022 20:11 (sjfdcl1032) $
\o Sub version:		sub-version  s292 
\o Arguments:		-unmapped -mpssession virtuoso3269002 -mpshost server3.eced.svnit.ac.in 
\o Working Directory:	server3.eced.svnit.ac.in:/home/iep4/projects/user4/work_libs/iep4/cds
\o 64-bit offsets
\o Qt version: 		5.9.1
\o changeWorkingDir("/home/iep4/projects/user4/work_libs/iep4/cds") unnecessary.
\o ddSetForcedLib("") unnecessary.
\o Log file is "/home/iep4/projects/user4/work_libs/iep4/cds/libManager.log".
\o Opening libManager window.
\a nrSetWindowVisibility(cdsLibManager "show")
\o MPS service: map window
\o Library Manager customization server connected.
\a nrResizeWindow(cdsLibManager list(198 162 763 616))
\a nrSetCurrentWindow(cdsLibManager)
\a nrSetCurrentWindow(cdsLibManager)
\a nrSetCurrentWindow(cdsLibManager)
\a cdsLibManager->libListBox->value = "ts018_scl_prim"
\a cdsLibManager->libLineEdit->value = "ts018_scl_prim"
\a nrSetCurrentWindow(cdsLibManager)
\a nrSetCurrentWindow(cdsLibManager)
\a nrSetWindowVisibility(cdsLibManager "hide")
\a _lmgrCloseIconify("cdsLibManager" 1)
\a nrSetWindowVisibility(cdsLibManager "show")
\a _lmgrCloseIconify("cdsLibManager" 0)
\a nrSetWindowVisibility(cdsLibManager "hide")
\a _lmgrCloseIconify("cdsLibManager" 1)
\a nrSetCurrentWindow(cdsLibManager)
\a nrSetWindowVisibility(cdsLibManager "show")
\a _lmgrCloseIconify("cdsLibManager" 0)
\a nrSetWindowVisibility(cdsLibManager "hide")
\a _lmgrCloseIconify("cdsLibManager" 1)
\a nrSetWindowVisibility(cdsLibManager "show")
\a _lmgrCloseIconify("cdsLibManager" 0)
\a cdsLibManager->fileExitButton->value = t
\o libManager is exiting.
\a exit(0)
