********************************************************************************
Product   : Virtuoso(R) XStream Out
Program   : @(#)$CDS: strmout version 6.1.8-64b 11/15/2022 19:27 (cpgbld01) $
          : sub-version  IC6.1.8-64b.500.29 
Started at: 24-Jun-2026  15:04:20
User Name : iep4
Host Name : server3.eced.svnit.ac.in
Directory : /home/iep4/projects/user4/work_libs/iep4/cds
CADENCE Design Systems, Inc.
********************************************************************************
Info: Cellview Rev Num:99,  Tech Rev Num:59

WARNING (XSTRM-20): Output Stream file 'inverter.gds' already exists. It will be overwritten.
INFO (XSTRM-217): Reading the layer map file, /home/iep4/projects/user4/cds_master/SCLSL18_6M1L/ts018_scl_prim/ts018_scl_prim.layermap
INFO (XSTRM-217): Reading the object map file, /home/iep4/projects/user4/cds_master/SCLSL18_6M1L/ts018_scl_prim/ts018_scl_prim.objectmap
INFO (XSTRM-274): To improve performance of flattening Pcell instances the preserving Pcell pins is not done during XStream Out. This is because preserving Pcell pins is not required as the value 'geometry' or 'ignore' is specified for the Convert Pin To option.
INFO (XSTRM-162): You have not used the '-viaMap' option. If the OpenAccess design has native oaVia instances, use the '-viaMap' option for preserving oaVia instances in a XStream Out - XStream In round trip. Using the '-viaMap' option improves performance and VM usage of applications using the Streamed-In design.

Summary of Options :
library                                 LogicCells
strmFile                                inverter.gds
topCell                                 inverter
view                                    layout
logFile                                 strmOut.log
techLib                                 ts018_scl_prim
layerMap                                /home/iep4/projects/user4/cds_master/SCLSL18_6M1L/ts018_scl_prim/ts018_scl_prim.layermap
objectMap                                /home/iep4/projects/user4/cds_master/SCLSL18_6M1L/ts018_scl_prim/ts018_scl_prim.objectmap
case                                    Preserve
convertDot                              node
flattenPcells

INFO (XSTRM-223): 1. Translating stdVia myscl180/PTAP_LG/layout as STRUCTURE PTAP_LG_CDNS_782293660280.
INFO (XSTRM-223): 2. Translating stdVia myscl180/M1_PO/layout as STRUCTURE M1_PO_CDNS_782293660281.
INFO (XSTRM-223): 3. Translating stdVia myscl180/M1_WN/layout as STRUCTURE M1_WN_CDNS_782293660282.
INFO (XSTRM-223): 4. Translating cellView LogicCells/inverter/layout as STRUCTURE inverter.
WARNING (XSTRM-154): The object map file does not contain any mapping for the OpenAccess object 'Marker' and the sub-object 'annotation'. Therefore, these objects in the design will not be translated. To enable the translation of these objects in the Stream file, provide a valid mapping in the object map file.

Summary of Objects Translated:
	Scalar Instances:                       0
	Array Instances:                        0
	Polygons:                               0
	Paths:                                  0
	Rectangles:                             54
	Lines:                                  0
	Arcs:                                   0
	Donuts:                                 0
	Dots:                                   0
	Ellipses:                               0
	Boundaries:                             0
	Area Blockages:                         0
	Layer Blockages:                        0
	Area Halos:                             0
	Markers:                                0
	Rows:                                   0
	Standard Vias                           3
	Custom Vias:                            0
	CdsGen Vias:                            0
	Pathsegs:                               8
	Text:                                   10
	TextDisplay:                            0
	Cells:                                  4

Elapsed Time: 1.3s   User Time: 0.2s   CPU Time: 0.0s   Peak VM: 14932KB
INFO (XSTRM-234): Translation completed. '0' error(s) and '2' warning(s) found.
