********************************************************************************
Product   : Virtuoso(R) XStream In
Program   : @(#)$CDS: strmin version 6.1.8-64b 11/15/2022 19:26 (cpgbld01) $
          : sub-version  IC6.1.8-64b.500.29 
Started at: 25-Jun-2026  10:22:49
User Name : iep4
Host Name : server3.eced.svnit.ac.in
Directory : /home/iep4/projects/user4/work_libs/iep4/cds
CADENCE Design Systems, Inc.
********************************************************************************
Info: Cellview Rev Num:99,  Tech Rev Num:59

WARNING (XSTRM-72): The 'Load ASCII tech file' and 'Attach Technology Library' options have been used together. The 'Load ASCII tech file' option will be ignored.
WARNING (XSTRM-75): Target library 'cio150pads' is attached to the technology library 'ts018_scl_prim'. Therefore, the technology file is opened in read-only mode. All the undefined layer-purpose pairs will be dropped.
WARNING (XSTRM-107): Existing cells in the target library will be overwritten if the cell names in the Stream file and the target library are the same. To prevent this, set the '-writeMode' option to 'noOverwrite'.
INFO (XSTRM-217): Reading the layer map file, /home/iep4/projects/user4/cds_master/SCLSL18_6M1L/ts018_scl_prim/ts018_scl_prim.layermap
INFO (XSTRM-217): Reading the object map file, /home/iep4/projects/user4/cds_master/SCLSL18_6M1L/ts018_scl_prim/ts018_scl_prim.objectmap
WARNING (XSTRM-155): Ignoring the Stream layer-datatype pair '235:0' at row '1' in the object map file '/home/iep4/projects/user4/cds_master/SCLSL18_6M1L/ts018_scl_prim/ts018_scl_prim.objectmap' because it is also defined in the layer map file. Additionally, shapes in GDS on '235:0' with properties indicating they were translated from objects in the OpenAccess database will be translated back to objects. The remaining shapes will be translated to shapes.
INFO (XSTRM-163): You have not used the '-viaMap' option. If a viaMap file, corresponding technology file or technology library exist, then use the '-viaMap' option for creating oaVia instances in the Streamed-In library. Using the '-viaMap' option improves performance and VM usage of applications using the Streamed-In design.

Summary of Options:
	library				cio150pads
	strmFile			/tools/sclpdk_new/SCLPDK_V3.0_KIT/scl180/iopad/cio150/6M1L/gds/tsl18cio150_6lm.gds
	logFile				strmIn.log
	view				layout
	case				Preserve
	layerMap			/home/iep4/projects/user4/cds_master/SCLSL18_6M1L/ts018_scl_prim/ts018_scl_prim.layermap
	propSeparator			,
	attachTechFileOfLib				ts018_scl_prim
	objectMap			 /home/iep4/projects/user4/cds_master/SCLSL18_6M1L/ts018_scl_prim/ts018_scl_prim.objectmap

INFO (XSTRM-220): 1. Translating STRUCTURE subil_m_cc as cellView cio150pads/subil_m_cc/layout.
INFO (XSTRM-220): 2. Translating STRUCTURE asubil_leaf as cellView cio150pads/asubil_leaf/layout.
INFO (XSTRM-220): 3. Translating STRUCTURE apfeedendringl as cellView cio150pads/apfeedendringl/layout.
INFO (XSTRM-220): 4. Translating STRUCTURE subil_m_via2 as cellView cio150pads/subil_m_via2/layout.
INFO (XSTRM-220): 5. Translating STRUCTURE subil_m_via as cellView cio150pads/subil_m_via/layout.
INFO (XSTRM-220): 6. Translating STRUCTURE asubil_pdblock as cellView cio150pads/asubil_pdblock/layout.
INFO (XSTRM-220): 7. Translating STRUCTURE asubil_ppgatering as cellView cio150pads/asubil_ppgatering/layout.
INFO (XSTRM-220): 8. Translating STRUCTURE asubil_ppgate2bufftop as cellView cio150pads/asubil_ppgate2bufftop/layout.
INFO (XSTRM-220): 9. Translating STRUCTURE asubil_ppgatebuff as cellView cio150pads/asubil_ppgatebuff/layout.
INFO (XSTRM-220): 10. Translating STRUCTURE asubil_ppgate2buff as cellView cio150pads/asubil_ppgate2buff/layout.
INFO (XSTRM-220): 11. Translating STRUCTURE asubil_ppgatebotring as cellView cio150pads/asubil_ppgatebotring/layout.
INFO (XSTRM-220): 12. Translating STRUCTURE asubil_ppgate2buffend as cellView cio150pads/asubil_ppgate2buffend/layout.
INFO (XSTRM-220): 13. Translating STRUCTURE asubil_ppbuff as cellView cio150pads/asubil_ppbuff/layout.
INFO (XSTRM-220): 14. Translating STRUCTURE asubil_pcd21con as cellView cio150pads/asubil_pcd21con/layout.
INFO (XSTRM-220): 15. Translating STRUCTURE asubil_ananwell as cellView cio150pads/asubil_ananwell/layout.
INFO (XSTRM-220): 16. Translating STRUCTURE asubil_iorule as cellView cio150pads/asubil_iorule/layout.
INFO (XSTRM-220): 17. Translating STRUCTURE subil_m_via5 as cellView cio150pads/subil_m_via5/layout.
INFO (XSTRM-220): 18. Translating STRUCTURE subil_m_via4 as cellView cio150pads/subil_m_via4/layout.
INFO (XSTRM-220): 19. Translating STRUCTURE subil_m_via3 as cellView cio150pads/subil_m_via3/layout.
INFO (XSTRM-220): 20. Translating STRUCTURE asubil_powermetal as cellView cio150pads/asubil_powermetal/layout.
INFO (XSTRM-220): 21. Translating STRUCTURE asubil_preside as cellView cio150pads/asubil_preside/layout.
INFO (XSTRM-220): 22. Translating STRUCTURE asubil_ppdrive as cellView cio150pads/asubil_ppdrive/layout.
INFO (XSTRM-220): 23. Translating STRUCTURE subil_m_ccp as cellView cio150pads/subil_m_ccp/layout.
INFO (XSTRM-220): 24. Translating STRUCTURE rpmpoly2t$$44660780 as cellView cio150pads/rpmpoly2t$$44660780/layout.
INFO (XSTRM-220): 25. Translating STRUCTURE asubil_pp18input01 as cellView cio150pads/asubil_pp18input01/layout.
INFO (XSTRM-220): 26. Translating STRUCTURE asubil_vddring as cellView cio150pads/asubil_vddring/layout.
INFO (XSTRM-220): 27. Translating STRUCTURE subil_p18vdd32 as cellView cio150pads/subil_p18vdd32/layout.
INFO (XSTRM-220): 28. Translating STRUCTURE asubil_vddcell1 as cellView cio150pads/asubil_vddcell1/layout.
INFO (XSTRM-220): 29. Translating STRUCTURE asubil_pp18esd as cellView cio150pads/asubil_pp18esd/layout.
INFO (XSTRM-220): 30. Translating STRUCTURE asubil_pdiodepower as cellView cio150pads/asubil_pdiodepower/layout.
INFO (XSTRM-220): 31. Translating STRUCTURE asubil_dio2 as cellView cio150pads/asubil_dio2/layout.
INFO (XSTRM-220): 32. Translating STRUCTURE asubil_pddrive01 as cellView cio150pads/asubil_pddrive01/layout.
INFO (XSTRM-220): 33. Translating STRUCTURE subil_nwellres as cellView cio150pads/subil_nwellres/layout.
INFO (XSTRM-220): 34. Translating STRUCTURE asubil_pdwellbias as cellView cio150pads/asubil_pdwellbias/layout.
INFO (XSTRM-220): 35. Translating STRUCTURE subil_ppolyres as cellView cio150pads/subil_ppolyres/layout.
INFO (XSTRM-220): 36. Translating STRUCTURE asubil_pdbuffcon as cellView cio150pads/asubil_pdbuffcon/layout.
INFO (XSTRM-220): 37. Translating STRUCTURE subil_pngatebuff as cellView cio150pads/subil_pngatebuff/layout.
INFO (XSTRM-220): 38. Translating STRUCTURE subil_pngate2buff as cellView cio150pads/subil_pngate2buff/layout.
INFO (XSTRM-220): 39. Translating STRUCTURE asubil_pngatering as cellView cio150pads/asubil_pngatering/layout.
INFO (XSTRM-220): 40. Translating STRUCTURE asubil_pnbuff as cellView cio150pads/asubil_pnbuff/layout.
INFO (XSTRM-220): 41. Translating STRUCTURE subil_cornerarray as cellView cio150pads/subil_cornerarray/layout.
INFO (XSTRM-220): 42. Translating STRUCTURE subil_via2array as cellView cio150pads/subil_via2array/layout.
INFO (XSTRM-220): 43. Translating STRUCTURE subil_via1array as cellView cio150pads/subil_via1array/layout.
INFO (XSTRM-220): 44. Translating STRUCTURE subil_padmetal as cellView cio150pads/subil_padmetal/layout.
INFO (XSTRM-220): 45. Translating STRUCTURE subil_psegment as cellView cio150pads/subil_psegment/layout.
INFO (XSTRM-220): 46. Translating STRUCTURE subil_pad as cellView cio150pads/subil_pad/layout.
INFO (XSTRM-220): 47. Translating STRUCTURE apc3d01 as cellView cio150pads/apc3d01/layout.
INFO (XSTRM-220): 48. Translating STRUCTURE apfeedendringr as cellView cio150pads/apfeedendringr/layout.
INFO (XSTRM-220): 49. Translating STRUCTURE tsl18cio150_6lm_ab_apc3d01 as cellView cio150pads/tsl18cio150_6lm_ab_apc3d01/layout.
INFO (XSTRM-220): 50. Translating STRUCTURE apfeed00010 as cellView cio150pads/apfeed00010/layout.
INFO (XSTRM-220): 51. Translating STRUCTURE tsl18cio150_6lm_ab_apfeed00010 as cellView cio150pads/tsl18cio150_6lm_ab_apfeed00010/layout.
INFO (XSTRM-220): 52. Translating STRUCTURE apfeed00040 as cellView cio150pads/apfeed00040/layout.
INFO (XSTRM-220): 53. Translating STRUCTURE tsl18cio150_6lm_ab_apfeed00040 as cellView cio150pads/tsl18cio150_6lm_ab_apfeed00040/layout.
INFO (XSTRM-220): 54. Translating STRUCTURE apfeed00120 as cellView cio150pads/apfeed00120/layout.
INFO (XSTRM-220): 55. Translating STRUCTURE tsl18cio150_6lm_ab_apfeed00120 as cellView cio150pads/tsl18cio150_6lm_ab_apfeed00120/layout.
INFO (XSTRM-220): 56. Translating STRUCTURE apfeed00540 as cellView cio150pads/apfeed00540/layout.
INFO (XSTRM-220): 57. Translating STRUCTURE tsl18cio150_6lm_ab_apfeed00540 as cellView cio150pads/tsl18cio150_6lm_ab_apfeed00540/layout.
INFO (XSTRM-220): 58. Translating STRUCTURE apfeed01000 as cellView cio150pads/apfeed01000/layout.
INFO (XSTRM-220): 59. Translating STRUCTURE tsl18cio150_6lm_ab_apfeed01000 as cellView cio150pads/tsl18cio150_6lm_ab_apfeed01000/layout.
INFO (XSTRM-220): 60. Translating STRUCTURE apfeed02000 as cellView cio150pads/apfeed02000/layout.
INFO (XSTRM-220): 61. Translating STRUCTURE tsl18cio150_6lm_ab_apfeed02000 as cellView cio150pads/tsl18cio150_6lm_ab_apfeed02000/layout.
INFO (XSTRM-220): 62. Translating STRUCTURE apfeed10000 as cellView cio150pads/apfeed10000/layout.
INFO (XSTRM-220): 63. Translating STRUCTURE tsl18cio150_6lm_ab_apfeed10000 as cellView cio150pads/tsl18cio150_6lm_ab_apfeed10000/layout.
INFO (XSTRM-220): 64. Translating STRUCTURE apfeed30000 as cellView cio150pads/apfeed30000/layout.
INFO (XSTRM-220): 65. Translating STRUCTURE tsl18cio150_6lm_ab_apfeed30000 as cellView cio150pads/tsl18cio150_6lm_ab_apfeed30000/layout.
INFO (XSTRM-220): 66. Translating STRUCTURE asubil_midconer2 as cellView cio150pads/asubil_midconer2/layout.
INFO (XSTRM-220): 67. Translating STRUCTURE apfrelr as cellView cio150pads/apfrelr/layout.
INFO (XSTRM-220): 68. Translating STRUCTURE tsl18cio150_6lm_ab_apfrelr as cellView cio150pads/tsl18cio150_6lm_ab_apfrelr/layout.
INFO (XSTRM-220): 69. Translating STRUCTURE cnwnmos_thn2t$$44657708 as cellView cio150pads/cnwnmos_thn2t$$44657708/layout.
INFO (XSTRM-220): 70. Translating STRUCTURE asubil_pcappower as cellView cio150pads/asubil_pcappower/layout.
INFO (XSTRM-220): 71. Translating STRUCTURE subil_pdiodepower as cellView cio150pads/subil_pdiodepower/layout.
INFO (XSTRM-220): 72. Translating STRUCTURE asubil_powerbase_ESD as cellView cio150pads/asubil_powerbase_ESD/layout.
INFO (XSTRM-220): 73. Translating STRUCTURE asubil_powermetalring_ESD as cellView cio150pads/asubil_powermetalring_ESD/layout.
INFO (XSTRM-220): 74. Translating STRUCTURE subil_presistorpower as cellView cio150pads/subil_presistorpower/layout.
INFO (XSTRM-220): 75. Translating STRUCTURE asubil_powerbaseconvsso_ESD as cellView cio150pads/asubil_powerbaseconvsso_ESD/layout.
INFO (XSTRM-220): 76. Translating STRUCTURE subil_4via as cellView cio150pads/subil_4via/layout.
INFO (XSTRM-220): 77. Translating STRUCTURE asubil_pv0acon_ESD as cellView cio150pads/asubil_pv0acon_ESD/layout.
INFO (XSTRM-220): 78. Translating STRUCTURE subil_pngatering as cellView cio150pads/subil_pngatering/layout.
INFO (XSTRM-220): 79. Translating STRUCTURE subil_pngatebuff_ESD as cellView cio150pads/subil_pngatebuff_ESD/layout.
INFO (XSTRM-220): 80. Translating STRUCTURE subil_pngate2buff_ESD as cellView cio150pads/subil_pngate2buff_ESD/layout.
INFO (XSTRM-220): 81. Translating STRUCTURE subil_pnbuff_ESD as cellView cio150pads/subil_pnbuff_ESD/layout.
INFO (XSTRM-220): 82. Translating STRUCTURE subil_pvblockcell as cellView cio150pads/subil_pvblockcell/layout.
INFO (XSTRM-220): 83. Translating STRUCTURE asubil_ppgateringpower as cellView cio150pads/asubil_ppgateringpower/layout.
INFO (XSTRM-220): 84. Translating STRUCTURE asubil_ppgatebuffpower as cellView cio150pads/asubil_ppgatebuffpower/layout.
INFO (XSTRM-220): 85. Translating STRUCTURE asubil_ppgate2buffpower as cellView cio150pads/asubil_ppgate2buffpower/layout.
INFO (XSTRM-220): 86. Translating STRUCTURE asubil_ppgatebotringpower as cellView cio150pads/asubil_ppgatebotringpower/layout.
INFO (XSTRM-220): 87. Translating STRUCTURE asubil_ppbuffpower as cellView cio150pads/asubil_ppbuffpower/layout.
INFO (XSTRM-220): 88. Translating STRUCTURE asubil_iorulepower as cellView cio150pads/asubil_iorulepower/layout.
INFO (XSTRM-220): 89. Translating STRUCTURE apv0a as cellView cio150pads/apv0a/layout.
INFO (XSTRM-220): 90. Translating STRUCTURE tsl18cio150_6lm_ab_apv0a as cellView cio150pads/tsl18cio150_6lm_ab_apv0a/layout.
INFO (XSTRM-220): 91. Translating STRUCTURE asubil_powerbaseconvsso_ESD_i as cellView cio150pads/asubil_powerbaseconvsso_ESD_i/layout.
INFO (XSTRM-220): 92. Translating STRUCTURE asubil_powermetalring_ESD_i as cellView cio150pads/asubil_powermetalring_ESD_i/layout.
INFO (XSTRM-220): 93. Translating STRUCTURE asubil_powerbase_ESD_i as cellView cio150pads/asubil_powerbase_ESD_i/layout.
INFO (XSTRM-220): 94. Translating STRUCTURE asubil_pv0icon_ESD as cellView cio150pads/asubil_pv0icon_ESD/layout.
INFO (XSTRM-220): 95. Translating STRUCTURE subil_pviblockcell as cellView cio150pads/subil_pviblockcell/layout.
INFO (XSTRM-220): 96. Translating STRUCTURE subil_pngatebuff_ESD22 as cellView cio150pads/subil_pngatebuff_ESD22/layout.
INFO (XSTRM-220): 97. Translating STRUCTURE subil_pngate2buff_ESD22 as cellView cio150pads/subil_pngate2buff_ESD22/layout.
INFO (XSTRM-220): 98. Translating STRUCTURE subil_pngatering_ESD22 as cellView cio150pads/subil_pngatering_ESD22/layout.
INFO (XSTRM-220): 99. Translating STRUCTURE subil_pnbuff_ESD22 as cellView cio150pads/subil_pnbuff_ESD22/layout.
INFO (XSTRM-220): 100. Translating STRUCTURE asubil_ppgateringpower0di as cellView cio150pads/asubil_ppgateringpower0di/layout.
INFO (XSTRM-220): 101. Translating STRUCTURE asubil_ppgatebotringpower0di as cellView cio150pads/asubil_ppgatebotringpower0di/layout.
INFO (XSTRM-220): 102. Translating STRUCTURE asubil_ppgatebuffpower0di_ESD22 as cellView cio150pads/asubil_ppgatebuffpower0di_ESD22/layout.
INFO (XSTRM-220): 103. Translating STRUCTURE asubil_ppgate2buffpower0di_ESD22 as cellView cio150pads/asubil_ppgate2buffpower0di_ESD22/layout.
INFO (XSTRM-220): 104. Translating STRUCTURE asubil_ppbuffpower0di_ESD22 as cellView cio150pads/asubil_ppbuffpower0di_ESD22/layout.
INFO (XSTRM-220): 105. Translating STRUCTURE apv0i as cellView cio150pads/apv0i/layout.
INFO (XSTRM-220): 106. Translating STRUCTURE tsl18cio150_6lm_ab_apv0i as cellView cio150pads/tsl18cio150_6lm_ab_apv0i/layout.
INFO (XSTRM-220): 107. Translating STRUCTURE asubil_pvdacon_ESD_da as cellView cio150pads/asubil_pvdacon_ESD_da/layout.
INFO (XSTRM-220): 108. Translating STRUCTURE asubil_powerbase_ESD_da as cellView cio150pads/asubil_powerbase_ESD_da/layout.
INFO (XSTRM-220): 109. Translating STRUCTURE asubil_powerbasecon_ESD_da as cellView cio150pads/asubil_powerbasecon_ESD_da/layout.
INFO (XSTRM-220): 110. Translating STRUCTURE asubil_powermetalring_ESD_da as cellView cio150pads/asubil_powermetalring_ESD_da/layout.
INFO (XSTRM-220): 111. Translating STRUCTURE subil_pngatebuff_ESD1 as cellView cio150pads/subil_pngatebuff_ESD1/layout.
INFO (XSTRM-220): 112. Translating STRUCTURE subil_pngate2buff_ESD1 as cellView cio150pads/subil_pngate2buff_ESD1/layout.
INFO (XSTRM-220): 113. Translating STRUCTURE subil_pnbuff_ESD1 as cellView cio150pads/subil_pnbuff_ESD1/layout.
INFO (XSTRM-220): 114. Translating STRUCTURE apvda as cellView cio150pads/apvda/layout.
INFO (XSTRM-220): 115. Translating STRUCTURE tsl18cio150_6lm_ab_apvda as cellView cio150pads/tsl18cio150_6lm_ab_apvda/layout.
INFO (XSTRM-220): 116. Translating STRUCTURE subil_3via as cellView cio150pads/subil_3via/layout.
INFO (XSTRM-220): 117. Translating STRUCTURE asubil_pvdicon_ESD_di as cellView cio150pads/asubil_pvdicon_ESD_di/layout.
INFO (XSTRM-220): 118. Translating STRUCTURE asubil_powerbasecon_ESD_di as cellView cio150pads/asubil_powerbasecon_ESD_di/layout.
INFO (XSTRM-220): 119. Translating STRUCTURE asubil_powermetalring_ESD_di as cellView cio150pads/asubil_powermetalring_ESD_di/layout.
INFO (XSTRM-220): 120. Translating STRUCTURE asubil_powerbase_ESD_di as cellView cio150pads/asubil_powerbase_ESD_di/layout.
INFO (XSTRM-220): 121. Translating STRUCTURE subil_pngatebuff_ESD122 as cellView cio150pads/subil_pngatebuff_ESD122/layout.
INFO (XSTRM-220): 122. Translating STRUCTURE subil_pngate2buff_ESD122 as cellView cio150pads/subil_pngate2buff_ESD122/layout.
INFO (XSTRM-220): 123. Translating STRUCTURE subil_pngatering22 as cellView cio150pads/subil_pngatering22/layout.
INFO (XSTRM-220): 124. Translating STRUCTURE subil_pnbuff_ESD122 as cellView cio150pads/subil_pnbuff_ESD122/layout.
INFO (XSTRM-220): 125. Translating STRUCTURE apvdi as cellView cio150pads/apvdi/layout.
INFO (XSTRM-220): 126. Translating STRUCTURE tsl18cio150_6lm_ab_apvdi as cellView cio150pads/tsl18cio150_6lm_ab_apvdi/layout.
INFO (XSTRM-220): 127. Translating STRUCTURE subil_blockcell as cellView cio150pads/subil_blockcell/layout.
INFO (XSTRM-220): 128. Translating STRUCTURE subil_ppgatering as cellView cio150pads/subil_ppgatering/layout.
INFO (XSTRM-220): 129. Translating STRUCTURE subil_ppgate2bufftop as cellView cio150pads/subil_ppgate2bufftop/layout.
INFO (XSTRM-220): 130. Translating STRUCTURE subil_ppgatebuff as cellView cio150pads/subil_ppgatebuff/layout.
INFO (XSTRM-220): 131. Translating STRUCTURE subil_ppgate2buff as cellView cio150pads/subil_ppgate2buff/layout.
INFO (XSTRM-220): 132. Translating STRUCTURE subil_ppgatebotring as cellView cio150pads/subil_ppgatebotring/layout.
INFO (XSTRM-220): 133. Translating STRUCTURE subil_ppgate2buffend as cellView cio150pads/subil_ppgate2buffend/layout.
INFO (XSTRM-220): 134. Translating STRUCTURE subil_ppbuff as cellView cio150pads/subil_ppbuff/layout.
INFO (XSTRM-220): 135. Translating STRUCTURE subil_iorule as cellView cio150pads/subil_iorule/layout.
INFO (XSTRM-220): 136. Translating STRUCTURE subil_n100 as cellView cio150pads/subil_n100/layout.
INFO (XSTRM-220): 137. Translating STRUCTURE subil_ppwellbias as cellView cio150pads/subil_ppwellbias/layout.
INFO (XSTRM-220): 138. Translating STRUCTURE subil_powermetal as cellView cio150pads/subil_powermetal/layout.
INFO (XSTRM-220): 139. Translating STRUCTURE subil_pcb01con as cellView cio150pads/subil_pcb01con/layout.
INFO (XSTRM-220): 140. Translating STRUCTURE subil_preside as cellView cio150pads/subil_preside/layout.
INFO (XSTRM-220): 141. Translating STRUCTURE subil_ppdrive as cellView cio150pads/subil_ppdrive/layout.
INFO (XSTRM-220): 142. Translating STRUCTURE subil_pp18esd as cellView cio150pads/subil_pp18esd/layout.
INFO (XSTRM-220): 143. Translating STRUCTURE subil_vddring as cellView cio150pads/subil_vddring/layout.
INFO (XSTRM-220): 144. Translating STRUCTURE subil_p32vdd as cellView cio150pads/subil_p32vdd/layout.
INFO (XSTRM-220): 145. Translating STRUCTURE subil_p18vdd as cellView cio150pads/subil_p18vdd/layout.
INFO (XSTRM-220): 146. Translating STRUCTURE subil_vddcell as cellView cio150pads/subil_vddcell/layout.
INFO (XSTRM-220): 147. Translating STRUCTURE subil_pp18oencntl1x as cellView cio150pads/subil_pp18oencntl1x/layout.
INFO (XSTRM-220): 148. Translating STRUCTURE subil_pp18input01 as cellView cio150pads/subil_pp18input01/layout.
INFO (XSTRM-220): 149. Translating STRUCTURE subil_pp18bulkdrv as cellView cio150pads/subil_pp18bulkdrv/layout.
INFO (XSTRM-220): 150. Translating STRUCTURE subil_levelshifti as cellView cio150pads/subil_levelshifti/layout.
INFO (XSTRM-220): 151. Translating STRUCTURE subil_levelshift as cellView cio150pads/subil_levelshift/layout.
INFO (XSTRM-220): 152. Translating STRUCTURE subil_pbdrive01 as cellView cio150pads/subil_pbdrive01/layout.
INFO (XSTRM-220): 153. Translating STRUCTURE subil_pbbuffcon as cellView cio150pads/subil_pbbuffcon/layout.
INFO (XSTRM-220): 154. Translating STRUCTURE subil_pnbuff as cellView cio150pads/subil_pnbuff/layout.
INFO (XSTRM-220): 155. Translating STRUCTURE pc3b01 as cellView cio150pads/pc3b01/layout.
INFO (XSTRM-220): 156. Translating STRUCTURE pfeedendringl as cellView cio150pads/pfeedendringl/layout.
INFO (XSTRM-220): 157. Translating STRUCTURE pfeedendringr as cellView cio150pads/pfeedendringr/layout.
INFO (XSTRM-220): 158. Translating STRUCTURE tsl18cio150_6lm_ab_pc3b01 as cellView cio150pads/tsl18cio150_6lm_ab_pc3b01/layout.
INFO (XSTRM-220): 159. Translating STRUCTURE subil_pulldown as cellView cio150pads/subil_pulldown/layout.
INFO (XSTRM-220): 160. Translating STRUCTURE pc3b01d as cellView cio150pads/pc3b01d/layout.
INFO (XSTRM-220): 161. Translating STRUCTURE tsl18cio150_6lm_ab_pc3b01d as cellView cio150pads/tsl18cio150_6lm_ab_pc3b01d/layout.
INFO (XSTRM-220): 162. Translating STRUCTURE subil_pullup as cellView cio150pads/subil_pullup/layout.
INFO (XSTRM-220): 163. Translating STRUCTURE pc3b01u as cellView cio150pads/pc3b01u/layout.
INFO (XSTRM-220): 164. Translating STRUCTURE tsl18cio150_6lm_ab_pc3b01u as cellView cio150pads/tsl18cio150_6lm_ab_pc3b01u/layout.
INFO (XSTRM-220): 165. Translating STRUCTURE subil_pcb02con as cellView cio150pads/subil_pcb02con/layout.
INFO (XSTRM-220): 166. Translating STRUCTURE subil_slewrate1 as cellView cio150pads/subil_slewrate1/layout.
INFO (XSTRM-220): 167. Translating STRUCTURE subil_pbdrive02 as cellView cio150pads/subil_pbdrive02/layout.
INFO (XSTRM-220): 168. Translating STRUCTURE pc3b02 as cellView cio150pads/pc3b02/layout.
INFO (XSTRM-220): 169. Translating STRUCTURE tsl18cio150_6lm_ab_pc3b02 as cellView cio150pads/tsl18cio150_6lm_ab_pc3b02/layout.
INFO (XSTRM-220): 170. Translating STRUCTURE pc3b02d as cellView cio150pads/pc3b02d/layout.
INFO (XSTRM-220): 171. Translating STRUCTURE tsl18cio150_6lm_ab_pc3b02d as cellView cio150pads/tsl18cio150_6lm_ab_pc3b02d/layout.
INFO (XSTRM-220): 172. Translating STRUCTURE pc3b02u as cellView cio150pads/pc3b02u/layout.
INFO (XSTRM-220): 173. Translating STRUCTURE tsl18cio150_6lm_ab_pc3b02u as cellView cio150pads/tsl18cio150_6lm_ab_pc3b02u/layout.
INFO (XSTRM-220): 174. Translating STRUCTURE subil_pcb03con as cellView cio150pads/subil_pcb03con/layout.
INFO (XSTRM-220): 175. Translating STRUCTURE subil_invert as cellView cio150pads/subil_invert/layout.
INFO (XSTRM-220): 176. Translating STRUCTURE subil_slewrate05 as cellView cio150pads/subil_slewrate05/layout.
INFO (XSTRM-220): 177. Translating STRUCTURE subil_pbdrive03 as cellView cio150pads/subil_pbdrive03/layout.
INFO (XSTRM-220): 178. Translating STRUCTURE pc3b03 as cellView cio150pads/pc3b03/layout.
INFO (XSTRM-220): 179. Translating STRUCTURE tsl18cio150_6lm_ab_pc3b03 as cellView cio150pads/tsl18cio150_6lm_ab_pc3b03/layout.
INFO (XSTRM-220): 180. Translating STRUCTURE pc3b03d as cellView cio150pads/pc3b03d/layout.
INFO (XSTRM-220): 181. Translating STRUCTURE tsl18cio150_6lm_ab_pc3b03d as cellView cio150pads/tsl18cio150_6lm_ab_pc3b03d/layout.
INFO (XSTRM-220): 182. Translating STRUCTURE subil_blockcell25 as cellView cio150pads/subil_blockcell25/layout.
INFO (XSTRM-220): 183. Translating STRUCTURE subil_pcb03edcon as cellView cio150pads/subil_pcb03edcon/layout.
INFO (XSTRM-220): 184. Translating STRUCTURE subil_ppdrive25 as cellView cio150pads/subil_ppdrive25/layout.
INFO (XSTRM-220): 185. Translating STRUCTURE subil_vddring25 as cellView cio150pads/subil_vddring25/layout.
INFO (XSTRM-220): 186. Translating STRUCTURE subil_p32vdd03 as cellView cio150pads/subil_p32vdd03/layout.
INFO (XSTRM-220): 187. Translating STRUCTURE subil_p18vdd25 as cellView cio150pads/subil_p18vdd25/layout.
INFO (XSTRM-220): 188. Translating STRUCTURE subil_vddcell03 as cellView cio150pads/subil_vddcell03/layout.
INFO (XSTRM-220): 189. Translating STRUCTURE subil_pp18input03ed as cellView cio150pads/subil_pp18input03ed/layout.
INFO (XSTRM-220): 190. Translating STRUCTURE subil_levelshifti25 as cellView cio150pads/subil_levelshifti25/layout.
INFO (XSTRM-220): 191. Translating STRUCTURE subil_levelshift25 as cellView cio150pads/subil_levelshift25/layout.
INFO (XSTRM-220): 192. Translating STRUCTURE subil_pbdrive03ed as cellView cio150pads/subil_pbdrive03ed/layout.
WARNING (XSTRM-207): Path length 0.065 at location (34.450,7.790) on layer 'M1' and purpose 'drawing' is less than 1/2 of path width 0.230. The path would be created with the dimensions in Stream file. To resolve this, fix the source from which the Stream file is generated and then run the translator again with the new stream file.
INFO (XSTRM-220): 193. Translating STRUCTURE subil_n60 as cellView cio150pads/subil_n60/layout.
INFO (XSTRM-220): 194. Translating STRUCTURE subil_pulldown03ed_rev1 as cellView cio150pads/subil_pulldown03ed_rev1/layout.
INFO (XSTRM-220): 195. Translating STRUCTURE pc3b03ed as cellView cio150pads/pc3b03ed/layout.
INFO (XSTRM-220): 196. Translating STRUCTURE tsl18cio150_6lm_ab_pc3b03ed as cellView cio150pads/tsl18cio150_6lm_ab_pc3b03ed/layout.
INFO (XSTRM-220): 197. Translating STRUCTURE pc3b03u as cellView cio150pads/pc3b03u/layout.
INFO (XSTRM-220): 198. Translating STRUCTURE tsl18cio150_6lm_ab_pc3b03u as cellView cio150pads/tsl18cio150_6lm_ab_pc3b03u/layout.
INFO (XSTRM-220): 199. Translating STRUCTURE subil_ppwellbias04 as cellView cio150pads/subil_ppwellbias04/layout.
INFO (XSTRM-220): 200. Translating STRUCTURE subil_pcb04con as cellView cio150pads/subil_pcb04con/layout.
INFO (XSTRM-220): 201. Translating STRUCTURE subil_pbdrive04 as cellView cio150pads/subil_pbdrive04/layout.
INFO (XSTRM-220): 202. Translating STRUCTURE pc3b04 as cellView cio150pads/pc3b04/layout.
INFO (XSTRM-220): 203. Translating STRUCTURE tsl18cio150_6lm_ab_pc3b04 as cellView cio150pads/tsl18cio150_6lm_ab_pc3b04/layout.
INFO (XSTRM-220): 204. Translating STRUCTURE pc3b04d as cellView cio150pads/pc3b04d/layout.
INFO (XSTRM-220): 205. Translating STRUCTURE tsl18cio150_6lm_ab_pc3b04d as cellView cio150pads/tsl18cio150_6lm_ab_pc3b04d/layout.
INFO (XSTRM-220): 206. Translating STRUCTURE pc3b04u as cellView cio150pads/pc3b04u/layout.
INFO (XSTRM-220): 207. Translating STRUCTURE tsl18cio150_6lm_ab_pc3b04u as cellView cio150pads/tsl18cio150_6lm_ab_pc3b04u/layout.
INFO (XSTRM-220): 208. Translating STRUCTURE subil_pcb05con as cellView cio150pads/subil_pcb05con/layout.
INFO (XSTRM-220): 209. Translating STRUCTURE subil_pp18oencntl5x as cellView cio150pads/subil_pp18oencntl5x/layout.
INFO (XSTRM-220): 210. Translating STRUCTURE subil_pbdrive05 as cellView cio150pads/subil_pbdrive05/layout.
INFO (XSTRM-220): 211. Translating STRUCTURE pc3b05 as cellView cio150pads/pc3b05/layout.
INFO (XSTRM-220): 212. Translating STRUCTURE tsl18cio150_6lm_ab_pc3b05 as cellView cio150pads/tsl18cio150_6lm_ab_pc3b05/layout.
INFO (XSTRM-220): 213. Translating STRUCTURE pc3b05d as cellView cio150pads/pc3b05d/layout.
INFO (XSTRM-220): 214. Translating STRUCTURE tsl18cio150_6lm_ab_pc3b05d as cellView cio150pads/tsl18cio150_6lm_ab_pc3b05d/layout.
INFO (XSTRM-220): 215. Translating STRUCTURE subil_pullup05 as cellView cio150pads/subil_pullup05/layout.
INFO (XSTRM-220): 216. Translating STRUCTURE pc3b05u as cellView cio150pads/pc3b05u/layout.
INFO (XSTRM-220): 217. Translating STRUCTURE tsl18cio150_6lm_ab_pc3b05u as cellView cio150pads/tsl18cio150_6lm_ab_pc3b05u/layout.
INFO (XSTRM-220): 218. Translating STRUCTURE subil_pcb05con25 as cellView cio150pads/subil_pcb05con25/layout.
INFO (XSTRM-220): 219. Translating STRUCTURE subil_pp18esd25 as cellView cio150pads/subil_pp18esd25/layout.
INFO (XSTRM-220): 220. Translating STRUCTURE subil_p32vdd25 as cellView cio150pads/subil_p32vdd25/layout.
INFO (XSTRM-220): 221. Translating STRUCTURE subil_vddcell25 as cellView cio150pads/subil_vddcell25/layout.
INFO (XSTRM-220): 222. Translating STRUCTURE subil_pp18input0125 as cellView cio150pads/subil_pp18input0125/layout.
INFO (XSTRM-220): 223. Translating STRUCTURE subil_pp18bulkdrv25 as cellView cio150pads/subil_pp18bulkdrv25/layout.
INFO (XSTRM-220): 224. Translating STRUCTURE subil_pbdrive25 as cellView cio150pads/subil_pbdrive25/layout.
INFO (XSTRM-220): 225. Translating STRUCTURE subil_pullup25 as cellView cio150pads/subil_pullup25/layout.
INFO (XSTRM-220): 226. Translating STRUCTURE pc3b25eu as cellView cio150pads/pc3b25eu/layout.
INFO (XSTRM-220): 227. Translating STRUCTURE tsl18cio150_6lm_ab_pc3b25eu as cellView cio150pads/tsl18cio150_6lm_ab_pc3b25eu/layout.
INFO (XSTRM-220): 228. Translating STRUCTURE subil_clkblockcell as cellView cio150pads/subil_clkblockcell/layout.
INFO (XSTRM-220): 229. Translating STRUCTURE subil_clkppgatering as cellView cio150pads/subil_clkppgatering/layout.
INFO (XSTRM-220): 230. Translating STRUCTURE subil_clkppbasebuff as cellView cio150pads/subil_clkppbasebuff/layout.
INFO (XSTRM-220): 231. Translating STRUCTURE subil_clkppgatebotring as cellView cio150pads/subil_clkppgatebotring/layout.
INFO (XSTRM-220): 232. Translating STRUCTURE subil_ppclkbuff as cellView cio150pads/subil_ppclkbuff/layout.
INFO (XSTRM-220): 233. Translating STRUCTURE subil_pp18clkout as cellView cio150pads/subil_pp18clkout/layout.
INFO (XSTRM-220): 234. Translating STRUCTURE subil_pp18clkin as cellView cio150pads/subil_pp18clkin/layout.
INFO (XSTRM-220): 235. Translating STRUCTURE subil_pp18clkinout as cellView cio150pads/subil_pp18clkinout/layout.
INFO (XSTRM-220): 236. Translating STRUCTURE subil_dio46 as cellView cio150pads/subil_dio46/layout.
INFO (XSTRM-220): 237. Translating STRUCTURE subil_clk1x as cellView cio150pads/subil_clk1x/layout.
INFO (XSTRM-220): 238. Translating STRUCTURE subil_clkpowermetal as cellView cio150pads/subil_clkpowermetal/layout.
INFO (XSTRM-220): 239. Translating STRUCTURE subil_pp18clkdrive as cellView cio150pads/subil_pp18clkdrive/layout.
INFO (XSTRM-220): 240. Translating STRUCTURE subil_clkpngatering as cellView cio150pads/subil_clkpngatering/layout.
INFO (XSTRM-220): 241. Translating STRUCTURE subil_pnclkbasebuff as cellView cio150pads/subil_pnclkbasebuff/layout.
INFO (XSTRM-220): 242. Translating STRUCTURE subil_pnclkbuff as cellView cio150pads/subil_pnclkbuff/layout.
INFO (XSTRM-220): 243. Translating STRUCTURE pc3c01 as cellView cio150pads/pc3c01/layout.
INFO (XSTRM-220): 244. Translating STRUCTURE tsl18cio150_6lm_ab_pc3c01 as cellView cio150pads/tsl18cio150_6lm_ab_pc3c01/layout.
INFO (XSTRM-220): 245. Translating STRUCTURE subil_clk2x as cellView cio150pads/subil_clk2x/layout.
INFO (XSTRM-220): 246. Translating STRUCTURE pc3c02 as cellView cio150pads/pc3c02/layout.
INFO (XSTRM-220): 247. Translating STRUCTURE tsl18cio150_6lm_ab_pc3c02 as cellView cio150pads/tsl18cio150_6lm_ab_pc3c02/layout.
INFO (XSTRM-220): 248. Translating STRUCTURE subil_clk3x as cellView cio150pads/subil_clk3x/layout.
INFO (XSTRM-220): 249. Translating STRUCTURE pc3c03 as cellView cio150pads/pc3c03/layout.
INFO (XSTRM-220): 250. Translating STRUCTURE tsl18cio150_6lm_ab_pc3c03 as cellView cio150pads/tsl18cio150_6lm_ab_pc3c03/layout.
INFO (XSTRM-220): 251. Translating STRUCTURE subil_clk4x as cellView cio150pads/subil_clk4x/layout.
INFO (XSTRM-220): 252. Translating STRUCTURE pc3c04 as cellView cio150pads/pc3c04/layout.
INFO (XSTRM-220): 253. Translating STRUCTURE tsl18cio150_6lm_ab_pc3c04 as cellView cio150pads/tsl18cio150_6lm_ab_pc3c04/layout.
INFO (XSTRM-220): 254. Translating STRUCTURE subil_p3d00block as cellView cio150pads/subil_p3d00block/layout.
INFO (XSTRM-220): 255. Translating STRUCTURE subil_p3d00bulkcon as cellView cio150pads/subil_p3d00bulkcon/layout.
INFO (XSTRM-220): 256. Translating STRUCTURE subil_nwellres1000 as cellView cio150pads/subil_nwellres1000/layout.
INFO (XSTRM-220): 257. Translating STRUCTURE subil_ppwellbias3d00 as cellView cio150pads/subil_ppwellbias3d00/layout.
INFO (XSTRM-220): 258. Translating STRUCTURE subil_dio2 as cellView cio150pads/subil_dio2/layout.
INFO (XSTRM-220): 259. Translating STRUCTURE subil_pobuffcon as cellView cio150pads/subil_pobuffcon/layout.
INFO (XSTRM-220): 260. Translating STRUCTURE subil_pngatering_440 as cellView cio150pads/subil_pngatering_440/layout.
INFO (XSTRM-220): 261. Translating STRUCTURE subil_pngatebuffsing_503 as cellView cio150pads/subil_pngatebuffsing_503/layout.
INFO (XSTRM-220): 262. Translating STRUCTURE subil_pngate2buffsing as cellView cio150pads/subil_pngate2buffsing/layout.
INFO (XSTRM-220): 263. Translating STRUCTURE subil_pnbuff3d00 as cellView cio150pads/subil_pnbuff3d00/layout.
INFO (XSTRM-220): 264. Translating STRUCTURE subil_ppgate2buffend3d00_ESD as cellView cio150pads/subil_ppgate2buffend3d00_ESD/layout.
INFO (XSTRM-220): 265. Translating STRUCTURE subil_ppbuff3d00_ESD as cellView cio150pads/subil_ppbuff3d00_ESD/layout.
INFO (XSTRM-220): 266. Translating STRUCTURE subil_pnesd3d00 as cellView cio150pads/subil_pnesd3d00/layout.
INFO (XSTRM-220): 267. Translating STRUCTURE subil_ppdrive3d00_ESD as cellView cio150pads/subil_ppdrive3d00_ESD/layout.
INFO (XSTRM-220): 268. Translating STRUCTURE subil_pc3d00con_ESD as cellView cio150pads/subil_pc3d00con_ESD/layout.
INFO (XSTRM-220): 269. Translating STRUCTURE pc3d00 as cellView cio150pads/pc3d00/layout.
INFO (XSTRM-220): 270. Translating STRUCTURE tsl18cio150_6lm_ab_pc3d00 as cellView cio150pads/tsl18cio150_6lm_ab_pc3d00/layout.
INFO (XSTRM-220): 271. Translating STRUCTURE subil_pdblockcell as cellView cio150pads/subil_pdblockcell/layout.
INFO (XSTRM-220): 272. Translating STRUCTURE subil_pcd21con as cellView cio150pads/subil_pcd21con/layout.
INFO (XSTRM-220): 273. Translating STRUCTURE subil_pp18esdinp as cellView cio150pads/subil_pp18esdinp/layout.
INFO (XSTRM-220): 274. Translating STRUCTURE subil_vddcell1 as cellView cio150pads/subil_vddcell1/layout.
INFO (XSTRM-220): 275. Translating STRUCTURE subil_pddrive01 as cellView cio150pads/subil_pddrive01/layout.
INFO (XSTRM-220): 276. Translating STRUCTURE subil_pdwellbias as cellView cio150pads/subil_pdwellbias/layout.
INFO (XSTRM-220): 277. Translating STRUCTURE pc3d01 as cellView cio150pads/pc3d01/layout.
INFO (XSTRM-220): 278. Translating STRUCTURE tsl18cio150_6lm_ab_pc3d01 as cellView cio150pads/tsl18cio150_6lm_ab_pc3d01/layout.
INFO (XSTRM-220): 279. Translating STRUCTURE pc3d01d as cellView cio150pads/pc3d01d/layout.
INFO (XSTRM-220): 280. Translating STRUCTURE tsl18cio150_6lm_ab_pc3d01d as cellView cio150pads/tsl18cio150_6lm_ab_pc3d01d/layout.
INFO (XSTRM-220): 281. Translating STRUCTURE pc3d01u as cellView cio150pads/pc3d01u/layout.
INFO (XSTRM-220): 282. Translating STRUCTURE tsl18cio150_6lm_ab_pc3d01u as cellView cio150pads/tsl18cio150_6lm_ab_pc3d01u/layout.
INFO (XSTRM-220): 283. Translating STRUCTURE subil_pp18input11 as cellView cio150pads/subil_pp18input11/layout.
INFO (XSTRM-220): 284. Translating STRUCTURE subil_pddrive11 as cellView cio150pads/subil_pddrive11/layout.
INFO (XSTRM-220): 285. Translating STRUCTURE pc3d11 as cellView cio150pads/pc3d11/layout.
INFO (XSTRM-220): 286. Translating STRUCTURE tsl18cio150_6lm_ab_pc3d11 as cellView cio150pads/tsl18cio150_6lm_ab_pc3d11/layout.
INFO (XSTRM-220): 287. Translating STRUCTURE pc3d11d as cellView cio150pads/pc3d11d/layout.
INFO (XSTRM-220): 288. Translating STRUCTURE tsl18cio150_6lm_ab_pc3d11d as cellView cio150pads/tsl18cio150_6lm_ab_pc3d11d/layout.
INFO (XSTRM-220): 289. Translating STRUCTURE pc3d11u as cellView cio150pads/pc3d11u/layout.
INFO (XSTRM-220): 290. Translating STRUCTURE tsl18cio150_6lm_ab_pc3d11u as cellView cio150pads/tsl18cio150_6lm_ab_pc3d11u/layout.
INFO (XSTRM-220): 291. Translating STRUCTURE subil_pcd31con as cellView cio150pads/subil_pcd31con/layout.
INFO (XSTRM-220): 292. Translating STRUCTURE subil_p36vdd as cellView cio150pads/subil_p36vdd/layout.
INFO (XSTRM-220): 293. Translating STRUCTURE subil_vddcell2 as cellView cio150pads/subil_vddcell2/layout.
INFO (XSTRM-220): 294. Translating STRUCTURE subil_pp18input21 as cellView cio150pads/subil_pp18input21/layout.
INFO (XSTRM-220): 295. Translating STRUCTURE subil_pd21drive as cellView cio150pads/subil_pd21drive/layout.
INFO (XSTRM-220): 296. Translating STRUCTURE pc3d21 as cellView cio150pads/pc3d21/layout.
INFO (XSTRM-220): 297. Translating STRUCTURE tsl18cio150_6lm_ab_pc3d21 as cellView cio150pads/tsl18cio150_6lm_ab_pc3d21/layout.
INFO (XSTRM-220): 298. Translating STRUCTURE pc3d21d as cellView cio150pads/pc3d21d/layout.
INFO (XSTRM-220): 299. Translating STRUCTURE tsl18cio150_6lm_ab_pc3d21d as cellView cio150pads/tsl18cio150_6lm_ab_pc3d21d/layout.
INFO (XSTRM-220): 300. Translating STRUCTURE subil_pdblockcell21eu as cellView cio150pads/subil_pdblockcell21eu/layout.
INFO (XSTRM-220): 301. Translating STRUCTURE subil_pcd21eucon as cellView cio150pads/subil_pcd21eucon/layout.
INFO (XSTRM-220): 302. Translating STRUCTURE subil_ppdrive21eu as cellView cio150pads/subil_ppdrive21eu/layout.
INFO (XSTRM-220): 303. Translating STRUCTURE subil_vddring21eu as cellView cio150pads/subil_vddring21eu/layout.
INFO (XSTRM-220): 304. Translating STRUCTURE subil_p36vdd21eu as cellView cio150pads/subil_p36vdd21eu/layout.
INFO (XSTRM-220): 305. Translating STRUCTURE subil_vddcell221eu as cellView cio150pads/subil_vddcell221eu/layout.
INFO (XSTRM-220): 306. Translating STRUCTURE subil_pp18input21eu as cellView cio150pads/subil_pp18input21eu/layout.
INFO (XSTRM-220): 307. Translating STRUCTURE subil_pd21driveeu as cellView cio150pads/subil_pd21driveeu/layout.
INFO (XSTRM-220): 308. Translating STRUCTURE subil_pullup21 as cellView cio150pads/subil_pullup21/layout.
INFO (XSTRM-220): 309. Translating STRUCTURE subil_pdwellbias21eu as cellView cio150pads/subil_pdwellbias21eu/layout.
INFO (XSTRM-220): 310. Translating STRUCTURE pc3d21eu as cellView cio150pads/pc3d21eu/layout.
INFO (XSTRM-220): 311. Translating STRUCTURE tsl18cio150_6lm_ab_pc3d21eu as cellView cio150pads/tsl18cio150_6lm_ab_pc3d21eu/layout.
INFO (XSTRM-220): 312. Translating STRUCTURE pc3d21u as cellView cio150pads/pc3d21u/layout.
INFO (XSTRM-220): 313. Translating STRUCTURE tsl18cio150_6lm_ab_pc3d21u as cellView cio150pads/tsl18cio150_6lm_ab_pc3d21u/layout.
INFO (XSTRM-220): 314. Translating STRUCTURE subil_pp18input31_rev1 as cellView cio150pads/subil_pp18input31_rev1/layout.
INFO (XSTRM-220): 315. Translating STRUCTURE subil_pd31drive_rev1 as cellView cio150pads/subil_pd31drive_rev1/layout.
INFO (XSTRM-220): 316. Translating STRUCTURE pc3d31 as cellView cio150pads/pc3d31/layout.
INFO (XSTRM-220): 317. Translating STRUCTURE tsl18cio150_6lm_ab_pc3d31 as cellView cio150pads/tsl18cio150_6lm_ab_pc3d31/layout.
INFO (XSTRM-220): 318. Translating STRUCTURE pc3d31d as cellView cio150pads/pc3d31d/layout.
INFO (XSTRM-220): 319. Translating STRUCTURE tsl18cio150_6lm_ab_pc3d31d as cellView cio150pads/tsl18cio150_6lm_ab_pc3d31d/layout.
INFO (XSTRM-220): 320. Translating STRUCTURE pc3d31u as cellView cio150pads/pc3d31u/layout.
INFO (XSTRM-220): 321. Translating STRUCTURE tsl18cio150_6lm_ab_pc3d31u as cellView cio150pads/tsl18cio150_6lm_ab_pc3d31u/layout.
INFO (XSTRM-220): 322. Translating STRUCTURE subil_poblockcell as cellView cio150pads/subil_poblockcell/layout.
INFO (XSTRM-220): 323. Translating STRUCTURE subil_pco01con as cellView cio150pads/subil_pco01con/layout.
INFO (XSTRM-220): 324. Translating STRUCTURE subil_p3obulkcon as cellView cio150pads/subil_p3obulkcon/layout.
INFO (XSTRM-220): 325. Translating STRUCTURE subil_ppdriveo as cellView cio150pads/subil_ppdriveo/layout.
INFO (XSTRM-220): 326. Translating STRUCTURE subil_p100vdd as cellView cio150pads/subil_p100vdd/layout.
INFO (XSTRM-220): 327. Translating STRUCTURE subil_vddcello as cellView cio150pads/subil_vddcello/layout.
INFO (XSTRM-220): 328. Translating STRUCTURE subil_pp18oencntl as cellView cio150pads/subil_pp18oencntl/layout.
INFO (XSTRM-220): 329. Translating STRUCTURE subil_levelshiftio as cellView cio150pads/subil_levelshiftio/layout.
INFO (XSTRM-220): 330. Translating STRUCTURE subil_podrive01 as cellView cio150pads/subil_podrive01/layout.
INFO (XSTRM-220): 331. Translating STRUCTURE subil_ppwellbiaso as cellView cio150pads/subil_ppwellbiaso/layout.
INFO (XSTRM-220): 332. Translating STRUCTURE pc3o01 as cellView cio150pads/pc3o01/layout.
INFO (XSTRM-220): 333. Translating STRUCTURE tsl18cio150_6lm_ab_pc3o01 as cellView cio150pads/tsl18cio150_6lm_ab_pc3o01/layout.
INFO (XSTRM-220): 334. Translating STRUCTURE subil_p100vddhv as cellView cio150pads/subil_p100vddhv/layout.
INFO (XSTRM-220): 335. Translating STRUCTURE subil_vddcellohv as cellView cio150pads/subil_vddcellohv/layout.
INFO (XSTRM-220): 336. Translating STRUCTURE subil_n50o as cellView cio150pads/subil_n50o/layout.
INFO (XSTRM-220): 337. Translating STRUCTURE subil_levelshiftiohv as cellView cio150pads/subil_levelshiftiohv/layout.
INFO (XSTRM-220): 338. Translating STRUCTURE subil_podrive01hv as cellView cio150pads/subil_podrive01hv/layout.
INFO (XSTRM-220): 339. Translating STRUCTURE pc3o01hv as cellView cio150pads/pc3o01hv/layout.
INFO (XSTRM-220): 340. Translating STRUCTURE tsl18cio150_6lm_ab_pc3o01hv as cellView cio150pads/tsl18cio150_6lm_ab_pc3o01hv/layout.
INFO (XSTRM-220): 341. Translating STRUCTURE subil_pco02con as cellView cio150pads/subil_pco02con/layout.
INFO (XSTRM-220): 342. Translating STRUCTURE subil_podrive02 as cellView cio150pads/subil_podrive02/layout.
INFO (XSTRM-220): 343. Translating STRUCTURE pc3o02 as cellView cio150pads/pc3o02/layout.
INFO (XSTRM-220): 344. Translating STRUCTURE tsl18cio150_6lm_ab_pc3o02 as cellView cio150pads/tsl18cio150_6lm_ab_pc3o02/layout.
INFO (XSTRM-220): 345. Translating STRUCTURE subil_pco03con as cellView cio150pads/subil_pco03con/layout.
INFO (XSTRM-220): 346. Translating STRUCTURE subil_pp18oencntl5 as cellView cio150pads/subil_pp18oencntl5/layout.
INFO (XSTRM-220): 347. Translating STRUCTURE subil_podrive03 as cellView cio150pads/subil_podrive03/layout.
INFO (XSTRM-220): 348. Translating STRUCTURE subil_ppwellbiaso03 as cellView cio150pads/subil_ppwellbiaso03/layout.
INFO (XSTRM-220): 349. Translating STRUCTURE pc3o03 as cellView cio150pads/pc3o03/layout.
INFO (XSTRM-220): 350. Translating STRUCTURE tsl18cio150_6lm_ab_pc3o03 as cellView cio150pads/tsl18cio150_6lm_ab_pc3o03/layout.
INFO (XSTRM-220): 351. Translating STRUCTURE subil_pco04con as cellView cio150pads/subil_pco04con/layout.
INFO (XSTRM-220): 352. Translating STRUCTURE subil_podrive04 as cellView cio150pads/subil_podrive04/layout.
INFO (XSTRM-220): 353. Translating STRUCTURE pc3o04 as cellView cio150pads/pc3o04/layout.
INFO (XSTRM-220): 354. Translating STRUCTURE tsl18cio150_6lm_ab_pc3o04 as cellView cio150pads/tsl18cio150_6lm_ab_pc3o04/layout.
INFO (XSTRM-220): 355. Translating STRUCTURE subil_pco05con as cellView cio150pads/subil_pco05con/layout.
INFO (XSTRM-220): 356. Translating STRUCTURE subil_podrive05 as cellView cio150pads/subil_podrive05/layout.
INFO (XSTRM-220): 357. Translating STRUCTURE pc3o05 as cellView cio150pads/pc3o05/layout.
INFO (XSTRM-220): 358. Translating STRUCTURE tsl18cio150_6lm_ab_pc3o05 as cellView cio150pads/tsl18cio150_6lm_ab_pc3o05/layout.
INFO (XSTRM-220): 359. Translating STRUCTURE subil_ptblockcell as cellView cio150pads/subil_ptblockcell/layout.
INFO (XSTRM-220): 360. Translating STRUCTURE subil_pct01con as cellView cio150pads/subil_pct01con/layout.
INFO (XSTRM-220): 361. Translating STRUCTURE subil_vddcellt as cellView cio150pads/subil_vddcellt/layout.
INFO (XSTRM-220): 362. Translating STRUCTURE subil_pp18input_3t as cellView cio150pads/subil_pp18input_3t/layout.
INFO (XSTRM-220): 363. Translating STRUCTURE subil_ptdrive01 as cellView cio150pads/subil_ptdrive01/layout.
INFO (XSTRM-220): 364. Translating STRUCTURE pc3t01 as cellView cio150pads/pc3t01/layout.
INFO (XSTRM-220): 365. Translating STRUCTURE tsl18cio150_6lm_ab_pc3t01 as cellView cio150pads/tsl18cio150_6lm_ab_pc3t01/layout.
INFO (XSTRM-220): 366. Translating STRUCTURE pc3t01d as cellView cio150pads/pc3t01d/layout.
INFO (XSTRM-220): 367. Translating STRUCTURE tsl18cio150_6lm_ab_pc3t01d as cellView cio150pads/tsl18cio150_6lm_ab_pc3t01d/layout.
INFO (XSTRM-220): 368. Translating STRUCTURE pc3t01u as cellView cio150pads/pc3t01u/layout.
INFO (XSTRM-220): 369. Translating STRUCTURE tsl18cio150_6lm_ab_pc3t01u as cellView cio150pads/tsl18cio150_6lm_ab_pc3t01u/layout.
INFO (XSTRM-220): 370. Translating STRUCTURE subil_pct02con as cellView cio150pads/subil_pct02con/layout.
INFO (XSTRM-220): 371. Translating STRUCTURE subil_ptdrive02 as cellView cio150pads/subil_ptdrive02/layout.
INFO (XSTRM-220): 372. Translating STRUCTURE pc3t02 as cellView cio150pads/pc3t02/layout.
INFO (XSTRM-220): 373. Translating STRUCTURE tsl18cio150_6lm_ab_pc3t02 as cellView cio150pads/tsl18cio150_6lm_ab_pc3t02/layout.
INFO (XSTRM-220): 374. Translating STRUCTURE pc3t02d as cellView cio150pads/pc3t02d/layout.
INFO (XSTRM-220): 375. Translating STRUCTURE tsl18cio150_6lm_ab_pc3t02d as cellView cio150pads/tsl18cio150_6lm_ab_pc3t02d/layout.
INFO (XSTRM-220): 376. Translating STRUCTURE pc3t02u as cellView cio150pads/pc3t02u/layout.
INFO (XSTRM-220): 377. Translating STRUCTURE tsl18cio150_6lm_ab_pc3t02u as cellView cio150pads/tsl18cio150_6lm_ab_pc3t02u/layout.
INFO (XSTRM-220): 378. Translating STRUCTURE subil_pct03con as cellView cio150pads/subil_pct03con/layout.
INFO (XSTRM-220): 379. Translating STRUCTURE subil_ptdrive03 as cellView cio150pads/subil_ptdrive03/layout.
INFO (XSTRM-220): 380. Translating STRUCTURE pc3t03 as cellView cio150pads/pc3t03/layout.
INFO (XSTRM-220): 381. Translating STRUCTURE tsl18cio150_6lm_ab_pc3t03 as cellView cio150pads/tsl18cio150_6lm_ab_pc3t03/layout.
INFO (XSTRM-220): 382. Translating STRUCTURE pc3t03d as cellView cio150pads/pc3t03d/layout.
INFO (XSTRM-220): 383. Translating STRUCTURE tsl18cio150_6lm_ab_pc3t03d as cellView cio150pads/tsl18cio150_6lm_ab_pc3t03d/layout.
INFO (XSTRM-220): 384. Translating STRUCTURE pc3t03u as cellView cio150pads/pc3t03u/layout.
INFO (XSTRM-220): 385. Translating STRUCTURE tsl18cio150_6lm_ab_pc3t03u as cellView cio150pads/tsl18cio150_6lm_ab_pc3t03u/layout.
INFO (XSTRM-220): 386. Translating STRUCTURE subil_pct04con as cellView cio150pads/subil_pct04con/layout.
INFO (XSTRM-220): 387. Translating STRUCTURE subil_ptdrive04 as cellView cio150pads/subil_ptdrive04/layout.
INFO (XSTRM-220): 388. Translating STRUCTURE pc3t04 as cellView cio150pads/pc3t04/layout.
INFO (XSTRM-220): 389. Translating STRUCTURE tsl18cio150_6lm_ab_pc3t04 as cellView cio150pads/tsl18cio150_6lm_ab_pc3t04/layout.
INFO (XSTRM-220): 390. Translating STRUCTURE pc3t04d as cellView cio150pads/pc3t04d/layout.
INFO (XSTRM-220): 391. Translating STRUCTURE tsl18cio150_6lm_ab_pc3t04d as cellView cio150pads/tsl18cio150_6lm_ab_pc3t04d/layout.
INFO (XSTRM-220): 392. Translating STRUCTURE pc3t04u as cellView cio150pads/pc3t04u/layout.
INFO (XSTRM-220): 393. Translating STRUCTURE tsl18cio150_6lm_ab_pc3t04u as cellView cio150pads/tsl18cio150_6lm_ab_pc3t04u/layout.
INFO (XSTRM-220): 394. Translating STRUCTURE subil_pct05con as cellView cio150pads/subil_pct05con/layout.
INFO (XSTRM-220): 395. Translating STRUCTURE subil_ptdrive05 as cellView cio150pads/subil_ptdrive05/layout.
INFO (XSTRM-220): 396. Translating STRUCTURE pc3t05 as cellView cio150pads/pc3t05/layout.
INFO (XSTRM-220): 397. Translating STRUCTURE tsl18cio150_6lm_ab_pc3t05 as cellView cio150pads/tsl18cio150_6lm_ab_pc3t05/layout.
INFO (XSTRM-220): 398. Translating STRUCTURE pc3t05d as cellView cio150pads/pc3t05d/layout.
INFO (XSTRM-220): 399. Translating STRUCTURE tsl18cio150_6lm_ab_pc3t05d as cellView cio150pads/tsl18cio150_6lm_ab_pc3t05d/layout.
INFO (XSTRM-220): 400. Translating STRUCTURE pc3t05u as cellView cio150pads/pc3t05u/layout.
INFO (XSTRM-220): 401. Translating STRUCTURE tsl18cio150_6lm_ab_pc3t05u as cellView cio150pads/tsl18cio150_6lm_ab_pc3t05u/layout.
INFO (XSTRM-220): 402. Translating STRUCTURE subil_ppbuff3d00_OC as cellView cio150pads/subil_ppbuff3d00_OC/layout.
INFO (XSTRM-220): 403. Translating STRUCTURE subil_ppolyres_2 as cellView cio150pads/subil_ppolyres_2/layout.
INFO (XSTRM-220): 404. Translating STRUCTURE subil_ppgatebuffz_ESD_v1 as cellView cio150pads/subil_ppgatebuffz_ESD_v1/layout.
INFO (XSTRM-220): 405. Translating STRUCTURE subil_pobuffcon_291 as cellView cio150pads/subil_pobuffcon_291/layout.
INFO (XSTRM-220): 406. Translating STRUCTURE subil_presidexinl as cellView cio150pads/subil_presidexinl/layout.
INFO (XSTRM-220): 407. Translating STRUCTURE subil_presidexin as cellView cio150pads/subil_presidexin/layout.
INFO (XSTRM-220): 408. Translating STRUCTURE subil_ppdrivexin as cellView cio150pads/subil_ppdrivexin/layout.
INFO (XSTRM-220): 409. Translating STRUCTURE subil_pxin1conn as cellView cio150pads/subil_pxin1conn/layout.
INFO (XSTRM-220): 410. Translating STRUCTURE subil_pxinbulkcon as cellView cio150pads/subil_pxinbulkcon/layout.
INFO (XSTRM-220): 411. Translating STRUCTURE subil_pngatebuffz_ESD as cellView cio150pads/subil_pngatebuffz_ESD/layout.
INFO (XSTRM-220): 412. Translating STRUCTURE subil_powermetal_OC as cellView cio150pads/subil_powermetal_OC/layout.
INFO (XSTRM-220): 413. Translating STRUCTURE subil_pxin1_ESD as cellView cio150pads/subil_pxin1_ESD/layout.
INFO (XSTRM-220): 414. Translating STRUCTURE subil_oscblock_ESD as cellView cio150pads/subil_oscblock_ESD/layout.
INFO (XSTRM-220): 415. Translating STRUCTURE subil_pxdriveout_ESD as cellView cio150pads/subil_pxdriveout_ESD/layout.
INFO (XSTRM-220): 416. Translating STRUCTURE subil_pngatebuffx_ESD as cellView cio150pads/subil_pngatebuffx_ESD/layout.
INFO (XSTRM-220): 417. Translating STRUCTURE subil_pngatebuffx as cellView cio150pads/subil_pngatebuffx/layout.
INFO (XSTRM-220): 418. Translating STRUCTURE subil_pngate2buff3x_ESDR as cellView cio150pads/subil_pngate2buff3x_ESDR/layout.
INFO (XSTRM-220): 419. Translating STRUCTURE subil_pngate2buff3x_ESDL as cellView cio150pads/subil_pngate2buff3x_ESDL/layout.
INFO (XSTRM-220): 420. Translating STRUCTURE subil_pngate2buff3x_ESD as cellView cio150pads/subil_pngate2buff3x_ESD/layout.
INFO (XSTRM-220): 421. Translating STRUCTURE subil_pnbuffx_ESD as cellView cio150pads/subil_pnbuffx_ESD/layout.
INFO (XSTRM-220): 422. Translating STRUCTURE subil_pngate3d00 as cellView cio150pads/subil_pngate3d00/layout.
INFO (XSTRM-220): 423. Translating STRUCTURE subil_pxbias as cellView cio150pads/subil_pxbias/layout.
INFO (XSTRM-220): 424. Translating STRUCTURE subil_pp18xalinven1 as cellView cio150pads/subil_pp18xalinven1/layout.
INFO (XSTRM-220): 425. Translating STRUCTURE subil_pp18xalinven as cellView cio150pads/subil_pp18xalinven/layout.
INFO (XSTRM-220): 426. Translating STRUCTURE subil_n40 as cellView cio150pads/subil_n40/layout.
INFO (XSTRM-220): 427. Translating STRUCTURE subil_pp18xalinvz as cellView cio150pads/subil_pp18xalinvz/layout.
INFO (XSTRM-220): 428. Translating STRUCTURE subil_pxout1con as cellView cio150pads/subil_pxout1con/layout.
INFO (XSTRM-220): 429. Translating STRUCTURE subil_iorule1 as cellView cio150pads/subil_iorule1/layout.
INFO (XSTRM-220): 430. Translating STRUCTURE subil_powermetalx_ESD_oc as cellView cio150pads/subil_powermetalx_ESD_oc/layout.
INFO (XSTRM-220): 431. Translating STRUCTURE subil_ppgatebotringx as cellView cio150pads/subil_ppgatebotringx/layout.
INFO (XSTRM-220): 432. Translating STRUCTURE subil_ppgate2buffxtop as cellView cio150pads/subil_ppgate2buffxtop/layout.
INFO (XSTRM-220): 433. Translating STRUCTURE subil_ppgateringx as cellView cio150pads/subil_ppgateringx/layout.
INFO (XSTRM-220): 434. Translating STRUCTURE subil_ppgate2buffxtop_rev1 as cellView cio150pads/subil_ppgate2buffxtop_rev1/layout.
INFO (XSTRM-220): 435. Translating STRUCTURE subil_ppgate2buffx_rev1 as cellView cio150pads/subil_ppgate2buffx_rev1/layout.
INFO (XSTRM-220): 436. Translating STRUCTURE subil_ppbuffx_rev1 as cellView cio150pads/subil_ppbuffx_rev1/layout.
INFO (XSTRM-220): 437. Translating STRUCTURE subil_pxcon_rev1 as cellView cio150pads/subil_pxcon_rev1/layout.
INFO (XSTRM-220): 438. Translating STRUCTURE subil_pxout1_ESD_rev1 as cellView cio150pads/subil_pxout1_ESD_rev1/layout.
INFO (XSTRM-220): 439. Translating STRUCTURE pc3x11 as cellView cio150pads/pc3x11/layout.
INFO (XSTRM-220): 440. Translating STRUCTURE tsl18cio150_6lm_ab_pc3x11 as cellView cio150pads/tsl18cio150_6lm_ab_pc3x11/layout.
INFO (XSTRM-220): 441. Translating STRUCTURE subil_pngate2buff3x_ESDR1 as cellView cio150pads/subil_pngate2buff3x_ESDR1/layout.
INFO (XSTRM-220): 442. Translating STRUCTURE subil_pngate2buff3x_ESD1 as cellView cio150pads/subil_pngate2buff3x_ESD1/layout.
INFO (XSTRM-220): 443. Translating STRUCTURE subil_pnbuffx_ESD2 as cellView cio150pads/subil_pnbuffx_ESD2/layout.
INFO (XSTRM-220): 444. Translating STRUCTURE subil_pxout2con as cellView cio150pads/subil_pxout2con/layout.
INFO (XSTRM-220): 445. Translating STRUCTURE subil_ppgate2buffx as cellView cio150pads/subil_ppgate2buffx/layout.
INFO (XSTRM-220): 446. Translating STRUCTURE subil_ppbuffx_rev2 as cellView cio150pads/subil_ppbuffx_rev2/layout.
INFO (XSTRM-220): 447. Translating STRUCTURE subil_pxout2_ESD_rev1 as cellView cio150pads/subil_pxout2_ESD_rev1/layout.
INFO (XSTRM-220): 448. Translating STRUCTURE pc3x12 as cellView cio150pads/pc3x12/layout.
INFO (XSTRM-220): 449. Translating STRUCTURE tsl18cio150_6lm_ab_pc3x12 as cellView cio150pads/tsl18cio150_6lm_ab_pc3x12/layout.
INFO (XSTRM-220): 450. Translating STRUCTURE subil_pngate2buff3x as cellView cio150pads/subil_pngate2buff3x/layout.
INFO (XSTRM-220): 451. Translating STRUCTURE subil_pnbuffx_ESD1 as cellView cio150pads/subil_pnbuffx_ESD1/layout.
INFO (XSTRM-220): 452. Translating STRUCTURE subil_pxout3con as cellView cio150pads/subil_pxout3con/layout.
INFO (XSTRM-220): 453. Translating STRUCTURE subil_ppbuffx_rev3 as cellView cio150pads/subil_ppbuffx_rev3/layout.
INFO (XSTRM-220): 454. Translating STRUCTURE subil_pxout3_ESD_rev1 as cellView cio150pads/subil_pxout3_ESD_rev1/layout.
INFO (XSTRM-220): 455. Translating STRUCTURE pc3x13 as cellView cio150pads/pc3x13/layout.
INFO (XSTRM-220): 456. Translating STRUCTURE tsl18cio150_6lm_ab_pc3x13 as cellView cio150pads/tsl18cio150_6lm_ab_pc3x13/layout.
INFO (XSTRM-220): 457. Translating STRUCTURE pfeed00010 as cellView cio150pads/pfeed00010/layout.
INFO (XSTRM-220): 458. Translating STRUCTURE tsl18cio150_6lm_ab_pfeed00010 as cellView cio150pads/tsl18cio150_6lm_ab_pfeed00010/layout.
INFO (XSTRM-220): 459. Translating STRUCTURE pfeed00040 as cellView cio150pads/pfeed00040/layout.
INFO (XSTRM-220): 460. Translating STRUCTURE tsl18cio150_6lm_ab_pfeed00040 as cellView cio150pads/tsl18cio150_6lm_ab_pfeed00040/layout.
INFO (XSTRM-220): 461. Translating STRUCTURE pfeed00120 as cellView cio150pads/pfeed00120/layout.
INFO (XSTRM-220): 462. Translating STRUCTURE tsl18cio150_6lm_ab_pfeed00120 as cellView cio150pads/tsl18cio150_6lm_ab_pfeed00120/layout.
INFO (XSTRM-220): 463. Translating STRUCTURE pfeed00540 as cellView cio150pads/pfeed00540/layout.
INFO (XSTRM-220): 464. Translating STRUCTURE tsl18cio150_6lm_ab_pfeed00540 as cellView cio150pads/tsl18cio150_6lm_ab_pfeed00540/layout.
INFO (XSTRM-220): 465. Translating STRUCTURE pfeed01000 as cellView cio150pads/pfeed01000/layout.
INFO (XSTRM-220): 466. Translating STRUCTURE tsl18cio150_6lm_ab_pfeed01000 as cellView cio150pads/tsl18cio150_6lm_ab_pfeed01000/layout.
INFO (XSTRM-220): 467. Translating STRUCTURE pfeed02000 as cellView cio150pads/pfeed02000/layout.
INFO (XSTRM-220): 468. Translating STRUCTURE tsl18cio150_6lm_ab_pfeed02000 as cellView cio150pads/tsl18cio150_6lm_ab_pfeed02000/layout.
INFO (XSTRM-220): 469. Translating STRUCTURE pfeed10000 as cellView cio150pads/pfeed10000/layout.
INFO (XSTRM-220): 470. Translating STRUCTURE tsl18cio150_6lm_ab_pfeed10000 as cellView cio150pads/tsl18cio150_6lm_ab_pfeed10000/layout.
INFO (XSTRM-220): 471. Translating STRUCTURE pfeed30000 as cellView cio150pads/pfeed30000/layout.
INFO (XSTRM-220): 472. Translating STRUCTURE tsl18cio150_6lm_ab_pfeed30000 as cellView cio150pads/tsl18cio150_6lm_ab_pfeed30000/layout.
INFO (XSTRM-220): 473. Translating STRUCTURE subil_midconer2 as cellView cio150pads/subil_midconer2/layout.
INFO (XSTRM-220): 474. Translating STRUCTURE pfrelr as cellView cio150pads/pfrelr/layout.
INFO (XSTRM-220): 475. Translating STRUCTURE tsl18cio150_6lm_ab_pfrelr as cellView cio150pads/tsl18cio150_6lm_ab_pfrelr/layout.
INFO (XSTRM-220): 476. Translating STRUCTURE pt3b01 as cellView cio150pads/pt3b01/layout.
INFO (XSTRM-220): 477. Translating STRUCTURE tsl18cio150_6lm_ab_pt3b01 as cellView cio150pads/tsl18cio150_6lm_ab_pt3b01/layout.
INFO (XSTRM-220): 478. Translating STRUCTURE pt3b01d as cellView cio150pads/pt3b01d/layout.
INFO (XSTRM-220): 479. Translating STRUCTURE tsl18cio150_6lm_ab_pt3b01d as cellView cio150pads/tsl18cio150_6lm_ab_pt3b01d/layout.
INFO (XSTRM-220): 480. Translating STRUCTURE pt3b01u as cellView cio150pads/pt3b01u/layout.
INFO (XSTRM-220): 481. Translating STRUCTURE tsl18cio150_6lm_ab_pt3b01u as cellView cio150pads/tsl18cio150_6lm_ab_pt3b01u/layout.
INFO (XSTRM-220): 482. Translating STRUCTURE pt3b02 as cellView cio150pads/pt3b02/layout.
INFO (XSTRM-220): 483. Translating STRUCTURE tsl18cio150_6lm_ab_pt3b02 as cellView cio150pads/tsl18cio150_6lm_ab_pt3b02/layout.
INFO (XSTRM-220): 484. Translating STRUCTURE pt3b02d as cellView cio150pads/pt3b02d/layout.
INFO (XSTRM-220): 485. Translating STRUCTURE tsl18cio150_6lm_ab_pt3b02d as cellView cio150pads/tsl18cio150_6lm_ab_pt3b02d/layout.
INFO (XSTRM-220): 486. Translating STRUCTURE pt3b02u as cellView cio150pads/pt3b02u/layout.
INFO (XSTRM-220): 487. Translating STRUCTURE tsl18cio150_6lm_ab_pt3b02u as cellView cio150pads/tsl18cio150_6lm_ab_pt3b02u/layout.
INFO (XSTRM-220): 488. Translating STRUCTURE pt3b03 as cellView cio150pads/pt3b03/layout.
INFO (XSTRM-220): 489. Translating STRUCTURE tsl18cio150_6lm_ab_pt3b03 as cellView cio150pads/tsl18cio150_6lm_ab_pt3b03/layout.
INFO (XSTRM-220): 490. Translating STRUCTURE pt3b03d as cellView cio150pads/pt3b03d/layout.
INFO (XSTRM-220): 491. Translating STRUCTURE tsl18cio150_6lm_ab_pt3b03d as cellView cio150pads/tsl18cio150_6lm_ab_pt3b03d/layout.
INFO (XSTRM-220): 492. Translating STRUCTURE pt3b03u as cellView cio150pads/pt3b03u/layout.
INFO (XSTRM-220): 493. Translating STRUCTURE tsl18cio150_6lm_ab_pt3b03u as cellView cio150pads/tsl18cio150_6lm_ab_pt3b03u/layout.
INFO (XSTRM-220): 494. Translating STRUCTURE pt3o01 as cellView cio150pads/pt3o01/layout.
INFO (XSTRM-220): 495. Translating STRUCTURE tsl18cio150_6lm_ab_pt3o01 as cellView cio150pads/tsl18cio150_6lm_ab_pt3o01/layout.
INFO (XSTRM-220): 496. Translating STRUCTURE pt3o02 as cellView cio150pads/pt3o02/layout.
INFO (XSTRM-220): 497. Translating STRUCTURE tsl18cio150_6lm_ab_pt3o02 as cellView cio150pads/tsl18cio150_6lm_ab_pt3o02/layout.
INFO (XSTRM-220): 498. Translating STRUCTURE pt3o03 as cellView cio150pads/pt3o03/layout.
INFO (XSTRM-220): 499. Translating STRUCTURE tsl18cio150_6lm_ab_pt3o03 as cellView cio150pads/tsl18cio150_6lm_ab_pt3o03/layout.
INFO (XSTRM-220): 500. Translating STRUCTURE pt3t01 as cellView cio150pads/pt3t01/layout.
INFO (XSTRM-220): 501. Translating STRUCTURE tsl18cio150_6lm_ab_pt3t01 as cellView cio150pads/tsl18cio150_6lm_ab_pt3t01/layout.
INFO (XSTRM-220): 502. Translating STRUCTURE pt3t01d as cellView cio150pads/pt3t01d/layout.
INFO (XSTRM-220): 503. Translating STRUCTURE tsl18cio150_6lm_ab_pt3t01d as cellView cio150pads/tsl18cio150_6lm_ab_pt3t01d/layout.
INFO (XSTRM-220): 504. Translating STRUCTURE pt3t01u as cellView cio150pads/pt3t01u/layout.
INFO (XSTRM-220): 505. Translating STRUCTURE tsl18cio150_6lm_ab_pt3t01u as cellView cio150pads/tsl18cio150_6lm_ab_pt3t01u/layout.
INFO (XSTRM-220): 506. Translating STRUCTURE pt3t02 as cellView cio150pads/pt3t02/layout.
INFO (XSTRM-220): 507. Translating STRUCTURE tsl18cio150_6lm_ab_pt3t02 as cellView cio150pads/tsl18cio150_6lm_ab_pt3t02/layout.
INFO (XSTRM-220): 508. Translating STRUCTURE pt3t02d as cellView cio150pads/pt3t02d/layout.
INFO (XSTRM-220): 509. Translating STRUCTURE tsl18cio150_6lm_ab_pt3t02d as cellView cio150pads/tsl18cio150_6lm_ab_pt3t02d/layout.
INFO (XSTRM-220): 510. Translating STRUCTURE pt3t02u as cellView cio150pads/pt3t02u/layout.
INFO (XSTRM-220): 511. Translating STRUCTURE tsl18cio150_6lm_ab_pt3t02u as cellView cio150pads/tsl18cio150_6lm_ab_pt3t02u/layout.
INFO (XSTRM-220): 512. Translating STRUCTURE pt3t03 as cellView cio150pads/pt3t03/layout.
INFO (XSTRM-220): 513. Translating STRUCTURE tsl18cio150_6lm_ab_pt3t03 as cellView cio150pads/tsl18cio150_6lm_ab_pt3t03/layout.
INFO (XSTRM-220): 514. Translating STRUCTURE pt3t03d as cellView cio150pads/pt3t03d/layout.
INFO (XSTRM-220): 515. Translating STRUCTURE tsl18cio150_6lm_ab_pt3t03d as cellView cio150pads/tsl18cio150_6lm_ab_pt3t03d/layout.
INFO (XSTRM-220): 516. Translating STRUCTURE pt3t03u as cellView cio150pads/pt3t03u/layout.
INFO (XSTRM-220): 517. Translating STRUCTURE tsl18cio150_6lm_ab_pt3t03u as cellView cio150pads/tsl18cio150_6lm_ab_pt3t03u/layout.
INFO (XSTRM-220): 518. Translating STRUCTURE subil_ppgatebotringpower as cellView cio150pads/subil_ppgatebotringpower/layout.
INFO (XSTRM-220): 519. Translating STRUCTURE subil_ppgatebuffpower as cellView cio150pads/subil_ppgatebuffpower/layout.
INFO (XSTRM-220): 520. Translating STRUCTURE subil_ppgate2buffpower as cellView cio150pads/subil_ppgate2buffpower/layout.
INFO (XSTRM-220): 521. Translating STRUCTURE subil_ppgateringpower as cellView cio150pads/subil_ppgateringpower/layout.
INFO (XSTRM-220): 522. Translating STRUCTURE subil_ppbuffpower as cellView cio150pads/subil_ppbuffpower/layout.
INFO (XSTRM-220): 523. Translating STRUCTURE subil_iorulepower as cellView cio150pads/subil_iorulepower/layout.
INFO (XSTRM-220): 524. Translating STRUCTURE subil_4via_ESD as cellView cio150pads/subil_4via_ESD/layout.
INFO (XSTRM-220): 525. Translating STRUCTURE subil_pv0acon_ESD as cellView cio150pads/subil_pv0acon_ESD/layout.
INFO (XSTRM-220): 526. Translating STRUCTURE subil_powerbaseconvsso_ESD as cellView cio150pads/subil_powerbaseconvsso_ESD/layout.
INFO (XSTRM-220): 527. Translating STRUCTURE subil_powermetalring_ESD as cellView cio150pads/subil_powermetalring_ESD/layout.
INFO (XSTRM-220): 528. Translating STRUCTURE subil_m_via2_545 as cellView cio150pads/subil_m_via2_545/layout.
INFO (XSTRM-220): 529. Translating STRUCTURE subil_m_via_546 as cellView cio150pads/subil_m_via_546/layout.
INFO (XSTRM-220): 530. Translating STRUCTURE subil_pcappower as cellView cio150pads/subil_pcappower/layout.
INFO (XSTRM-220): 531. Translating STRUCTURE subil_powerbase_1 as cellView cio150pads/subil_powerbase_1/layout.
INFO (XSTRM-220): 532. Translating STRUCTURE subil_powerbasevsso_ESD as cellView cio150pads/subil_powerbasevsso_ESD/layout.
INFO (XSTRM-220): 533. Translating STRUCTURE pv0a as cellView cio150pads/pv0a/layout.
INFO (XSTRM-220): 534. Translating STRUCTURE tsl18cio150_6lm_ab_pv0a as cellView cio150pads/tsl18cio150_6lm_ab_pv0a/layout.
INFO (XSTRM-220): 535. Translating STRUCTURE subil_powerbase_10c as cellView cio150pads/subil_powerbase_10c/layout.
INFO (XSTRM-220): 536. Translating STRUCTURE subil_powerbase0c_ESD as cellView cio150pads/subil_powerbase0c_ESD/layout.
INFO (XSTRM-220): 537. Translating STRUCTURE subil_powerbasecon0c_ESD as cellView cio150pads/subil_powerbasecon0c_ESD/layout.
INFO (XSTRM-220): 538. Translating STRUCTURE subil_pv0ccon_ESD as cellView cio150pads/subil_pv0ccon_ESD/layout.
INFO (XSTRM-220): 539. Translating STRUCTURE subil_powermetalring0c_ESD1 as cellView cio150pads/subil_powermetalring0c_ESD1/layout.
INFO (XSTRM-220): 540. Translating STRUCTURE subil_ppgateringpower_0di as cellView cio150pads/subil_ppgateringpower_0di/layout.
INFO (XSTRM-220): 541. Translating STRUCTURE subil_ppgatebotringpower_0di as cellView cio150pads/subil_ppgatebotringpower_0di/layout.
INFO (XSTRM-220): 542. Translating STRUCTURE subil_ppgatebuffpower_0di_ESD22 as cellView cio150pads/subil_ppgatebuffpower_0di_ESD22/layout.
INFO (XSTRM-220): 543. Translating STRUCTURE subil_ppgate2buffpower_0di_ESD22 as cellView cio150pads/subil_ppgate2buffpower_0di_ESD22/layout.
INFO (XSTRM-220): 544. Translating STRUCTURE subil_ppbuffpower_0di_ESD22 as cellView cio150pads/subil_ppbuffpower_0di_ESD22/layout.
INFO (XSTRM-220): 545. Translating STRUCTURE pv0c as cellView cio150pads/pv0c/layout.
INFO (XSTRM-220): 546. Translating STRUCTURE tsl18cio150_6lm_ab_pv0c as cellView cio150pads/tsl18cio150_6lm_ab_pv0c/layout.
INFO (XSTRM-220): 547. Translating STRUCTURE subil_pngatering_4DRC as cellView cio150pads/subil_pngatering_4DRC/layout.
INFO (XSTRM-220): 548. Translating STRUCTURE subil_pngatebuff_ESD4DRC as cellView cio150pads/subil_pngatebuff_ESD4DRC/layout.
INFO (XSTRM-220): 549. Translating STRUCTURE subil_pngate2buff_ESD4DRC as cellView cio150pads/subil_pngate2buff_ESD4DRC/layout.
INFO (XSTRM-220): 550. Translating STRUCTURE subil_pnbuff_ESD4DRC as cellView cio150pads/subil_pnbuff_ESD4DRC/layout.
INFO (XSTRM-220): 551. Translating STRUCTURE subil_powerbase_ESD as cellView cio150pads/subil_powerbase_ESD/layout.
INFO (XSTRM-220): 552. Translating STRUCTURE subil_pv0fcon_ESD as cellView cio150pads/subil_pv0fcon_ESD/layout.
INFO (XSTRM-220): 553. Translating STRUCTURE pv0f as cellView cio150pads/pv0f/layout.
INFO (XSTRM-220): 554. Translating STRUCTURE tsl18cio150_6lm_ab_pv0f as cellView cio150pads/tsl18cio150_6lm_ab_pv0f/layout.
INFO (XSTRM-220): 555. Translating STRUCTURE subil_pv0icon_ESD as cellView cio150pads/subil_pv0icon_ESD/layout.
INFO (XSTRM-220): 556. Translating STRUCTURE subil_powerbaseconvsso_ESD1 as cellView cio150pads/subil_powerbaseconvsso_ESD1/layout.
INFO (XSTRM-220): 557. Translating STRUCTURE subil_powerbase_ESD2 as cellView cio150pads/subil_powerbase_ESD2/layout.
INFO (XSTRM-220): 558. Translating STRUCTURE subil_powermetalring_ESD2 as cellView cio150pads/subil_powermetalring_ESD2/layout.
INFO (XSTRM-220): 559. Translating STRUCTURE pv0i as cellView cio150pads/pv0i/layout.
INFO (XSTRM-220): 560. Translating STRUCTURE tsl18cio150_6lm_ab_pv0i as cellView cio150pads/tsl18cio150_6lm_ab_pv0i/layout.
INFO (XSTRM-220): 561. Translating STRUCTURE pvce as cellView cio150pads/pvce/layout.
INFO (XSTRM-220): 562. Translating STRUCTURE tsl18cio150_6lm_ab_pvce as cellView cio150pads/tsl18cio150_6lm_ab_pvce/layout.
INFO (XSTRM-220): 563. Translating STRUCTURE pvcf as cellView cio150pads/pvcf/layout.
INFO (XSTRM-220): 564. Translating STRUCTURE tsl18cio150_6lm_ab_pvcf as cellView cio150pads/tsl18cio150_6lm_ab_pvcf/layout.
INFO (XSTRM-220): 565. Translating STRUCTURE subil_powermetalring as cellView cio150pads/subil_powermetalring/layout.
INFO (XSTRM-220): 566. Translating STRUCTURE subil_powerbasevsso as cellView cio150pads/subil_powerbasevsso/layout.
INFO (XSTRM-220): 567. Translating STRUCTURE subil_powerbasecon_ESD as cellView cio150pads/subil_powerbasecon_ESD/layout.
INFO (XSTRM-220): 568. Translating STRUCTURE subil_pvdacon_ESD as cellView cio150pads/subil_pvdacon_ESD/layout.
INFO (XSTRM-220): 569. Translating STRUCTURE pvda as cellView cio150pads/pvda/layout.
INFO (XSTRM-220): 570. Translating STRUCTURE tsl18cio150_6lm_ab_pvda as cellView cio150pads/tsl18cio150_6lm_ab_pvda/layout.
INFO (XSTRM-220): 571. Translating STRUCTURE subil_powerbase_ESD1 as cellView cio150pads/subil_powerbase_ESD1/layout.
INFO (XSTRM-220): 572. Translating STRUCTURE subil_powermetalring_ESD1 as cellView cio150pads/subil_powermetalring_ESD1/layout.
INFO (XSTRM-220): 573. Translating STRUCTURE subil_pvdccon_ESD as cellView cio150pads/subil_pvdccon_ESD/layout.
INFO (XSTRM-220): 574. Translating STRUCTURE pvdc as cellView cio150pads/pvdc/layout.
INFO (XSTRM-220): 575. Translating STRUCTURE tsl18cio150_6lm_ab_pvdc as cellView cio150pads/tsl18cio150_6lm_ab_pvdc/layout.
INFO (XSTRM-220): 576. Translating STRUCTURE subil_pvdicon_ESD as cellView cio150pads/subil_pvdicon_ESD/layout.
INFO (XSTRM-220): 577. Translating STRUCTURE pvdi as cellView cio150pads/pvdi/layout.
INFO (XSTRM-220): 578. Translating STRUCTURE tsl18cio150_6lm_ab_pvdi as cellView cio150pads/tsl18cio150_6lm_ab_pvdi/layout.
INFO (XSTRM-220): 579. Translating STRUCTURE subil_pcb21con as cellView cio150pads/subil_pcb21con/layout.
INFO (XSTRM-220): 580. Translating STRUCTURE subil_pp18input0121 as cellView cio150pads/subil_pp18input0121/layout.
INFO (XSTRM-220): 581. Translating STRUCTURE subil_levelshift21 as cellView cio150pads/subil_levelshift21/layout.
INFO (XSTRM-220): 582. Translating STRUCTURE subil_pbdrive21 as cellView cio150pads/subil_pbdrive21/layout.
INFO (XSTRM-220): 583. Translating STRUCTURE pc3b21eu as cellView cio150pads/pc3b21eu/layout.
INFO (XSTRM-220): 584. Translating STRUCTURE tsl18cio150_6lm_ab_pc3b21eu as cellView cio150pads/tsl18cio150_6lm_ab_pc3b21eu/layout.
INFO (XSTRM-220): 585. Translating STRUCTURE tsl18cio150_6lm as cellView cio150pads/tsl18cio150_6lm/layout.

Summary of Objects Translated:
	Instances:                              251922
	CustomVias:                             0
	StandardVias:                           251
	CdsGenVias:                             0
	Arrays:                                 0
	Polygons:                               1261
	Paths:                                  243
	PathSegs:                               0
	Rectangles:                             40532
	Text:                                   6857
	Node:                                   0
	Line:                                   0
	Cells:                                  585

Elapsed Time: 3.2s   User Time: 1.6s   CPU Time: 0.2s   Peak VM: 28204KB  CPUs Used: 2
INFO (XSTRM-234): Translation completed. '0' error(s) and '5' warning(s) found.
