\o Program:		@(#)$CDS: libManager version 6.1.8 - CAT37 10/18/2022 20:11 (sjfdcl1032) $
\o Sub version:		sub-version  s292 
\o Arguments:		-unmapped -mpssession virtuoso3723472 -mpshost server3.eced.svnit.ac.in 
\o Working Directory:	server3.eced.svnit.ac.in:/home/iep4/projects/user4/work_libs/iep4/cds/RTL2GDS_6M1L_MAC
\o 64-bit offsets
\o Qt version: 		5.9.1
\o changeWorkingDir("/home/iep4/projects/user4/work_libs/iep4/cds/RTL2GDS_6M1L_MAC") unnecessary.
\o ddSetForcedLib("") unnecessary.
\o Log file is "/home/iep4/projects/user4/work_libs/iep4/cds/RTL2GDS_6M1L_MAC/libManager.log".
\o Opening libManager window.
\a nrSetWindowVisibility(cdsLibManager "show")
\o MPS service: map window
\o Library Manager customization server connected.
\a nrSetCurrentWindow(cdsLibManager)
\a nrResizeWindow(cdsLibManager list(970 141 763 616))
\a cdsLibManager->libListBox->value = "analogLib"
\a cdsLibManager->libLineEdit->value = "analogLib"
\a cdsLibManager->libListBox->value = "avTech"
\a cdsLibManager->libLineEdit->value = "avTech"
\a cdsLibManager->libListBox->value = "cdsDefTechLib"
\a cdsLibManager->libLineEdit->value = "cdsDefTechLib"
\a cdsLibManager->libListBox->value = "connectLib"
\a cdsLibManager->libLineEdit->value = "connectLib"
\a cdsLibManager->libLineEdit->value = ""
\a cdsLibManager->libListBox->value = nil
\a cdsLibManager->libListBox->value = "functional"
\a cdsLibManager->libLineEdit->value = "functional"
\a cdsLibManager->libListBox->value = "gpdk045"
\a cdsLibManager->libLineEdit->value = "gpdk045"
\a cdsLibManager->libLineEdit->value = ""
\a cdsLibManager->libListBox->value = nil
\a cdsLibManager->libListBox->value = "gpdk090"
\a cdsLibManager->libLineEdit->value = "gpdk090"
\a cdsLibManager->libListBox->value = "gpdk180"
\a cdsLibManager->libLineEdit->value = "gpdk180"
\a cdsLibManager->libListBox->value = "sample"
\a cdsLibManager->libLineEdit->value = "sample"
\a nrSetWindowVisibility(cdsLibManager "hide")
\a _lmgrCloseIconify("cdsLibManager" 1)
\a cdsLibManager->libListBox->value = nil
\a cdsLibManager->libLineEdit->value = ""
\a cdsLibManager->libListBox->value = "sample"
\a cdsLibManager->libLineEdit->value = "sample"
\o MPS service: shutdown
\o libManager is exiting.
\a exit(0)
