*** timeDesign #3 [begin] : totSession cpu/real = 0:01:34.5/0:05:56.2 (0.3), mem = 2377.2M
Start to check current routing status for nets...
All nets are already routed correctly.
End to check current routing status for nets (mem=2377.2M)
**WARN: (TCLCMD-1681):	The software has performed a full/partial timing reset. All existing timing path and timing point collection references have been invalidated and may no longer be referenced.

------------------------------------------------------------------
          timeDesign Summary
------------------------------------------------------------------

Setup views included:
 worst 

+--------------------+---------+---------+---------+
|     Setup mode     |   all   | reg2reg | default |
+--------------------+---------+---------+---------+
|           WNS (ns):| 184.839 | 184.839 | 185.220 |
|           TNS (ns):|  0.000  |  0.000  |  0.000  |
|    Violating Paths:|    0    |    0    |    0    |
|          All Paths:|   34    |   25    |   34    |
+--------------------+---------+---------+---------+
|worst               | 184.839 | 184.839 | 185.220 |
|                    |  0.000  |  0.000  |  0.000  |
|                    |    0    |    0    |    0    |
|                    |   34    |   25    |   34    |
+--------------------+---------+---------+---------+

+----------------+-------------------------------+------------------+
|                |              Real             |       Total      |
|    DRVs        +------------------+------------+------------------|
|                |  Nr nets(terms)  | Worst Vio  |  Nr nets(terms)  |
+----------------+------------------+------------+------------------+
|   max_cap      |      0 (0)       |   0.000    |      0 (0)       |
|   max_tran     |      0 (0)       |   0.000    |      0 (0)       |
|   max_fanout   |      0 (0)       |     0      |      0 (0)       |
|   max_length   |      0 (0)       |     0      |      0 (0)       |
+----------------+------------------+------------+------------------+

Density: 0.437%
Routing Overflow: 0.00% H and 0.00% V
------------------------------------------------------------------
Reported timing to dir ./timingReports
Total CPU time: 0.41 sec
Total Real time: 3.0 sec
Total Memory Usage: 2377.386719 Mbytes
