###############################################################
#  Generated by:      Cadence Innovus 21.15-s110_1
#  OS:                Linux x86_64(Host ID server3.eced.svnit.ac.in)
#  Generated on:      Tue Jun 23 12:06:03 2026
#  Design:            mac_4x4_wrapper_chip
#  Command:           checkDesign -all > ./PowerPlanning/mac_4x4_wrapper_chip_PP_design.rpt
###############################################################
Design: mac_4x4_wrapper_chip

------ Design Summary:
Total Standard Cell Number   (cells) : 133
Total Block Cell Number      (cells) : 0
Total I/O Pad Cell Number    (cells) : 520
Total Standard Cell Area     ( um^2) : 4556.61
Total Block Cell Area        ( um^2) : 0.00
Total I/O Pad Cell Area      ( um^2) : 1689880.00

------ Design Statistics:

Number of Instances            : 653
Number of Non-uniquified Insts : 646
Number of Nets                 : 203
Average number of Pins per Net : 2.82
Maximum number of Pins in Net  : 35

------ I/O Port summary

Number of Primary I/O Ports    : 27
Number of Input Ports          : 11
Number of Output Ports         : 16
Number of Bidirectional Ports  : 0
Number of Power/Ground Ports   : 0



------------------------------------------------------------
Detail report:


------ I/O Pad/Port Checking


