###############################################################
#  Generated by:      Cadence Innovus 21.15-s110_1
#  OS:                Linux x86_64(Host ID server3.eced.svnit.ac.in)
#  Generated on:      Tue Jun 23 12:06:03 2026
#  Design:            mac_4x4_wrapper_chip
#  Command:           checkDesign -all > ./PowerPlanning/mac_4x4_wrapper_chip_PP_design.rpt
###############################################################

#########################################################
### IO instance overlapping with  other IO instance>
### (Using {} to escape special chars in IO Inst names)
set pchkIoOverlapList [list \
	{FILLER_E_116} \
	{FILLER_E_115} \
	{FILLER_E_114} \
	{FILLER_E_113} \
	{FILLER_E_112} \
	{FILLER_E_111} \
	{FILLER_E_110} \
	{FILLER_E_109} \
	{FILLER_S_116} \
	{FILLER_S_115} \
	{FILLER_S_114} \
	{FILLER_S_113} \
	{FILLER_S_112} \
	{FILLER_S_111} \
	{FILLER_S_110} \
	{FILLER_S_109} \
	{FILLER_W_116} \
	{FILLER_W_115} \
	{FILLER_W_114} \
	{FILLER_W_113} \
	{FILLER_W_112} \
	{FILLER_W_111} \
	{FILLER_W_110} \
	{FILLER_W_109} \
	{FILLER_N_116} \
	{FILLER_N_115} \
	{FILLER_N_114} \
	{FILLER_N_113} \
	{FILLER_N_112} \
	{FILLER_N_111} \
	{FILLER_N_110} \
	{FILLER_N_109} \
	{FILLER_E_104} \
	{FILLER_E_103} \
	{FILLER_E_102} \
	{FILLER_E_101} \
	{FILLER_E_100} \
	{FILLER_E_99} \
	{FILLER_E_98} \
	{FILLER_E_97} \
	{FILLER_S_104} \
	{FILLER_S_103} \
	{FILLER_S_102} \
	{FILLER_S_101} \
	{FILLER_S_100} \
	{FILLER_S_99} \
	{FILLER_S_98} \
	{FILLER_S_97} \
	{FILLER_W_104} \
	{FILLER_W_103} \
	{FILLER_W_102} \
	{FILLER_W_101} \
	{FILLER_W_100} \
	{FILLER_W_99} \
	{FILLER_W_98} \
	{FILLER_W_97} \
	{FILLER_N_104} \
	{FILLER_N_103} \
	{FILLER_N_102} \
	{FILLER_N_101} \
	{FILLER_N_100} \
	{FILLER_N_99} \
	{FILLER_N_98} \
	{FILLER_N_97} \
	]

## Summary: 
#########################################################
## Number of Placed Instances = 0
## Number of Unplaced Instances = 133
## Placement Density:0.42%(4557/1077357)
## Placement Density (including fixed std cells):0.42%(4557/1077357)
