============================================================
  Generated by:           Genus(TM) Synthesis Solution 21.14-s082_1
  Generated on:           Jun 22 2026  03:24:28 pm
  Module:                 mac_4x4_wrapper_chip
  Technology libraries:   tsl18fs120_scl_ss 1
                          tsl18cio150_max 1.0
                          tsl18fs120_scl_ff 1
                          tsl18cio150_min 1.0
  Operating conditions:   tsl18cio150_max (worst_case_tree)
  Wireload mode:          enclosed
  Area mode:              timing library
============================================================

      Instance        Module  Cell Count  Cell Area  Net Area   Total Area  Wireload  
--------------------------------------------------------------------------------------
mac_4x4_wrapper_chip                 161  40828.712    66.153    40894.865 70000 (S)  
  dut                mac_4x4         133   4556.390    42.822     4599.212  8000 (S)  
  (S) = wireload was automatically selected
============================================================
  Generated by:           Genus(TM) Synthesis Solution 21.14-s082_1
  Generated on:           Jun 22 2026  03:25:37 pm
  Module:                 mac_4x4_wrapper_chip
  Technology libraries:   tsl18fs120_scl_ss 1
                          tsl18cio150_max 1.0
                          tsl18fs120_scl_ff 1
                          tsl18cio150_min 1.0
  Operating conditions:   tsl18cio150_max (worst_case_tree)
  Wireload mode:          enclosed
  Area mode:              timing library
============================================================

      Instance        Module  Cell Count  Cell Area  Net Area   Total Area  Wireload  
--------------------------------------------------------------------------------------
mac_4x4_wrapper_chip                 161  40828.712    66.153    40894.865 70000 (S)  
  dut                mac_4x4         133   4556.390    42.822     4599.212  8000 (S)  
  (S) = wireload was automatically selected
============================================================
  Generated by:           Genus(TM) Synthesis Solution 21.14-s082_1
  Generated on:           Jun 22 2026  03:32:28 pm
  Module:                 mac_4x4_wrapper_chip
  Technology libraries:   tsl18fs120_scl_ss 1
                          tsl18cio150_max 1.0
                          tsl18fs120_scl_ff 1
                          tsl18cio150_min 1.0
  Operating conditions:   tsl18cio150_max (worst_case_tree)
  Wireload mode:          enclosed
  Area mode:              timing library
============================================================

      Instance        Module  Cell Count  Cell Area  Net Area   Total Area  Wireload  
--------------------------------------------------------------------------------------
mac_4x4_wrapper_chip                 161  40828.712    66.153    40894.865 70000 (S)  
  dut                mac_4x4         133   4556.390    42.822     4599.212  8000 (S)  
  (S) = wireload was automatically selected
