============================================================
  Generated by:           Genus(TM) Synthesis Solution 21.14-s082_1
  Generated on:           Jun 22 2026  03:24:28 pm
  Module:                 mac_4x4_wrapper_chip
  Technology libraries:   tsl18fs120_scl_ss 1
                          tsl18cio150_max 1.0
                          tsl18fs120_scl_ff 1
                          tsl18cio150_min 1.0
  Operating conditions:   tsl18cio150_max (worst_case_tree)
  Wireload mode:          enclosed
  Area mode:              timing library
============================================================

                               
  Gate    Instances    Area           Library       
----------------------------------------------------
ad01d1           20   1191.600    tsl18fs120_scl_ss 
ah01d1            4    138.000    tsl18fs120_scl_ss 
an02d1           12    188.160    tsl18fs120_scl_ss 
an03d1            2     37.640    tsl18fs120_scl_ss 
an12d1            1     21.950    tsl18fs120_scl_ss 
aoi211d1          1     18.820    tsl18fs120_scl_ss 
aoi22d1          16    301.120    tsl18fs120_scl_ss 
dfnrb1            3    188.160    tsl18fs120_scl_ss 
dfnrn1            5    297.900    tsl18fs120_scl_ss 
dfnrq1           26   1549.080    tsl18fs120_scl_ss 
inv0d1            1      9.410    tsl18fs120_scl_ss 
nd02d1            6     75.240    tsl18fs120_scl_ss 
nd12d1            6     94.080    tsl18fs120_scl_ss 
nr02d1           23    288.420    tsl18fs120_scl_ss 
oai21d1           1     15.680    tsl18fs120_scl_ss 
oai22d1           1     18.820    tsl18fs120_scl_ss 
oan211d1          2     37.640    tsl18fs120_scl_ss 
or02d1            2     31.360    tsl18fs120_scl_ss 
pc3c01            1   1295.440    tsl18cio150_max   
pc3d01           11  14249.841    tsl18cio150_max   
pc3o01           16  20727.041    tsl18cio150_max   
xr03d1            1     53.310    tsl18fs120_scl_ss 
----------------------------------------------------
total           161  40828.712                      


     Library      Instances    Area   Instances % 
--------------------------------------------------
tsl18cio150_max          28 36272.322        17.4 
tsl18fs120_scl_ss       133  4556.390        82.6 

                                          
     Type      Instances    Area   Area % 
------------------------------------------
timing_model          28 36272.322   88.8 
sequential            34  2035.140    5.0 
inverter               1     9.410    0.0 
logic                 98  2511.840    6.2 
physical_cells         0     0.000    0.0 
------------------------------------------
total                161 40828.712  100.0 

============================================================
  Generated by:           Genus(TM) Synthesis Solution 21.14-s082_1
  Generated on:           Jun 22 2026  03:25:37 pm
  Module:                 mac_4x4_wrapper_chip
  Technology libraries:   tsl18fs120_scl_ss 1
                          tsl18cio150_max 1.0
                          tsl18fs120_scl_ff 1
                          tsl18cio150_min 1.0
  Operating conditions:   tsl18cio150_max (worst_case_tree)
  Wireload mode:          enclosed
  Area mode:              timing library
============================================================

                               
  Gate    Instances    Area           Library       
----------------------------------------------------
ad01d1           20   1191.600    tsl18fs120_scl_ss 
ah01d1            4    138.000    tsl18fs120_scl_ss 
an02d1           12    188.160    tsl18fs120_scl_ss 
an03d1            2     37.640    tsl18fs120_scl_ss 
an12d1            1     21.950    tsl18fs120_scl_ss 
aoi211d1          1     18.820    tsl18fs120_scl_ss 
aoi22d1          16    301.120    tsl18fs120_scl_ss 
dfnrb1            3    188.160    tsl18fs120_scl_ss 
dfnrn1            5    297.900    tsl18fs120_scl_ss 
dfnrq1           26   1549.080    tsl18fs120_scl_ss 
inv0d1            1      9.410    tsl18fs120_scl_ss 
nd02d1            6     75.240    tsl18fs120_scl_ss 
nd12d1            6     94.080    tsl18fs120_scl_ss 
nr02d1           23    288.420    tsl18fs120_scl_ss 
oai21d1           1     15.680    tsl18fs120_scl_ss 
oai22d1           1     18.820    tsl18fs120_scl_ss 
oan211d1          2     37.640    tsl18fs120_scl_ss 
or02d1            2     31.360    tsl18fs120_scl_ss 
pc3c01            1   1295.440    tsl18cio150_max   
pc3d01           11  14249.841    tsl18cio150_max   
pc3o01           16  20727.041    tsl18cio150_max   
xr03d1            1     53.310    tsl18fs120_scl_ss 
----------------------------------------------------
total           161  40828.712                      


     Library      Instances    Area   Instances % 
--------------------------------------------------
tsl18cio150_max          28 36272.322        17.4 
tsl18fs120_scl_ss       133  4556.390        82.6 

                                          
     Type      Instances    Area   Area % 
------------------------------------------
timing_model          28 36272.322   88.8 
sequential            34  2035.140    5.0 
inverter               1     9.410    0.0 
logic                 98  2511.840    6.2 
physical_cells         0     0.000    0.0 
------------------------------------------
total                161 40828.712  100.0 

============================================================
  Generated by:           Genus(TM) Synthesis Solution 21.14-s082_1
  Generated on:           Jun 22 2026  03:32:28 pm
  Module:                 mac_4x4_wrapper_chip
  Technology libraries:   tsl18fs120_scl_ss 1
                          tsl18cio150_max 1.0
                          tsl18fs120_scl_ff 1
                          tsl18cio150_min 1.0
  Operating conditions:   tsl18cio150_max (worst_case_tree)
  Wireload mode:          enclosed
  Area mode:              timing library
============================================================

                               
  Gate    Instances    Area           Library       
----------------------------------------------------
ad01d1           20   1191.600    tsl18fs120_scl_ss 
ah01d1            4    138.000    tsl18fs120_scl_ss 
an02d1           12    188.160    tsl18fs120_scl_ss 
an03d1            2     37.640    tsl18fs120_scl_ss 
an12d1            1     21.950    tsl18fs120_scl_ss 
aoi211d1          1     18.820    tsl18fs120_scl_ss 
aoi22d1          16    301.120    tsl18fs120_scl_ss 
dfnrb1            3    188.160    tsl18fs120_scl_ss 
dfnrn1            5    297.900    tsl18fs120_scl_ss 
dfnrq1           26   1549.080    tsl18fs120_scl_ss 
inv0d1            1      9.410    tsl18fs120_scl_ss 
nd02d1            6     75.240    tsl18fs120_scl_ss 
nd12d1            6     94.080    tsl18fs120_scl_ss 
nr02d1           23    288.420    tsl18fs120_scl_ss 
oai21d1           1     15.680    tsl18fs120_scl_ss 
oai22d1           1     18.820    tsl18fs120_scl_ss 
oan211d1          2     37.640    tsl18fs120_scl_ss 
or02d1            2     31.360    tsl18fs120_scl_ss 
pc3c01            1   1295.440    tsl18cio150_max   
pc3d01           11  14249.841    tsl18cio150_max   
pc3o01           16  20727.041    tsl18cio150_max   
xr03d1            1     53.310    tsl18fs120_scl_ss 
----------------------------------------------------
total           161  40828.712                      


     Library      Instances    Area   Instances % 
--------------------------------------------------
tsl18cio150_max          28 36272.322        17.4 
tsl18fs120_scl_ss       133  4556.390        82.6 

                                          
     Type      Instances    Area   Area % 
------------------------------------------
timing_model          28 36272.322   88.8 
sequential            34  2035.140    5.0 
inverter               1     9.410    0.0 
logic                 98  2511.840    6.2 
physical_cells         0     0.000    0.0 
------------------------------------------
total                161 40828.712  100.0 

