Instance: /mac_4x4_wrapper_chip
Power Unit: W
PDB Frames: /stim#0/frame#0
  -------------------------------------------------------------------------
    Category         Leakage     Internal    Switching        Total    Row%
  -------------------------------------------------------------------------
      memory     0.00000e+00  0.00000e+00  0.00000e+00  0.00000e+00   0.00%
    register     2.60131e-08  1.00958e-05  3.84624e-06  1.39681e-05   4.06%
       latch     0.00000e+00  0.00000e+00  0.00000e+00  0.00000e+00   0.00%
       logic     3.53555e-08  2.35890e-06  1.29643e-06  3.69069e-06   1.07%
        bbox     0.00000e+00  0.00000e+00  0.00000e+00  0.00000e+00   0.00%
       clock     0.00000e+00  0.00000e+00  4.64256e-05  4.64256e-05  13.50%
         pad     1.04543e-05  2.19029e-04  5.03227e-05  2.79806e-04  81.36%
          pm     0.00000e+00  0.00000e+00  0.00000e+00  0.00000e+00   0.00%
  -------------------------------------------------------------------------
    Subtotal     1.05156e-05  2.31484e-04  1.01891e-04  3.43891e-04  99.99%
  Percentage           3.06%       67.31%       29.63%      100.00% 100.00%
  -------------------------------------------------------------------------
Instance: /mac_4x4_wrapper_chip
Power Unit: W
PDB Frames: /stim#0/frame#0
  -------------------------------------------------------------------------
    Category         Leakage     Internal    Switching        Total    Row%
  -------------------------------------------------------------------------
      memory     0.00000e+00  0.00000e+00  0.00000e+00  0.00000e+00   0.00%
    register     2.60131e-08  1.00958e-05  3.84624e-06  1.39681e-05   4.06%
       latch     0.00000e+00  0.00000e+00  0.00000e+00  0.00000e+00   0.00%
       logic     3.53555e-08  2.35890e-06  1.29643e-06  3.69069e-06   1.07%
        bbox     0.00000e+00  0.00000e+00  0.00000e+00  0.00000e+00   0.00%
       clock     0.00000e+00  0.00000e+00  4.64256e-05  4.64256e-05  13.50%
         pad     1.04543e-05  2.19029e-04  5.03227e-05  2.79806e-04  81.36%
          pm     0.00000e+00  0.00000e+00  0.00000e+00  0.00000e+00   0.00%
  -------------------------------------------------------------------------
    Subtotal     1.05156e-05  2.31484e-04  1.01891e-04  3.43891e-04  99.99%
  Percentage           3.06%       67.31%       29.63%      100.00% 100.00%
  -------------------------------------------------------------------------
Instance: /mac_4x4_wrapper_chip
Power Unit: W
PDB Frames: /stim#0/frame#0
  -------------------------------------------------------------------------
    Category         Leakage     Internal    Switching        Total    Row%
  -------------------------------------------------------------------------
      memory     0.00000e+00  0.00000e+00  0.00000e+00  0.00000e+00   0.00%
    register     2.60131e-08  1.00958e-05  3.84624e-06  1.39681e-05   4.06%
       latch     0.00000e+00  0.00000e+00  0.00000e+00  0.00000e+00   0.00%
       logic     3.53555e-08  2.35890e-06  1.29643e-06  3.69069e-06   1.07%
        bbox     0.00000e+00  0.00000e+00  0.00000e+00  0.00000e+00   0.00%
       clock     0.00000e+00  0.00000e+00  4.64256e-05  4.64256e-05  13.50%
         pad     1.04543e-05  2.19029e-04  5.03227e-05  2.79806e-04  81.36%
          pm     0.00000e+00  0.00000e+00  0.00000e+00  0.00000e+00   0.00%
  -------------------------------------------------------------------------
    Subtotal     1.05156e-05  2.31484e-04  1.01891e-04  3.43891e-04  99.99%
  Percentage           3.06%       67.31%       29.63%      100.00% 100.00%
  -------------------------------------------------------------------------
