============================================================
  Generated by:           Genus(TM) Synthesis Solution 21.14-s082_1
  Generated on:           Jun 22 2026  03:24:28 pm
  Module:                 mac_4x4_wrapper_chip
  Technology libraries:   tsl18fs120_scl_ss 1
                          tsl18cio150_max 1.0
                          tsl18fs120_scl_ff 1
                          tsl18cio150_min 1.0
  Operating conditions:   tsl18cio150_max (worst_case_tree)
  Wireload mode:          enclosed
  Area mode:              timing library
============================================================

Timing
--------

Clock  Period  
---------------
clk   200000.0 


  Cost    Critical         Violating 
 Group   Path Slack  TNS     Paths   
-------------------------------------
clk        No paths   0.0            
default    No paths   0.0            
I2R        184683.6   0.0          0 
R2O        No paths   0.0            
R2R        185014.5   0.0          0 
-------------------------------------
Total                 0.0          0 

Instance Count
--------------
Leaf Instance Count             161 
Physical Instance count           0 
Sequential Instance Count        34 
Combinational Instance Count    127 
Hierarchical Instance Count       1 

Area
----
Cell Area                          40828.712
Physical Cell Area                 0.000
Total Cell Area (Cell+Physical)    40828.712
Net Area                           66.153
Total Area (Cell+Physical+Net)     40894.865

Max Fanout                         34 (clk_buf)
Min Fanout                         0 (clk_pad)
Average Fanout                     1.7
Terms to net ratio                 2.7387
Terms to instance ratio            3.3851
Runtime                            29.997715 seconds
Elapsed Runtime                    68 seconds
Genus peak memory usage            1681.48 
Innovus peak memory usage          no_value 
Hostname                           server3.eced.svnit.ac.in
============================================================
  Generated by:           Genus(TM) Synthesis Solution 21.14-s082_1
  Generated on:           Jun 22 2026  03:25:37 pm
  Module:                 mac_4x4_wrapper_chip
  Technology libraries:   tsl18fs120_scl_ss 1
                          tsl18cio150_max 1.0
                          tsl18fs120_scl_ff 1
                          tsl18cio150_min 1.0
  Operating conditions:   tsl18cio150_max (worst_case_tree)
  Wireload mode:          enclosed
  Area mode:              timing library
============================================================

Timing
--------

Clock  Period  
---------------
clk   200000.0 


  Cost    Critical         Violating 
 Group   Path Slack  TNS     Paths   
-------------------------------------
clk        No paths   0.0            
default    No paths   0.0            
I2R        184683.6   0.0          0 
R2O        No paths   0.0            
R2R        185014.5   0.0          0 
-------------------------------------
Total                 0.0          0 

Instance Count
--------------
Leaf Instance Count             161 
Physical Instance count           0 
Sequential Instance Count        34 
Combinational Instance Count    127 
Hierarchical Instance Count       1 

Area
----
Cell Area                          40828.712
Physical Cell Area                 0.000
Total Cell Area (Cell+Physical)    40828.712
Net Area                           66.153
Total Area (Cell+Physical+Net)     40894.865

Max Fanout                         34 (clk_buf)
Min Fanout                         0 (clk_pad)
Average Fanout                     1.7
Terms to net ratio                 2.7387
Terms to instance ratio            3.3851
Runtime                            28.971356 seconds
Elapsed Runtime                    39 seconds
Genus peak memory usage            1692.59 
Innovus peak memory usage          no_value 
Hostname                           server3.eced.svnit.ac.in
============================================================
  Generated by:           Genus(TM) Synthesis Solution 21.14-s082_1
  Generated on:           Jun 22 2026  03:32:28 pm
  Module:                 mac_4x4_wrapper_chip
  Technology libraries:   tsl18fs120_scl_ss 1
                          tsl18cio150_max 1.0
                          tsl18fs120_scl_ff 1
                          tsl18cio150_min 1.0
  Operating conditions:   tsl18cio150_max (worst_case_tree)
  Wireload mode:          enclosed
  Area mode:              timing library
============================================================

Timing
--------

Clock  Period  
---------------
clk   200000.0 


  Cost    Critical         Violating 
 Group   Path Slack  TNS     Paths   
-------------------------------------
clk        No paths   0.0            
default    No paths   0.0            
I2R        184683.6   0.0          0 
R2O        No paths   0.0            
R2R        185014.5   0.0          0 
-------------------------------------
Total                 0.0          0 

Instance Count
--------------
Leaf Instance Count             161 
Physical Instance count           0 
Sequential Instance Count        34 
Combinational Instance Count    127 
Hierarchical Instance Count       1 

Area
----
Cell Area                          40828.712
Physical Cell Area                 0.000
Total Cell Area (Cell+Physical)    40828.712
Net Area                           66.153
Total Area (Cell+Physical+Net)     40894.865

Max Fanout                         34 (clk_buf)
Min Fanout                         0 (clk_pad)
Average Fanout                     1.7
Terms to net ratio                 2.7387
Terms to instance ratio            3.3851
Runtime                            26.927443 seconds
Elapsed Runtime                    40 seconds
Genus peak memory usage            1679.47 
Innovus peak memory usage          no_value 
Hostname                           server3.eced.svnit.ac.in
