============================================================
  Generated by:           Genus(TM) Synthesis Solution 21.14-s082_1
  Generated on:           Jun 22 2026  03:24:28 pm
  Module:                 mac_4x4_wrapper_chip
  Technology libraries:   tsl18fs120_scl_ss 1
                          tsl18cio150_max 1.0
                          tsl18fs120_scl_ff 1
                          tsl18cio150_min 1.0
  Operating conditions:   tsl18cio150_max (worst_case_tree)
  Wireload mode:          enclosed
  Area mode:              timing library
============================================================

             Pin                      Type       Fanout  Load  Slew Delay Arrival   
                                                         (fF)  (ps)  (ps)   (ps)    
------------------------------------------------------------------------------------
(clock clk)                         launch                                      0 R 
(constraints_top_2.sd_line_53)      ext delay                       +5000    5000 F 
rst                                 in port           1 3538.0    0    +0    5000 F 
pc3d01_rst/PAD                                                         +0    5000   
pc3d01_rst/CIN                      pc3d01           22  372.5 1522 +1698    6698 F 
dut/rst 
  g1218/I                                                              +0    6698   
  g1218/ZN                          inv0d1           13  132.3 1681 +1123    7821 R 
  g1175__9945/A1                                                      +17    7838   
  g1175__9945/Z                     an03d1            1    5.3  161  +325    8163 R 
  mult_reg_reg[1]/D            <<<  dfnrq1                             +0    8163   
  mult_reg_reg[1]/CP                setup                         0  +153    8316 R 
- - - - - - - - - - - - - - - - - - - - - - - - - - - - - - - - - - - - - - - - - - 
(clock clk)                         capture                                200000 R 
                                    uncertainty                     -7000  193000 R 
------------------------------------------------------------------------------------
Cost Group   : 'I2R' (path_group 'constraints_top_2.sd_line_89')
Timing slack :  184684ps 
Start-point  : rst
End-point    : dut/mult_reg_reg[1]/D

============================================================
  Generated by:           Genus(TM) Synthesis Solution 21.14-s082_1
  Generated on:           Jun 22 2026  03:25:37 pm
  Module:                 mac_4x4_wrapper_chip
  Technology libraries:   tsl18fs120_scl_ss 1
                          tsl18cio150_max 1.0
                          tsl18fs120_scl_ff 1
                          tsl18cio150_min 1.0
  Operating conditions:   tsl18cio150_max (worst_case_tree)
  Wireload mode:          enclosed
  Area mode:              timing library
============================================================

             Pin                      Type       Fanout  Load  Slew Delay Arrival   
                                                         (fF)  (ps)  (ps)   (ps)    
------------------------------------------------------------------------------------
(clock clk)                         launch                                      0 R 
(constraints_top_2.sd_line_53)      ext delay                       +5000    5000 F 
rst                                 in port           1 3538.0    0    +0    5000 F 
pc3d01_rst/PAD                                                         +0    5000   
pc3d01_rst/CIN                      pc3d01           22  372.5 1522 +1698    6698 F 
dut/rst 
  g1218/I                                                              +0    6698   
  g1218/ZN                          inv0d1           13  132.3 1681 +1123    7821 R 
  g1175__9945/A1                                                      +17    7838   
  g1175__9945/Z                     an03d1            1    5.3  161  +325    8163 R 
  mult_reg_reg[1]/D            <<<  dfnrq1                             +0    8163   
  mult_reg_reg[1]/CP                setup                         0  +153    8316 R 
- - - - - - - - - - - - - - - - - - - - - - - - - - - - - - - - - - - - - - - - - - 
(clock clk)                         capture                                200000 R 
                                    uncertainty                     -7000  193000 R 
------------------------------------------------------------------------------------
Cost Group   : 'I2R' (path_group 'constraints_top_2.sd_line_89')
Timing slack :  184684ps 
Start-point  : rst
End-point    : dut/mult_reg_reg[1]/D

============================================================
  Generated by:           Genus(TM) Synthesis Solution 21.14-s082_1
  Generated on:           Jun 22 2026  03:32:28 pm
  Module:                 mac_4x4_wrapper_chip
  Technology libraries:   tsl18fs120_scl_ss 1
                          tsl18cio150_max 1.0
                          tsl18fs120_scl_ff 1
                          tsl18cio150_min 1.0
  Operating conditions:   tsl18cio150_max (worst_case_tree)
  Wireload mode:          enclosed
  Area mode:              timing library
============================================================

             Pin                      Type       Fanout  Load  Slew Delay Arrival   
                                                         (fF)  (ps)  (ps)   (ps)    
------------------------------------------------------------------------------------
(clock clk)                         launch                                      0 R 
(constraints_top_2.sd_line_53)      ext delay                       +5000    5000 F 
rst                                 in port           1 3538.0    0    +0    5000 F 
pc3d01_rst/PAD                                                         +0    5000   
pc3d01_rst/CIN                      pc3d01           22  372.5 1522 +1698    6698 F 
dut/rst 
  g1218/I                                                              +0    6698   
  g1218/ZN                          inv0d1           13  132.3 1681 +1123    7821 R 
  g1175__9945/A1                                                      +17    7838   
  g1175__9945/Z                     an03d1            1    5.3  161  +325    8163 R 
  mult_reg_reg[1]/D            <<<  dfnrq1                             +0    8163   
  mult_reg_reg[1]/CP                setup                         0  +153    8316 R 
- - - - - - - - - - - - - - - - - - - - - - - - - - - - - - - - - - - - - - - - - - 
(clock clk)                         capture                                200000 R 
                                    uncertainty                     -7000  193000 R 
------------------------------------------------------------------------------------
Cost Group   : 'I2R' (path_group 'constraints_top_2.sd_line_89')
Timing slack :  184684ps 
Start-point  : rst
End-point    : dut/mult_reg_reg[1]/D

