###############################################################
#  Generated by:      Cadence Innovus 21.15-s110_1
#  OS:                Linux x86_64(Host ID server3.eced.svnit.ac.in)
#  Generated on:      Tue Jun 23 12:12:30 2026
#  Design:            mac_4x4_wrapper_chip
#  Command:           report_ccopt_clock_trees -summary -file ./ClockTreeSynthesis/mac_4x4_wrapper_chip_clock_trees.rpt
###############################################################

Clock DAG stats:
================

-----------------------------------------------------------
Cell type                 Count    Area         Capacitance
-----------------------------------------------------------
Buffers                     0          0.000       0.000
Inverters                   0          0.000       0.000
Integrated Clock Gates      0          0.000       0.000
Discrete Clock Gates        0          0.000       0.000
Clock Logic                 2      32500.000       3.718
All                         2      32500.000       3.718
-----------------------------------------------------------


Clock DAG sink counts:
======================

-------------------------
Sink type           Count
-------------------------
Regular              34
Enable Latch          0
Load Capacitance      0
Antenna Diode         0
Node Sink             0
Total                34
-------------------------


Clock DAG wire lengths:
=======================

--------------------
Type     Wire Length
--------------------
Top          0.000
Trunk      133.485
Leaf      1851.360
Total     1984.845
--------------------


Clock DAG hp wire lengths:
==========================

-----------------------
Type     hp Wire Length
-----------------------
Top            0.000
Trunk        115.760
Leaf        1602.480
Total       1718.240
-----------------------


Clock DAG capacitances:
=======================

--------------------------------
Type     Gate     Wire     Total
--------------------------------
Top      0.000    0.000    0.000
Trunk    3.718    0.016    3.734
Leaf     0.075    0.228    0.303
Total    3.793    0.244    4.037
--------------------------------


Clock DAG sink capacitances:
============================

-----------------------------------------------
Total    Average    Std. Dev.    Min      Max
-----------------------------------------------
0.075     0.002       0.000      0.002    0.002
-----------------------------------------------


Clock DAG net violations:
=========================

None


Clock DAG primary half-corner transition distribution:
======================================================

--------------------------------------------------------------------------------------------------------------------------------------------------------------
Net Type    Target    Count    Average    Std. Dev.    Min      Max      Distribution                                                              Over Target
--------------------------------------------------------------------------------------------------------------------------------------------------------------
Trunk       2.000       2       0.507       0.710      0.005    1.010    {2 <= 1.200ns, 0 <= 1.600ns, 0 <= 1.800ns, 0 <= 1.900ns, 0 <= 2.000ns}         -
Leaf        2.000       1       0.306       0.000      0.306    0.306    {1 <= 1.200ns, 0 <= 1.600ns, 0 <= 1.800ns, 0 <= 1.900ns, 0 <= 2.000ns}         -
--------------------------------------------------------------------------------------------------------------------------------------------------------------


Clock DAG library cell distribution:
====================================

--------------------------------------
Name      Type     Inst     Inst Area 
                   Count    (um^2)
--------------------------------------
pc3c01    logic      1      16250.000
pc3d01    logic      1      16250.000
--------------------------------------



Please note that the following tables reflect only the defined clock trees, so the flop counts might not include all flops in your design.

Clock Tree Summary:
===================

----------------------------------------------------------------------------------------------------------------------
Clock Tree  Clock  Bufs  Invs  Other  Max       Max     Max      Max          Standard   Wire   Gate   Clock Tree Root
Name        Gates              Clock  Non-leaf  Leaf    Length   Source-sink  cell area  cap    cap    
                               Cells  Fanout    Fanout  (um)     Resistance   (um^2)     (pF)   (pF)   
                                                                 (Ohms)                                
----------------------------------------------------------------------------------------------------------------------
clk           0     0     0      2       1        34    1335.04    4666.75    32500.000  0.244  3.793  clk
----------------------------------------------------------------------------------------------------------------------

1 clock trees contain a total of 1 nets marked dont_touch, which will not have been buffered, and may have Design Rule Violations as a consequence.
1 clock trees contain a total of 1 nets marked ideal_network, which will not have been buffered, and may have Design Rule Violations as a consequence.

Clock Sink Summary:
===================

-------------------------------------------------------------------------------------------------------------------------------------------
Clock Tree  Explicit      Implicit      Explicit     Implicit     Explicit   Implicit   Posedge  Negedge  Memory  Enable  Non enable  Other
Name        exclude pins  exclude pins  ignore pins  ignore pins  stop pins  stop pins  Flops    Flops    Clock   Latch   Latch       Sinks
                                                                                                          Pins    Sinks   Sinks       
-------------------------------------------------------------------------------------------------------------------------------------------
clk              0             0             0            0           0          0        34        0       0       0         0         0
-------------------------------------------------------------------------------------------------------------------------------------------

Summary across all clock trees:
===============================

-------------------------------------------------------------------------------------------------------------
Clock  Bufs  Invs  Other  Max       Average   Max     Average  Max       Max          Standard   Wire   Gate
Gates              Clock  Non-leaf  Non-leaf  Leaf    Leaf     Length    Source-sink  cell area  cap    cap
                   Cells  Fanout    Fanout    Fanout  Fanout   (um)      Resistance   (um^2)     (pF)   (pF)
                                                                         (Ohms)                         
-------------------------------------------------------------------------------------------------------------
  0     0     0      2       1         1        34      34     1335.040    466.675    32500.000  0.244  3.793
-------------------------------------------------------------------------------------------------------------

Clock Sink Summary across all clock trees:
==========================================

-------------------------------------------------------------------------------------------------------------------------------
Explicit      Implicit      Explicit     Implicit     Explicit   Implicit   Posedge  Negedge  Memory  Enable  Non enable  Other
exclude pins  exclude pins  ignore pins  ignore pins  stop pins  stop pins  Flops    Flops    Clock   Latch   Latch       Sinks
                                                                                              Pins    Sinks   Sinks       
-------------------------------------------------------------------------------------------------------------------------------
     0             0             0            0           0          0        34        0       0       0         0         0
-------------------------------------------------------------------------------------------------------------------------------

Physical metrics across all clock trees:
========================================

------------------------------------------------------------------------
Metric                               Minimum  Average  Maximum   Std.dev
------------------------------------------------------------------------
Source-sink routed net length (um)    0.000   489.508  1335.040  600.360
Source-sink manhattan distance (um)   0.000   479.365  1306.405  587.272
Source-sink resistance (Ohm)          0.002   170.272   466.675  210.362
------------------------------------------------------------------------

Transition distribution for all half-corners:
=============================================

--------------------------------------------------------------------------------------------------------------------------------------------------------------
Net Type    Target    Count    Average    Std. Dev.    Min      Max      Distribution                                                              Over Target
--------------------------------------------------------------------------------------------------------------------------------------------------------------
Trunk       2.000       2       0.507       0.710      0.005    1.010    {2 <= 1.200ns, 0 <= 1.600ns, 0 <= 1.800ns, 0 <= 1.900ns, 0 <= 2.000ns}         -
Leaf        2.000       1       0.306       0.000      0.306    0.306    {1 <= 1.200ns, 0 <= 1.600ns, 0 <= 1.800ns, 0 <= 1.900ns, 0 <= 2.000ns}         -
--------------------------------------------------------------------------------------------------------------------------------------------------------------

Count of violations across all clock trees:
===========================================

---------------------------------------------------------------------------------------
Clock Tree  # Max capacitance  # Max resistance  # Max length  # Max fanout  # Slew
Name        violations         violations        violations    violations    violations
---------------------------------------------------------------------------------------
clk                 1                 0               0             0            0
---------------------------------------------------------------------------------------
Total               1                 0               0             0            0
---------------------------------------------------------------------------------------

Note the above table per clock tree is based on CCOpt clock tree view. The violations are counted across half corners.

Found a total of 1 clock tree pin with max capacitance violations.
Found a total of 1 max capacitance violation.
Total violation amount 2.738pF.

Max capacitance violation summary across all clock trees - Top 1 violation:
===========================================================================

Target and measured capacitances (in pF):

-----------------------------------------------------------------------------------------
Half corner           Violation  Capacitance  Capacitance  Target                     Pin
                      amount     target       achieved     source                     
-----------------------------------------------------------------------------------------
max_delay:setup.late    2.738       0.800        3.538     library_or_sdc_constraint  clk
-----------------------------------------------------------------------------------------

Target sources:
target_max_capacitance_property - the target was set in the target_max_capacitance property
library_or_sdc_constraint - the non-frequency-dependent target was set in a library file or by an SDC constraint
frequency_dependent_library_or_sdc_constraint - the frequency-dependent target was set in a library file or by an SDC constraint
computed_from_slew_target - the target was calculated based on the slew target at a clock root
clock_root_forced - the target was forced to be zero at a clock root


Found a total of 0 clock tree nets with max resistance violations.
Found a total of 0 clock tree nets with max length violations.
Found a total of 0 clock tree nets with max fanout violations.
Found a total of 0 clock tree pins with a slew violation.

Clock Timing Summary:
=====================

Target and measured clock slews (in ns):

--------------------------------------------------------------------------------------------------------------------------------------------
Clock tree  Timing Corner          Worst Rising  Worst Falling  Worst Rising  Worst Falling  Leaf Slew    Leaf Slew  Trunk Slew   Trunk Slew
                                   Leaf Slew     Leaf Slew      Trunk Slew    Trunk Slew     Target Type  Target     Target Type  Target
--------------------------------------------------------------------------------------------------------------------------------------------
clk         max_delay:setup.early     0.214          0.230         0.218          0.340      ignored          -      ignored          -
clk         max_delay:setup.late      0.286          0.306         0.597          1.010      explicit      2.000     explicit      2.000
clk         min_delay:hold.early      0.214          0.230         0.218          0.340      ignored          -      ignored          -
clk         min_delay:hold.late       0.286          0.306         0.597          1.010      explicit      2.000     explicit      2.000
--------------------------------------------------------------------------------------------------------------------------------------------

* - indicates that target was not met.

auto extracted - target was extracted from SDC.
auto computed - target was computed when balancing trees.

Total Transition Slacks Summary:
================================

-------------------------------------------------------------------------------------------------
Total       Total Leaf    Total        Total Leaf    Mean        Median      Std.Dev     Worst
Overslew    Overslew      Underslew    Underslew     Overslew    Overslew    Overslew    Overslew
-------------------------------------------------------------------------------------------------
 0.000        0.000        -4.679        -1.694       0.000       0.000       0.000       0.000
-------------------------------------------------------------------------------------------------

Transition times measured in the half-corner max_delay:setup.late

Top Underslews:

--------------------------------
Driving node      Underslew (ns)
--------------------------------
clk                   -1.995
pc3c01_clk_buf        -1.694
pc3d01_clk            -0.990
--------------------------------

