###############################################################
#  Generated by:      Cadence Innovus 21.15-s110_1
#  OS:                Linux x86_64(Host ID server3.eced.svnit.ac.in)
#  Generated on:      Tue Jun 23 12:12:30 2026
#  Design:            mac_4x4_wrapper_chip
#  Command:           report_ccopt_skew_groups -summary -file ./ClockTreeSynthesis/mac_4x4_wrapper_chip_skew_group.rpt
###############################################################

Skew Group Structure:
=====================

-----------------------------------------------------------------
Skew Group    Sources    Constrained Sinks    Unconstrained Sinks
-----------------------------------------------------------------
clk/all          1              34                     0
-----------------------------------------------------------------

Skew Group Summary:
===================

------------------------------------------------------------------------------------------------------------------------------------------------------------------
Timing Corner            Skew Group    ID Target    Min ID    Max ID    Avg ID    Std.Dev. ID    Skew Target Type    Skew Target    Skew     Skew window occupancy
------------------------------------------------------------------------------------------------------------------------------------------------------------------
max_delay:setup.early    clk/all           -        0.527     0.545     0.542        0.005       ignored                  -         0.018              -
max_delay:setup.late     clk/all       none         1.349     1.366     1.363        0.004       auto computed        0.489         0.017    100% {1.349, 1.366}
min_delay:hold.early     clk/all           -        0.527     0.545     0.542        0.005       ignored                  -         0.018              -
min_delay:hold.late      clk/all           -        1.349     1.366     1.363        0.004       explicit             0.500         0.017    100% {1.349, 1.366}
------------------------------------------------------------------------------------------------------------------------------------------------------------------

* - indicates that target was not met.

Skew Group Min/Max path pins:
=============================

---------------------------------------------------------------------------
Timing Corner            Skew Group    Min ID    PathID    Max ID    PathID
---------------------------------------------------------------------------
max_delay:setup.early    clk/all       0.527       -       0.545       -
-    min dut/acc_reg_reg[13]/CP
-    max dut/a_reg_reg[2]/CP
max_delay:setup.late     clk/all       1.349       -       1.366       -
-    min dut/acc_reg_reg[13]/CP
-    max dut/a_reg_reg[2]/CP
min_delay:hold.early     clk/all       0.527       -       0.545       -
-    min dut/acc_reg_reg[13]/CP
-    max dut/a_reg_reg[2]/CP
min_delay:hold.late      clk/all       1.349       -       1.366       -
-    min dut/acc_reg_reg[13]/CP
-    max dut/a_reg_reg[2]/CP
---------------------------------------------------------------------------

