*** timeDesign #5 [begin] : totSession cpu/real = 0:02:21.1/0:10:29.6 (0.2), mem = 2514.3M
Start to check current routing status for nets...
All nets are already routed correctly.
End to check current routing status for nets (mem=2484.6M)
Starting delay calculation for Hold views
AAE_INFO: opIsDesignInPostRouteState() is 0
#################################################################################
# Design Stage: PreRoute
# Design Name: mac_4x4_wrapper_chip
# Design Mode: 180nm
# Analysis Mode: MMMC OCV 
# Parasitics Mode: No SPEF/RCDB 
# Signoff Settings: SI Off 
#################################################################################
Start delay calculation (fullDC) (1 T). (MEM=2494.09)
*** Calculating scaling factor for min_timing libraries using the default operating condition of each library.
Total number of fetched objects 336
AAE_INFO: Total number of nets for which stage creation was skipped for all views 0
Total number of fetched objects 336
AAE_INFO: Total number of nets for which stage creation was skipped for all views 0
End delay calculation. (MEM=2556.77 CPU=0:00:00.1 REAL=0:00:00.0)
End delay calculation (fullDC). (MEM=2556.77 CPU=0:00:00.1 REAL=0:00:00.0)
*** Done Building Timing Graph (cpu=0:00:00.3 real=0:00:00.0 totSessionCpu=0:02:21 mem=2580.8M)

------------------------------------------------------------------
          timeDesign Summary
------------------------------------------------------------------

Hold views included:
 best 

+--------------------+---------+---------+---------+
|     Hold mode      |   all   | reg2reg | default |
+--------------------+---------+---------+---------+
|           WNS (ns):|  0.460  |  0.777  |  0.460  |
|           TNS (ns):|  0.000  |  0.000  |  0.000  |
|    Violating Paths:|    0    |    0    |    0    |
|          All Paths:|   34    |   25    |   34    |
+--------------------+---------+---------+---------+

Density: 0.898%
Routing Overflow: 0.00% H and 0.00% V
------------------------------------------------------------------
Reported timing to dir ./timingReports
Total CPU time: 0.65 sec
Total Real time: 1.0 sec
Total Memory Usage: 2485.046875 Mbytes
