###############################################################
#  Generated by:      Cadence Innovus 21.15-s110_1
#  OS:                Linux x86_64(Host ID server3.eced.svnit.ac.in)
#  Generated on:      Tue Jun 23 12:06:03 2026
#  Design:            mac_4x4_wrapper_chip
#  Command:           verifyConnectivity -type all -connLoop -error 10000 -warning 5000 > ./PowerPlanning/mac_4x4_wrapper_chip_connectivity.rpt
###############################################################
Verify Connectivity Report is created on Tue Jun 23 12:06:03 2026



Net clk_pad: no routing
Net VDD_CORE, Pin Pin: pc3c01_clk_buf/VDD; Direction: INOUT; Use: POWER;: has an unconnected terminal at (163.500, 416.520) (194.560, 481.520)
Net VDD_CORE, Pin Pin: pc3d01_a0/VDD; Direction: INOUT; Use: POWER;: has an unconnected terminal at (300.760, 1745.280) (365.760, 1776.340)
Net VDD_CORE, Pin Pin: pc3d01_a1/VDD; Direction: INOUT; Use: POWER;: has an unconnected terminal at (416.520, 1745.280) (481.520, 1776.340)
Net VDD_CORE, Pin Pin: pc3d01_a2/VDD; Direction: INOUT; Use: POWER;: has an unconnected terminal at (532.280, 1745.280) (597.280, 1776.340)
Net VDD_CORE, Pin Pin: pc3d01_a3/VDD; Direction: INOUT; Use: POWER;: has an unconnected terminal at (648.035, 1745.280) (713.035, 1776.340)
Net VDD_CORE, Pin Pin: pc3d01_b0/VDD; Direction: INOUT; Use: POWER;: has an unconnected terminal at (1226.810, 1745.280) (1291.810, 1776.340)
Net VDD_CORE, Pin Pin: pc3d01_b1/VDD; Direction: INOUT; Use: POWER;: has an unconnected terminal at (1342.565, 1745.280) (1407.565, 1776.340)
Net VDD_CORE, Pin Pin: pc3d01_b2/VDD; Direction: INOUT; Use: POWER;: has an unconnected terminal at (1458.320, 1745.280) (1523.320, 1776.340)
Net VDD_CORE, Pin Pin: pc3d01_b3/VDD; Direction: INOUT; Use: POWER;: has an unconnected terminal at (1574.080, 1745.280) (1639.080, 1776.340)
Net VDD_CORE, Pin Pin: pc3d01_clk/VDD; Direction: INOUT; Use: POWER;: has an unconnected terminal at (163.500, 300.760) (194.560, 365.760)
Net VDD_CORE, Pin Pin: pc3d01_enable/VDD; Direction: INOUT; Use: POWER;: has an unconnected terminal at (163.500, 532.280) (194.560, 597.280)
Net VDD_CORE, Pin Pin: pc3d01_rst/VDD; Direction: INOUT; Use: POWER;: has an unconnected terminal at (163.500, 648.035) (194.560, 713.035)
Net VDD_CORE, Pin Pin: pc3o01_mac_out0/VDD; Direction: INOUT; Use: POWER;: has an unconnected terminal at (163.500, 1226.810) (194.560, 1291.810)
Net VDD_CORE, Pin Pin: pc3o01_mac_out1/VDD; Direction: INOUT; Use: POWER;: has an unconnected terminal at (163.500, 1342.565) (194.560, 1407.565)
Net VDD_CORE, Pin Pin: pc3o01_mac_out2/VDD; Direction: INOUT; Use: POWER;: has an unconnected terminal at (163.500, 1458.320) (194.560, 1523.320)
Net VDD_CORE, Pin Pin: pc3o01_mac_out3/VDD; Direction: INOUT; Use: POWER;: has an unconnected terminal at (163.500, 1574.080) (194.560, 1639.080)
Net VDD_CORE, Pin Pin: pc3o01_mac_out4/VDD; Direction: INOUT; Use: POWER;: has an unconnected terminal at (1745.280, 300.760) (1776.340, 365.760)
Net VDD_CORE, Pin Pin: pc3o01_mac_out5/VDD; Direction: INOUT; Use: POWER;: has an unconnected terminal at (1745.280, 416.520) (1776.340, 481.520)
Net VDD_CORE, Pin Pin: pc3o01_mac_out6/VDD; Direction: INOUT; Use: POWER;: has an unconnected terminal at (1745.280, 532.280) (1776.340, 597.280)
Net VDD_CORE, Pin Pin: pc3o01_mac_out7/VDD; Direction: INOUT; Use: POWER;: has an unconnected terminal at (1745.280, 648.035) (1776.340, 713.035)
Net VDD_CORE, Pin Pin: pc3o01_mac_out8/VDD; Direction: INOUT; Use: POWER;: has an unconnected terminal at (1745.280, 1226.810) (1776.340, 1291.810)
Net VDD_CORE, Pin Pin: pc3o01_mac_out9/VDD; Direction: INOUT; Use: POWER;: has an unconnected terminal at (1745.280, 1342.565) (1776.340, 1407.565)
Net VDD_CORE, Pin Pin: pc3o01_mac_out10/VDD; Direction: INOUT; Use: POWER;: has an unconnected terminal at (1745.280, 1458.320) (1776.340, 1523.320)
Net VDD_CORE, Pin Pin: pc3o01_mac_out11/VDD; Direction: INOUT; Use: POWER;: has an unconnected terminal at (1745.280, 1574.080) (1776.340, 1639.080)
Net VDD_CORE, Pin Pin: pc3o01_mac_out12/VDD; Direction: INOUT; Use: POWER;: has an unconnected terminal at (300.760, 163.500) (365.760, 194.560)
Net VDD_CORE, Pin Pin: pc3o01_mac_out13/VDD; Direction: INOUT; Use: POWER;: has an unconnected terminal at (416.520, 163.500) (481.520, 194.560)
Net VDD_CORE, Pin Pin: pc3o01_mac_out14/VDD; Direction: INOUT; Use: POWER;: has an unconnected terminal at (532.280, 163.500) (597.280, 194.560)
Net VDD_CORE, Pin Pin: pc3o01_mac_out15/VDD; Direction: INOUT; Use: POWER;: has an unconnected terminal at (648.035, 163.500) (713.035, 194.560)
Net VDD_CORE, Pin Pin: pc3o01_dummy1/VDD; Direction: INOUT; Use: POWER;: has an unconnected terminal at (1226.810, 163.500) (1291.810, 194.560)
Net VDD_CORE, Pin Pin: pc3o01_dummy2/VDD; Direction: INOUT; Use: POWER;: has an unconnected terminal at (1342.565, 163.500) (1407.565, 194.560)
Net VDD_CORE, Pin Pin: pc3o01_dummy3/VDD; Direction: INOUT; Use: POWER;: has an unconnected terminal at (1458.320, 163.500) (1523.320, 194.560)
Net VDD_CORE, Pin Pin: pc3o01_dummy4/VDD; Direction: INOUT; Use: POWER;: has an unconnected terminal at (1574.080, 163.500) (1639.080, 194.560)
Net VDD_CORE, Pin Pin: pv0i_VSS_0/VDD; Direction: INOUT; Use: POWER;: has an unconnected terminal at (879.545, 1745.280) (944.545, 1776.340)
Net VDD_CORE, Pin Pin: pvda_VDDO_0/VDD; Direction: INOUT; Use: POWER;: has an unconnected terminal at (995.300, 1745.280) (1060.300, 1776.340)
Net VDD_CORE, Pin Pin: pv0a_VSSO_0/VDD; Direction: INOUT; Use: POWER;: has an unconnected terminal at (1111.055, 1745.280) (1176.055, 1776.340)
Net VDD_CORE, Pin Pin: pv0i_VSS_1/VDD; Direction: INOUT; Use: POWER;: has an unconnected terminal at (163.500, 879.545) (194.560, 944.545)
Net VDD_CORE, Pin Pin: pvda_VDDO_1/VDD; Direction: INOUT; Use: POWER;: has an unconnected terminal at (163.500, 995.300) (194.560, 1060.300)
Net VDD_CORE, Pin Pin: pv0a_VSSO_1/VDD; Direction: INOUT; Use: POWER;: has an unconnected terminal at (163.500, 1111.055) (194.560, 1176.055)
Net VDD_CORE, Pin Pin: pv0i_VSS_2/VDD; Direction: INOUT; Use: POWER;: has an unconnected terminal at (1745.280, 879.545) (1776.340, 944.545)
Net VDD_CORE, Pin Pin: pvda_VDDO_2/VDD; Direction: INOUT; Use: POWER;: has an unconnected terminal at (1745.280, 995.300) (1776.340, 1060.300)
Net VDD_CORE, Pin Pin: pv0a_VSSO_2/VDD; Direction: INOUT; Use: POWER;: has an unconnected terminal at (1745.280, 1111.055) (1776.340, 1176.055)
Net VDD_CORE, Pin Pin: pv0i_VSS_3/VDD; Direction: INOUT; Use: POWER;: has an unconnected terminal at (879.545, 163.500) (944.545, 194.560)
Net VDD_CORE, Pin Pin: pvda_VDDO_3/VDD; Direction: INOUT; Use: POWER;: has an unconnected terminal at (995.300, 163.500) (1060.300, 194.560)
Net VDD_CORE, Pin Pin: pv0a_VSSO_3/VDD; Direction: INOUT; Use: POWER;: has an unconnected terminal at (1111.055, 163.500) (1176.055, 194.560)
Net VDD_CORE: has special routes with opens at (61.000, 61.000) (1878.840, 1878.840)
Net VSS_CORE, Pin Pin: pc3c01_clk_buf/VSS; Direction: INOUT; Use: GROUND;: has an unconnected terminal at (123.850, 416.520) (154.560, 481.520)
Net VSS_CORE, Pin Pin: pc3d01_a0/VSS; Direction: INOUT; Use: GROUND;: has an unconnected terminal at (300.760, 1785.280) (365.760, 1815.990)
Net VSS_CORE, Pin Pin: pc3d01_a1/VSS; Direction: INOUT; Use: GROUND;: has an unconnected terminal at (416.520, 1785.280) (481.520, 1815.990)
Net VSS_CORE, Pin Pin: pc3d01_a2/VSS; Direction: INOUT; Use: GROUND;: has an unconnected terminal at (532.280, 1785.280) (597.280, 1815.990)
Net VSS_CORE, Pin Pin: pc3d01_a3/VSS; Direction: INOUT; Use: GROUND;: has an unconnected terminal at (648.035, 1785.280) (713.035, 1815.990)
Net VSS_CORE, Pin Pin: pc3d01_b0/VSS; Direction: INOUT; Use: GROUND;: has an unconnected terminal at (1226.810, 1785.280) (1291.810, 1815.990)
Net VSS_CORE, Pin Pin: pc3d01_b1/VSS; Direction: INOUT; Use: GROUND;: has an unconnected terminal at (1342.565, 1785.280) (1407.565, 1815.990)
Net VSS_CORE, Pin Pin: pc3d01_b2/VSS; Direction: INOUT; Use: GROUND;: has an unconnected terminal at (1458.320, 1785.280) (1523.320, 1815.990)
Net VSS_CORE, Pin Pin: pc3d01_b3/VSS; Direction: INOUT; Use: GROUND;: has an unconnected terminal at (1574.080, 1785.280) (1639.080, 1815.990)
Net VSS_CORE, Pin Pin: pc3d01_clk/VSS; Direction: INOUT; Use: GROUND;: has an unconnected terminal at (123.850, 300.760) (154.560, 365.760)
Net VSS_CORE, Pin Pin: pc3d01_enable/VSS; Direction: INOUT; Use: GROUND;: has an unconnected terminal at (123.850, 532.280) (154.560, 597.280)
Net VSS_CORE, Pin Pin: pc3d01_rst/VSS; Direction: INOUT; Use: GROUND;: has an unconnected terminal at (123.850, 648.035) (154.560, 713.035)
Net VSS_CORE, Pin Pin: pc3o01_mac_out0/VSS; Direction: INOUT; Use: GROUND;: has an unconnected terminal at (123.850, 1226.810) (154.560, 1291.810)
Net VSS_CORE, Pin Pin: pc3o01_mac_out1/VSS; Direction: INOUT; Use: GROUND;: has an unconnected terminal at (123.850, 1342.565) (154.560, 1407.565)
Net VSS_CORE, Pin Pin: pc3o01_mac_out2/VSS; Direction: INOUT; Use: GROUND;: has an unconnected terminal at (123.850, 1458.320) (154.560, 1523.320)
Net VSS_CORE, Pin Pin: pc3o01_mac_out3/VSS; Direction: INOUT; Use: GROUND;: has an unconnected terminal at (123.850, 1574.080) (154.560, 1639.080)
Net VSS_CORE, Pin Pin: pc3o01_mac_out4/VSS; Direction: INOUT; Use: GROUND;: has an unconnected terminal at (1785.280, 300.760) (1815.990, 365.760)
Net VSS_CORE, Pin Pin: pc3o01_mac_out5/VSS; Direction: INOUT; Use: GROUND;: has an unconnected terminal at (1785.280, 416.520) (1815.990, 481.520)
Net VSS_CORE, Pin Pin: pc3o01_mac_out6/VSS; Direction: INOUT; Use: GROUND;: has an unconnected terminal at (1785.280, 532.280) (1815.990, 597.280)
Net VSS_CORE, Pin Pin: pc3o01_mac_out7/VSS; Direction: INOUT; Use: GROUND;: has an unconnected terminal at (1785.280, 648.035) (1815.990, 713.035)
Net VSS_CORE, Pin Pin: pc3o01_mac_out8/VSS; Direction: INOUT; Use: GROUND;: has an unconnected terminal at (1785.280, 1226.810) (1815.990, 1291.810)
Net VSS_CORE, Pin Pin: pc3o01_mac_out9/VSS; Direction: INOUT; Use: GROUND;: has an unconnected terminal at (1785.280, 1342.565) (1815.990, 1407.565)
Net VSS_CORE, Pin Pin: pc3o01_mac_out10/VSS; Direction: INOUT; Use: GROUND;: has an unconnected terminal at (1785.280, 1458.320) (1815.990, 1523.320)
Net VSS_CORE, Pin Pin: pc3o01_mac_out11/VSS; Direction: INOUT; Use: GROUND;: has an unconnected terminal at (1785.280, 1574.080) (1815.990, 1639.080)
Net VSS_CORE, Pin Pin: pc3o01_mac_out12/VSS; Direction: INOUT; Use: GROUND;: has an unconnected terminal at (300.760, 123.850) (365.760, 154.560)
Net VSS_CORE, Pin Pin: pc3o01_mac_out13/VSS; Direction: INOUT; Use: GROUND;: has an unconnected terminal at (416.520, 123.850) (481.520, 154.560)
Net VSS_CORE, Pin Pin: pc3o01_mac_out14/VSS; Direction: INOUT; Use: GROUND;: has an unconnected terminal at (532.280, 123.850) (597.280, 154.560)
Net VSS_CORE, Pin Pin: pc3o01_mac_out15/VSS; Direction: INOUT; Use: GROUND;: has an unconnected terminal at (648.035, 123.850) (713.035, 154.560)
Net VSS_CORE, Pin Pin: pc3o01_dummy1/VSS; Direction: INOUT; Use: GROUND;: has an unconnected terminal at (1226.810, 123.850) (1291.810, 154.560)
Net VSS_CORE, Pin Pin: pc3o01_dummy2/VSS; Direction: INOUT; Use: GROUND;: has an unconnected terminal at (1342.565, 123.850) (1407.565, 154.560)
Net VSS_CORE, Pin Pin: pc3o01_dummy3/VSS; Direction: INOUT; Use: GROUND;: has an unconnected terminal at (1458.320, 123.850) (1523.320, 154.560)
Net VSS_CORE, Pin Pin: pc3o01_dummy4/VSS; Direction: INOUT; Use: GROUND;: has an unconnected terminal at (1574.080, 123.850) (1639.080, 154.560)
Net VSS_CORE, Pin Pin: pvdi_VDD_0/VSS; Direction: INOUT; Use: GROUND;: has an unconnected terminal at (763.790, 1785.280) (828.790, 1815.990)
Net VSS_CORE, Pin Pin: pvda_VDDO_0/VSS; Direction: INOUT; Use: GROUND;: has an unconnected terminal at (995.300, 1785.280) (1060.300, 1815.990)
Net VSS_CORE, Pin Pin: pv0a_VSSO_0/VSS; Direction: INOUT; Use: GROUND;: has an unconnected terminal at (1111.055, 1785.280) (1176.055, 1815.990)
Net VSS_CORE, Pin Pin: pvdi_VDD_1/VSS; Direction: INOUT; Use: GROUND;: has an unconnected terminal at (123.850, 763.790) (154.560, 828.790)
Net VSS_CORE, Pin Pin: pvda_VDDO_1/VSS; Direction: INOUT; Use: GROUND;: has an unconnected terminal at (123.850, 995.300) (154.560, 1060.300)
Net VSS_CORE, Pin Pin: pv0a_VSSO_1/VSS; Direction: INOUT; Use: GROUND;: has an unconnected terminal at (123.850, 1111.055) (154.560, 1176.055)
Net VSS_CORE, Pin Pin: pvdi_VDD_2/VSS; Direction: INOUT; Use: GROUND;: has an unconnected terminal at (1785.280, 763.790) (1815.990, 828.790)
Net VSS_CORE, Pin Pin: pvda_VDDO_2/VSS; Direction: INOUT; Use: GROUND;: has an unconnected terminal at (1785.280, 995.300) (1815.990, 1060.300)
Net VSS_CORE, Pin Pin: pv0a_VSSO_2/VSS; Direction: INOUT; Use: GROUND;: has an unconnected terminal at (1785.280, 1111.055) (1815.990, 1176.055)
Net VSS_CORE, Pin Pin: pvdi_VDD_3/VSS; Direction: INOUT; Use: GROUND;: has an unconnected terminal at (763.790, 123.850) (828.790, 154.560)
Net VSS_CORE, Pin Pin: pvda_VDDO_3/VSS; Direction: INOUT; Use: GROUND;: has an unconnected terminal at (995.300, 123.850) (1060.300, 154.560)
Net VSS_CORE, Pin Pin: pv0a_VSSO_3/VSS; Direction: INOUT; Use: GROUND;: has an unconnected terminal at (1111.055, 123.850) (1176.055, 154.560)
Net VSS_CORE: has special routes with opens at (61.000, 61.000) (1878.840, 1878.840)
Net VDDO_CORE: no routing
Net VSSO_CORE: no routing

Begin Summary
    3 Problem(s) (IMPVFC-98): Net has no global routing and no special routing.
    88 Problem(s) (IMPVFC-96): Terminal(s) are not connected.
    2 Problem(s) (IMPVFC-200): Special Wires: Pieces of the net are not connected together.
    93 total info(s) created.
End Summary
