xrun(64): 24.09-s005: (c) Copyright 1995-2025 Cadence Design Systems, Inc.
TOOL:	xrun(64)	24.09-s005: Started on Jun 22, 2026 at 20:38:54 IST
xrun
	-f fun_simulation.tcl
		-gui
		../testbench/tb_sliding_4x4_post_layout_SDF_simulation.v
		-v ../4_Physical_Design_Flow3_6M1L_16/5_Routing/Routing/mac_4x4_wrapper_chip_postRoute_withoutPG.v
		-v /tools/sclpdk_new/SCLPDK_V3.0_KIT/scl180/stdcell/fs120/6M1L/verilog/vcs_sim_model/tsl18fs120_scl.v
		-v /tools/sclpdk_new/SCLPDK_V3.0_KIT/scl180/iopad/cio150/6M1L/verilog/tsl18cio150/zero/pc3c01.v
		-v /tools/sclpdk_new/SCLPDK_V3.0_KIT/scl180/iopad/cio150/6M1L/verilog/tsl18cio150/zero/pc3d01.v
		-v /tools/sclpdk_new/SCLPDK_V3.0_KIT/scl180/iopad/cio150/6M1L/verilog/tsl18cio150/zero/pc3o01.v
		-relax
		-timescale 1ns/1ps
		+sdf_verbose
		+maxdelays
		-mess
		-access +rwc
Recompiling... reason: file '../testbench/tb_sliding_4x4_post_layout_SDF_simulation.v' is newer than expected.
	expected: Mon Jun 22 20:15:50 2026
	actual:   Mon Jun 22 20:38:21 2026
file: ../testbench/tb_sliding_4x4_post_layout_SDF_simulation.v
	module worklib.tb_sliding_4x4_post_layout_SDF_simulation:v
		errors: 0, warnings: 0
		Caching library 'mac_4x4_wrapper_chip_postRoute_withoutPG' ....... Done
		Caching library 'pc3c01' ....... Done
		Caching library 'pc3d01' ....... Done
		Caching library 'pc3o01' ....... Done
		Caching library 'tsl18fs120_scl' ....... Done
		Caching library 'worklib' ....... Done
	Elaborating the design hierarchy:
   pc3o01 pc3o01_dummy1 ();
                      |
xmelab: *W,CUVWSP (../4_Physical_Design_Flow3_6M1L_16/5_Routing/Routing/mac_4x4_wrapper_chip_postRoute_withoutPG.v,1145|22): 1 output port was not connected:
xmelab: (/tools/sclpdk_new/SCLPDK_V3.0_KIT/scl180/iopad/cio150/6M1L/verilog/tsl18cio150/zero/pc3o01.v,37): PAD

   pc3o01 pc3o01_dummy1 ();
                      |
xmelab: *W,CUVWSI (../4_Physical_Design_Flow3_6M1L_16/5_Routing/Routing/mac_4x4_wrapper_chip_postRoute_withoutPG.v,1145|22): 1 input port was not connected:
xmelab: (/tools/sclpdk_new/SCLPDK_V3.0_KIT/scl180/iopad/cio150/6M1L/verilog/tsl18cio150/zero/pc3o01.v,37): I

   pc3o01 pc3o01_dummy2 ();
                      |
xmelab: *W,CUVWSP (../4_Physical_Design_Flow3_6M1L_16/5_Routing/Routing/mac_4x4_wrapper_chip_postRoute_withoutPG.v,1146|22): 1 output port was not connected:
xmelab: (/tools/sclpdk_new/SCLPDK_V3.0_KIT/scl180/iopad/cio150/6M1L/verilog/tsl18cio150/zero/pc3o01.v,37): PAD

   pc3o01 pc3o01_dummy2 ();
                      |
xmelab: *W,CUVWSI (../4_Physical_Design_Flow3_6M1L_16/5_Routing/Routing/mac_4x4_wrapper_chip_postRoute_withoutPG.v,1146|22): 1 input port was not connected:
xmelab: (/tools/sclpdk_new/SCLPDK_V3.0_KIT/scl180/iopad/cio150/6M1L/verilog/tsl18cio150/zero/pc3o01.v,37): I

   pc3o01 pc3o01_dummy3 ();
                      |
xmelab: *W,CUVWSP (../4_Physical_Design_Flow3_6M1L_16/5_Routing/Routing/mac_4x4_wrapper_chip_postRoute_withoutPG.v,1147|22): 1 output port was not connected:
xmelab: (/tools/sclpdk_new/SCLPDK_V3.0_KIT/scl180/iopad/cio150/6M1L/verilog/tsl18cio150/zero/pc3o01.v,37): PAD

   pc3o01 pc3o01_dummy3 ();
                      |
xmelab: *W,CUVWSI (../4_Physical_Design_Flow3_6M1L_16/5_Routing/Routing/mac_4x4_wrapper_chip_postRoute_withoutPG.v,1147|22): 1 input port was not connected:
xmelab: (/tools/sclpdk_new/SCLPDK_V3.0_KIT/scl180/iopad/cio150/6M1L/verilog/tsl18cio150/zero/pc3o01.v,37): I

   pc3o01 pc3o01_dummy4 ();
                      |
xmelab: *W,CUVWSP (../4_Physical_Design_Flow3_6M1L_16/5_Routing/Routing/mac_4x4_wrapper_chip_postRoute_withoutPG.v,1148|22): 1 output port was not connected:
xmelab: (/tools/sclpdk_new/SCLPDK_V3.0_KIT/scl180/iopad/cio150/6M1L/verilog/tsl18cio150/zero/pc3o01.v,37): PAD

   pc3o01 pc3o01_dummy4 ();
                      |
xmelab: *W,CUVWSI (../4_Physical_Design_Flow3_6M1L_16/5_Routing/Routing/mac_4x4_wrapper_chip_postRoute_withoutPG.v,1148|22): 1 input port was not connected:
xmelab: (/tools/sclpdk_new/SCLPDK_V3.0_KIT/scl180/iopad/cio150/6M1L/verilog/tsl18cio150/zero/pc3o01.v,37): I

	Top level design units:
		tb_sliding_4x4_post_layout_SDF_simulation
	Reading SDF file from location "../4_Physical_Design_Flow3_6M1L_16/5_Routing/Routing/mac_4x4_wrapper_chip_postRoute_with_pad_delay.sdf"
	Annotating SDF timing data:
		Compiled SDF file:     mac_4x4_wrapper_chip_postRoute_with_pad_delay.sdf.X
		Log file:              sdf.log
		Backannotation scope:  tb_sliding_4x4_post_layout_SDF_simulation.DUT
		Configuration file:    
		MTM control:           
		Scale factors:         
		Scale type:            
xmelab: *W,SDFNG2: An SDF 2 limit timing check request (SETUPHOLD D (posedge CP) (0.322) (-0.013)) contains a negative limit and was matched to 2 single limit timing checks.  Negative limit will be set to 0 <../4_Physical_Design_Flow3_6M1L_16/5_Routing/Routing/mac_4x4_wrapper_chip_postRoute_with_pad_delay.sdf, line 1868>.
xmelab: *W,SDFNG2: An SDF 2 limit timing check request (SETUPHOLD D (posedge CP) (0.322) (-0.013)) contains a negative limit and was matched to 2 single limit timing checks.  Negative limit will be set to 0 <../4_Physical_Design_Flow3_6M1L_16/5_Routing/Routing/mac_4x4_wrapper_chip_postRoute_with_pad_delay.sdf, line 1883>.
xmelab: *W,SDFNG2: An SDF 2 limit timing check request (SETUPHOLD D (posedge CP) (0.319) (-0.013)) contains a negative limit and was matched to 2 single limit timing checks.  Negative limit will be set to 0 <../4_Physical_Design_Flow3_6M1L_16/5_Routing/Routing/mac_4x4_wrapper_chip_postRoute_with_pad_delay.sdf, line 1924>.
xmelab: *W,SDFNEP: Unable to annotate to non-existent path (COND ((B==0)&&(CI==1)) (IOPATH A S)) of instance tb_sliding_4x4_post_layout_SDF_simulation.DUT.dut.g1154__8428 of module ad01d1 <../4_Physical_Design_Flow3_6M1L_16/5_Routing/Routing/mac_4x4_wrapper_chip_postRoute_with_pad_delay.sdf, line 1958>.
xmelab: *W,SDFNEP: Unable to annotate to non-existent path (COND ((B==1)&&(CI==0)) (IOPATH A S)) of instance tb_sliding_4x4_post_layout_SDF_simulation.DUT.dut.g1154__8428 of module ad01d1 <../4_Physical_Design_Flow3_6M1L_16/5_Routing/Routing/mac_4x4_wrapper_chip_postRoute_with_pad_delay.sdf, line 1959>.
xmelab: *W,SDFNEP: Unable to annotate to non-existent path (COND ((B==0)&&(CI==0)) (IOPATH A S)) of instance tb_sliding_4x4_post_layout_SDF_simulation.DUT.dut.g1154__8428 of module ad01d1 <../4_Physical_Design_Flow3_6M1L_16/5_Routing/Routing/mac_4x4_wrapper_chip_postRoute_with_pad_delay.sdf, line 1960>.
xmelab: *W,SDFNEP: Unable to annotate to non-existent path (COND ((B==1)&&(CI==1)) (IOPATH A S)) of instance tb_sliding_4x4_post_layout_SDF_simulation.DUT.dut.g1154__8428 of module ad01d1 <../4_Physical_Design_Flow3_6M1L_16/5_Routing/Routing/mac_4x4_wrapper_chip_postRoute_with_pad_delay.sdf, line 1961>.
xmelab: *W,SDFNEP: Unable to annotate to non-existent path (COND ((A==0)&&(CI==1)) (IOPATH B S)) of instance tb_sliding_4x4_post_layout_SDF_simulation.DUT.dut.g1154__8428 of module ad01d1 <../4_Physical_Design_Flow3_6M1L_16/5_Routing/Routing/mac_4x4_wrapper_chip_postRoute_with_pad_delay.sdf, line 1963>.
xmelab: *W,SDFNEP: Unable to annotate to non-existent path (COND ((A==1)&&(CI==0)) (IOPATH B S)) of instance tb_sliding_4x4_post_layout_SDF_simulation.DUT.dut.g1154__8428 of module ad01d1 <../4_Physical_Design_Flow3_6M1L_16/5_Routing/Routing/mac_4x4_wrapper_chip_postRoute_with_pad_delay.sdf, line 1964>.
xmelab: *W,SDFNEP: Unable to annotate to non-existent path (COND ((A==0)&&(CI==0)) (IOPATH B S)) of instance tb_sliding_4x4_post_layout_SDF_simulation.DUT.dut.g1154__8428 of module ad01d1 <../4_Physical_Design_Flow3_6M1L_16/5_Routing/Routing/mac_4x4_wrapper_chip_postRoute_with_pad_delay.sdf, line 1965>.
xmelab: *W,SDFNEP: Unable to annotate to non-existent path (COND ((A==1)&&(CI==1)) (IOPATH B S)) of instance tb_sliding_4x4_post_layout_SDF_simulation.DUT.dut.g1154__8428 of module ad01d1 <../4_Physical_Design_Flow3_6M1L_16/5_Routing/Routing/mac_4x4_wrapper_chip_postRoute_with_pad_delay.sdf, line 1966>.
xmelab: *W,SDFNEP: Unable to annotate to non-existent path (COND ((A==0)&&(B==1)) (IOPATH CI S)) of instance tb_sliding_4x4_post_layout_SDF_simulation.DUT.dut.g1154__8428 of module ad01d1 <../4_Physical_Design_Flow3_6M1L_16/5_Routing/Routing/mac_4x4_wrapper_chip_postRoute_with_pad_delay.sdf, line 1968>.
xmelab: *W,SDFNEP: Unable to annotate to non-existent path (COND ((A==1)&&(B==0)) (IOPATH CI S)) of instance tb_sliding_4x4_post_layout_SDF_simulation.DUT.dut.g1154__8428 of module ad01d1 <../4_Physical_Design_Flow3_6M1L_16/5_Routing/Routing/mac_4x4_wrapper_chip_postRoute_with_pad_delay.sdf, line 1969>.
xmelab: *W,SDFNEP: Unable to annotate to non-existent path (COND ((A==0)&&(B==0)) (IOPATH CI S)) of instance tb_sliding_4x4_post_layout_SDF_simulation.DUT.dut.g1154__8428 of module ad01d1 <../4_Physical_Design_Flow3_6M1L_16/5_Routing/Routing/mac_4x4_wrapper_chip_postRoute_with_pad_delay.sdf, line 1970>.
xmelab: *W,SDFNEP: Unable to annotate to non-existent path (COND ((A==1)&&(B==1)) (IOPATH CI S)) of instance tb_sliding_4x4_post_layout_SDF_simulation.DUT.dut.g1154__8428 of module ad01d1 <../4_Physical_Design_Flow3_6M1L_16/5_Routing/Routing/mac_4x4_wrapper_chip_postRoute_with_pad_delay.sdf, line 1971>.
xmelab: *W,SDFNG2: An SDF 2 limit timing check request (SETUPHOLD D (posedge CP) (0.321) (-0.013)) contains a negative limit and was matched to 2 single limit timing checks.  Negative limit will be set to 0 <../4_Physical_Design_Flow3_6M1L_16/5_Routing/Routing/mac_4x4_wrapper_chip_postRoute_with_pad_delay.sdf, line 1985>.
xmelab: *W,SDFNEP: Unable to annotate to non-existent path (COND ((B==0)&&(CI==1)) (IOPATH A S)) of instance tb_sliding_4x4_post_layout_SDF_simulation.DUT.dut.g1157__6783 of module ad01d1 <../4_Physical_Design_Flow3_6M1L_16/5_Routing/Routing/mac_4x4_wrapper_chip_postRoute_with_pad_delay.sdf, line 2008>.
xmelab: *W,SDFNEP: Unable to annotate to non-existent path (COND ((B==1)&&(CI==0)) (IOPATH A S)) of instance tb_sliding_4x4_post_layout_SDF_simulation.DUT.dut.g1157__6783 of module ad01d1 <../4_Physical_Design_Flow3_6M1L_16/5_Routing/Routing/mac_4x4_wrapper_chip_postRoute_with_pad_delay.sdf, line 2009>.
xmelab: *W,SDFNEP: Unable to annotate to non-existent path (COND ((B==0)&&(CI==0)) (IOPATH A S)) of instance tb_sliding_4x4_post_layout_SDF_simulation.DUT.dut.g1157__6783 of module ad01d1 <../4_Physical_Design_Flow3_6M1L_16/5_Routing/Routing/mac_4x4_wrapper_chip_postRoute_with_pad_delay.sdf, line 2010>.
xmelab: *W,SDFNEP: Unable to annotate to non-existent path (COND ((B==1)&&(CI==1)) (IOPATH A S)) of instance tb_sliding_4x4_post_layout_SDF_simulation.DUT.dut.g1157__6783 of module ad01d1 <../4_Physical_Design_Flow3_6M1L_16/5_Routing/Routing/mac_4x4_wrapper_chip_postRoute_with_pad_delay.sdf, line 2011>.
xmelab: *W,SDFNEP: Unable to annotate to non-existent path (COND ((A==0)&&(CI==1)) (IOPATH B S)) of instance tb_sliding_4x4_post_layout_SDF_simulation.DUT.dut.g1157__6783 of module ad01d1 <../4_Physical_Design_Flow3_6M1L_16/5_Routing/Routing/mac_4x4_wrapper_chip_postRoute_with_pad_delay.sdf, line 2013>.
xmelab: *W,SDFNEP: Unable to annotate to non-existent path (COND ((A==1)&&(CI==0)) (IOPATH B S)) of instance tb_sliding_4x4_post_layout_SDF_simulation.DUT.dut.g1157__6783 of module ad01d1 <../4_Physical_Design_Flow3_6M1L_16/5_Routing/Routing/mac_4x4_wrapper_chip_postRoute_with_pad_delay.sdf, line 2014>.
xmelab: *W,SDFNEP: Unable to annotate to non-existent path (COND ((A==0)&&(CI==0)) (IOPATH B S)) of instance tb_sliding_4x4_post_layout_SDF_simulation.DUT.dut.g1157__6783 of module ad01d1 <../4_Physical_Design_Flow3_6M1L_16/5_Routing/Routing/mac_4x4_wrapper_chip_postRoute_with_pad_delay.sdf, line 2015>.
xmelab: *W,SDFNEP: Unable to annotate to non-existent path (COND ((A==1)&&(CI==1)) (IOPATH B S)) of instance tb_sliding_4x4_post_layout_SDF_simulation.DUT.dut.g1157__6783 of module ad01d1 <../4_Physical_Design_Flow3_6M1L_16/5_Routing/Routing/mac_4x4_wrapper_chip_postRoute_with_pad_delay.sdf, line 2016>.
xmelab: *W,SDFNEP: Unable to annotate to non-existent path (COND ((A==0)&&(B==1)) (IOPATH CI S)) of instance tb_sliding_4x4_post_layout_SDF_simulation.DUT.dut.g1157__6783 of module ad01d1 <../4_Physical_Design_Flow3_6M1L_16/5_Routing/Routing/mac_4x4_wrapper_chip_postRoute_with_pad_delay.sdf, line 2018>.
xmelab: *W,SDFNEP: Unable to annotate to non-existent path (COND ((A==1)&&(B==0)) (IOPATH CI S)) of instance tb_sliding_4x4_post_layout_SDF_simulation.DUT.dut.g1157__6783 of module ad01d1 <../4_Physical_Design_Flow3_6M1L_16/5_Routing/Routing/mac_4x4_wrapper_chip_postRoute_with_pad_delay.sdf, line 2019>.
xmelab: *W,SDFNEP: Unable to annotate to non-existent path (COND ((A==0)&&(B==0)) (IOPATH CI S)) of instance tb_sliding_4x4_post_layout_SDF_simulation.DUT.dut.g1157__6783 of module ad01d1 <../4_Physical_Design_Flow3_6M1L_16/5_Routing/Routing/mac_4x4_wrapper_chip_postRoute_with_pad_delay.sdf, line 2020>.
xmelab: *W,SDFNEP: Unable to annotate to non-existent path (COND ((A==1)&&(B==1)) (IOPATH CI S)) of instance tb_sliding_4x4_post_layout_SDF_simulation.DUT.dut.g1157__6783 of module ad01d1 <../4_Physical_Design_Flow3_6M1L_16/5_Routing/Routing/mac_4x4_wrapper_chip_postRoute_with_pad_delay.sdf, line 2021>.
xmelab: *W,SDFNG2: An SDF 2 limit timing check request (SETUPHOLD D (posedge CP) (0.322) (-0.013)) contains a negative limit and was matched to 2 single limit timing checks.  Negative limit will be set to 0 <../4_Physical_Design_Flow3_6M1L_16/5_Routing/Routing/mac_4x4_wrapper_chip_postRoute_with_pad_delay.sdf, line 2035>.
xmelab: *W,SDFNEP: Unable to annotate to non-existent path (COND ((B==0)&&(CI==1)) (IOPATH A S)) of instance tb_sliding_4x4_post_layout_SDF_simulation.DUT.dut.g1160__1617 of module ad01d1 <../4_Physical_Design_Flow3_6M1L_16/5_Routing/Routing/mac_4x4_wrapper_chip_postRoute_with_pad_delay.sdf, line 2058>.
xmelab: *W,SDFNEP: Unable to annotate to non-existent path (COND ((B==1)&&(CI==0)) (IOPATH A S)) of instance tb_sliding_4x4_post_layout_SDF_simulation.DUT.dut.g1160__1617 of module ad01d1 <../4_Physical_Design_Flow3_6M1L_16/5_Routing/Routing/mac_4x4_wrapper_chip_postRoute_with_pad_delay.sdf, line 2059>.
xmelab: *W,SDFNEP: Unable to annotate to non-existent path (COND ((B==0)&&(CI==0)) (IOPATH A S)) of instance tb_sliding_4x4_post_layout_SDF_simulation.DUT.dut.g1160__1617 of module ad01d1 <../4_Physical_Design_Flow3_6M1L_16/5_Routing/Routing/mac_4x4_wrapper_chip_postRoute_with_pad_delay.sdf, line 2060>.
xmelab: *W,SDFNEP: Unable to annotate to non-existent path (COND ((B==1)&&(CI==1)) (IOPATH A S)) of instance tb_sliding_4x4_post_layout_SDF_simulation.DUT.dut.g1160__1617 of module ad01d1 <../4_Physical_Design_Flow3_6M1L_16/5_Routing/Routing/mac_4x4_wrapper_chip_postRoute_with_pad_delay.sdf, line 2061>.
xmelab: *W,SDFNEP: Unable to annotate to non-existent path (COND ((A==0)&&(CI==1)) (IOPATH B S)) of instance tb_sliding_4x4_post_layout_SDF_simulation.DUT.dut.g1160__1617 of module ad01d1 <../4_Physical_Design_Flow3_6M1L_16/5_Routing/Routing/mac_4x4_wrapper_chip_postRoute_with_pad_delay.sdf, line 2063>.
xmelab: *W,SDFNEP: Unable to annotate to non-existent path (COND ((A==1)&&(CI==0)) (IOPATH B S)) of instance tb_sliding_4x4_post_layout_SDF_simulation.DUT.dut.g1160__1617 of module ad01d1 <../4_Physical_Design_Flow3_6M1L_16/5_Routing/Routing/mac_4x4_wrapper_chip_postRoute_with_pad_delay.sdf, line 2064>.
xmelab: *W,SDFNEP: Unable to annotate to non-existent path (COND ((A==0)&&(CI==0)) (IOPATH B S)) of instance tb_sliding_4x4_post_layout_SDF_simulation.DUT.dut.g1160__1617 of module ad01d1 <../4_Physical_Design_Flow3_6M1L_16/5_Routing/Routing/mac_4x4_wrapper_chip_postRoute_with_pad_delay.sdf, line 2065>.
xmelab: *W,SDFNEP: Unable to annotate to non-existent path (COND ((A==1)&&(CI==1)) (IOPATH B S)) of instance tb_sliding_4x4_post_layout_SDF_simulation.DUT.dut.g1160__1617 of module ad01d1 <../4_Physical_Design_Flow3_6M1L_16/5_Routing/Routing/mac_4x4_wrapper_chip_postRoute_with_pad_delay.sdf, line 2066>.
xmelab: *W,SDFNEP: Unable to annotate to non-existent path (COND ((A==0)&&(B==1)) (IOPATH CI S)) of instance tb_sliding_4x4_post_layout_SDF_simulation.DUT.dut.g1160__1617 of module ad01d1 <../4_Physical_Design_Flow3_6M1L_16/5_Routing/Routing/mac_4x4_wrapper_chip_postRoute_with_pad_delay.sdf, line 2068>.
xmelab: *W,SDFNEP: Unable to annotate to non-existent path (COND ((A==1)&&(B==0)) (IOPATH CI S)) of instance tb_sliding_4x4_post_layout_SDF_simulation.DUT.dut.g1160__1617 of module ad01d1 <../4_Physical_Design_Flow3_6M1L_16/5_Routing/Routing/mac_4x4_wrapper_chip_postRoute_with_pad_delay.sdf, line 2069>.
xmelab: *W,SDFNEP: Unable to annotate to non-existent path (COND ((A==0)&&(B==0)) (IOPATH CI S)) of instance tb_sliding_4x4_post_layout_SDF_simulation.DUT.dut.g1160__1617 of module ad01d1 <../4_Physical_Design_Flow3_6M1L_16/5_Routing/Routing/mac_4x4_wrapper_chip_postRoute_with_pad_delay.sdf, line 2070>.
xmelab: *W,SDFNEP: Unable to annotate to non-existent path (COND ((A==1)&&(B==1)) (IOPATH CI S)) of instance tb_sliding_4x4_post_layout_SDF_simulation.DUT.dut.g1160__1617 of module ad01d1 <../4_Physical_Design_Flow3_6M1L_16/5_Routing/Routing/mac_4x4_wrapper_chip_postRoute_with_pad_delay.sdf, line 2071>.
xmelab: *W,SDFNG2: An SDF 2 limit timing check request (SETUPHOLD D (posedge CP) (0.319) (-0.013)) contains a negative limit and was matched to 2 single limit timing checks.  Negative limit will be set to 0 <../4_Physical_Design_Flow3_6M1L_16/5_Routing/Routing/mac_4x4_wrapper_chip_postRoute_with_pad_delay.sdf, line 2085>.
xmelab: *W,SDFNEP: Unable to annotate to non-existent path (COND ((B==0)&&(CI==1)) (IOPATH A S)) of instance tb_sliding_4x4_post_layout_SDF_simulation.DUT.dut.g1162__2802 of module ad01d1 <../4_Physical_Design_Flow3_6M1L_16/5_Routing/Routing/mac_4x4_wrapper_chip_postRoute_with_pad_delay.sdf, line 2097>.
xmelab: *W,SDFNEP: Unable to annotate to non-existent path (COND ((B==1)&&(CI==0)) (IOPATH A S)) of instance tb_sliding_4x4_post_layout_SDF_simulation.DUT.dut.g1162__2802 of module ad01d1 <../4_Physical_Design_Flow3_6M1L_16/5_Routing/Routing/mac_4x4_wrapper_chip_postRoute_with_pad_delay.sdf, line 2098>.
xmelab: *W,SDFNEP: Unable to annotate to non-existent path (COND ((B==0)&&(CI==0)) (IOPATH A S)) of instance tb_sliding_4x4_post_layout_SDF_simulation.DUT.dut.g1162__2802 of module ad01d1 <../4_Physical_Design_Flow3_6M1L_16/5_Routing/Routing/mac_4x4_wrapper_chip_postRoute_with_pad_delay.sdf, line 2099>.
xmelab: *W,SDFNEP: Unable to annotate to non-existent path (COND ((B==1)&&(CI==1)) (IOPATH A S)) of instance tb_sliding_4x4_post_layout_SDF_simulation.DUT.dut.g1162__2802 of module ad01d1 <../4_Physical_Design_Flow3_6M1L_16/5_Routing/Routing/mac_4x4_wrapper_chip_postRoute_with_pad_delay.sdf, line 2100>.
xmelab: *W,SDFNEP: Unable to annotate to non-existent path (COND ((A==0)&&(CI==1)) (IOPATH B S)) of instance tb_sliding_4x4_post_layout_SDF_simulation.DUT.dut.g1162__2802 of module ad01d1 <../4_Physical_Design_Flow3_6M1L_16/5_Routing/Routing/mac_4x4_wrapper_chip_postRoute_with_pad_delay.sdf, line 2102>.
xmelab: *W,SDFNEP: Unable to annotate to non-existent path (COND ((A==1)&&(CI==0)) (IOPATH B S)) of instance tb_sliding_4x4_post_layout_SDF_simulation.DUT.dut.g1162__2802 of module ad01d1 <../4_Physical_Design_Flow3_6M1L_16/5_Routing/Routing/mac_4x4_wrapper_chip_postRoute_with_pad_delay.sdf, line 2103>.
xmelab: *W,SDFNEP: Unable to annotate to non-existent path (COND ((A==0)&&(CI==0)) (IOPATH B S)) of instance tb_sliding_4x4_post_layout_SDF_simulation.DUT.dut.g1162__2802 of module ad01d1 <../4_Physical_Design_Flow3_6M1L_16/5_Routing/Routing/mac_4x4_wrapper_chip_postRoute_with_pad_delay.sdf, line 2104>.
xmelab: *W,SDFNEP: Unable to annotate to non-existent path (COND ((A==1)&&(CI==1)) (IOPATH B S)) of instance tb_sliding_4x4_post_layout_SDF_simulation.DUT.dut.g1162__2802 of module ad01d1 <../4_Physical_Design_Flow3_6M1L_16/5_Routing/Routing/mac_4x4_wrapper_chip_postRoute_with_pad_delay.sdf, line 2105>.
xmelab: *W,SDFNEP: Unable to annotate to non-existent path (COND ((A==0)&&(B==1)) (IOPATH CI S)) of instance tb_sliding_4x4_post_layout_SDF_simulation.DUT.dut.g1162__2802 of module ad01d1 <../4_Physical_Design_Flow3_6M1L_16/5_Routing/Routing/mac_4x4_wrapper_chip_postRoute_with_pad_delay.sdf, line 2107>.
xmelab: *W,SDFNEP: Unable to annotate to non-existent path (COND ((A==1)&&(B==0)) (IOPATH CI S)) of instance tb_sliding_4x4_post_layout_SDF_simulation.DUT.dut.g1162__2802 of module ad01d1 <../4_Physical_Design_Flow3_6M1L_16/5_Routing/Routing/mac_4x4_wrapper_chip_postRoute_with_pad_delay.sdf, line 2108>.
xmelab: *W,SDFNEP: Unable to annotate to non-existent path (COND ((A==0)&&(B==0)) (IOPATH CI S)) of instance tb_sliding_4x4_post_layout_SDF_simulation.DUT.dut.g1162__2802 of module ad01d1 <../4_Physical_Design_Flow3_6M1L_16/5_Routing/Routing/mac_4x4_wrapper_chip_postRoute_with_pad_delay.sdf, line 2109>.
xmelab: *W,SDFNEP: Unable to annotate to non-existent path (COND ((A==1)&&(B==1)) (IOPATH CI S)) of instance tb_sliding_4x4_post_layout_SDF_simulation.DUT.dut.g1162__2802 of module ad01d1 <../4_Physical_Design_Flow3_6M1L_16/5_Routing/Routing/mac_4x4_wrapper_chip_postRoute_with_pad_delay.sdf, line 2110>.
xmelab: *W,SDFNEP: Unable to annotate to non-existent path (COND ((B==0)&&(CI==1)) (IOPATH A S)) of instance tb_sliding_4x4_post_layout_SDF_simulation.DUT.dut.g1169__5115 of module ad01d1 <../4_Physical_Design_Flow3_6M1L_16/5_Routing/Routing/mac_4x4_wrapper_chip_postRoute_with_pad_delay.sdf, line 2190>.
xmelab: *W,SDFNEP: Unable to annotate to non-existent path (COND ((B==1)&&(CI==0)) (IOPATH A S)) of instance tb_sliding_4x4_post_layout_SDF_simulation.DUT.dut.g1169__5115 of module ad01d1 <../4_Physical_Design_Flow3_6M1L_16/5_Routing/Routing/mac_4x4_wrapper_chip_postRoute_with_pad_delay.sdf, line 2191>.
xmelab: *W,SDFNEP: Unable to annotate to non-existent path (COND ((B==0)&&(CI==0)) (IOPATH A S)) of instance tb_sliding_4x4_post_layout_SDF_simulation.DUT.dut.g1169__5115 of module ad01d1 <../4_Physical_Design_Flow3_6M1L_16/5_Routing/Routing/mac_4x4_wrapper_chip_postRoute_with_pad_delay.sdf, line 2192>.
xmelab: *W,SDFNEP: Unable to annotate to non-existent path (COND ((B==1)&&(CI==1)) (IOPATH A S)) of instance tb_sliding_4x4_post_layout_SDF_simulation.DUT.dut.g1169__5115 of module ad01d1 <../4_Physical_Design_Flow3_6M1L_16/5_Routing/Routing/mac_4x4_wrapper_chip_postRoute_with_pad_delay.sdf, line 2193>.
xmelab: *W,SDFNEP: Unable to annotate to non-existent path (COND ((A==0)&&(CI==1)) (IOPATH B S)) of instance tb_sliding_4x4_post_layout_SDF_simulation.DUT.dut.g1169__5115 of module ad01d1 <../4_Physical_Design_Flow3_6M1L_16/5_Routing/Routing/mac_4x4_wrapper_chip_postRoute_with_pad_delay.sdf, line 2195>.
xmelab: *W,SDFNEP: Unable to annotate to non-existent path (COND ((A==1)&&(CI==0)) (IOPATH B S)) of instance tb_sliding_4x4_post_layout_SDF_simulation.DUT.dut.g1169__5115 of module ad01d1 <../4_Physical_Design_Flow3_6M1L_16/5_Routing/Routing/mac_4x4_wrapper_chip_postRoute_with_pad_delay.sdf, line 2196>.
xmelab: *W,SDFNEP: Unable to annotate to non-existent path (COND ((A==0)&&(CI==0)) (IOPATH B S)) of instance tb_sliding_4x4_post_layout_SDF_simulation.DUT.dut.g1169__5115 of module ad01d1 <../4_Physical_Design_Flow3_6M1L_16/5_Routing/Routing/mac_4x4_wrapper_chip_postRoute_with_pad_delay.sdf, line 2197>.
xmelab: *W,SDFNEP: Unable to annotate to non-existent path (COND ((A==1)&&(CI==1)) (IOPATH B S)) of instance tb_sliding_4x4_post_layout_SDF_simulation.DUT.dut.g1169__5115 of module ad01d1 <../4_Physical_Design_Flow3_6M1L_16/5_Routing/Routing/mac_4x4_wrapper_chip_postRoute_with_pad_delay.sdf, line 2198>.
xmelab: *W,SDFNEP: Unable to annotate to non-existent path (COND ((A==0)&&(B==1)) (IOPATH CI S)) of instance tb_sliding_4x4_post_layout_SDF_simulation.DUT.dut.g1169__5115 of module ad01d1 <../4_Physical_Design_Flow3_6M1L_16/5_Routing/Routing/mac_4x4_wrapper_chip_postRoute_with_pad_delay.sdf, line 2200>.
xmelab: *W,SDFNEP: Unable to annotate to non-existent path (COND ((A==1)&&(B==0)) (IOPATH CI S)) of instance tb_sliding_4x4_post_layout_SDF_simulation.DUT.dut.g1169__5115 of module ad01d1 <../4_Physical_Design_Flow3_6M1L_16/5_Routing/Routing/mac_4x4_wrapper_chip_postRoute_with_pad_delay.sdf, line 2201>.
xmelab: *W,SDFNEP: Unable to annotate to non-existent path (COND ((A==0)&&(B==0)) (IOPATH CI S)) of instance tb_sliding_4x4_post_layout_SDF_simulation.DUT.dut.g1169__5115 of module ad01d1 <../4_Physical_Design_Flow3_6M1L_16/5_Routing/Routing/mac_4x4_wrapper_chip_postRoute_with_pad_delay.sdf, line 2202>.
xmelab: *W,SDFNEP: Unable to annotate to non-existent path (COND ((A==1)&&(B==1)) (IOPATH CI S)) of instance tb_sliding_4x4_post_layout_SDF_simulation.DUT.dut.g1169__5115 of module ad01d1 <../4_Physical_Design_Flow3_6M1L_16/5_Routing/Routing/mac_4x4_wrapper_chip_postRoute_with_pad_delay.sdf, line 2203>.
xmelab: *W,SDFNEP: Unable to annotate to non-existent path (COND ((B==0)&&(CI==1)) (IOPATH A S)) of instance tb_sliding_4x4_post_layout_SDF_simulation.DUT.dut.g1171__4733 of module ad01d1 <../4_Physical_Design_Flow3_6M1L_16/5_Routing/Routing/mac_4x4_wrapper_chip_postRoute_with_pad_delay.sdf, line 2227>.
xmelab: *W,SDFNEP: Unable to annotate to non-existent path (COND ((B==1)&&(CI==0)) (IOPATH A S)) of instance tb_sliding_4x4_post_layout_SDF_simulation.DUT.dut.g1171__4733 of module ad01d1 <../4_Physical_Design_Flow3_6M1L_16/5_Routing/Routing/mac_4x4_wrapper_chip_postRoute_with_pad_delay.sdf, line 2228>.
xmelab: *W,SDFNEP: Unable to annotate to non-existent path (COND ((B==0)&&(CI==0)) (IOPATH A S)) of instance tb_sliding_4x4_post_layout_SDF_simulation.DUT.dut.g1171__4733 of module ad01d1 <../4_Physical_Design_Flow3_6M1L_16/5_Routing/Routing/mac_4x4_wrapper_chip_postRoute_with_pad_delay.sdf, line 2229>.
xmelab: *W,SDFNEP: Unable to annotate to non-existent path (COND ((B==1)&&(CI==1)) (IOPATH A S)) of instance tb_sliding_4x4_post_layout_SDF_simulation.DUT.dut.g1171__4733 of module ad01d1 <../4_Physical_Design_Flow3_6M1L_16/5_Routing/Routing/mac_4x4_wrapper_chip_postRoute_with_pad_delay.sdf, line 2230>.
xmelab: *W,SDFNEP: Unable to annotate to non-existent path (COND ((A==0)&&(CI==1)) (IOPATH B S)) of instance tb_sliding_4x4_post_layout_SDF_simulation.DUT.dut.g1171__4733 of module ad01d1 <../4_Physical_Design_Flow3_6M1L_16/5_Routing/Routing/mac_4x4_wrapper_chip_postRoute_with_pad_delay.sdf, line 2232>.
xmelab: *W,SDFNEP: Unable to annotate to non-existent path (COND ((A==1)&&(CI==0)) (IOPATH B S)) of instance tb_sliding_4x4_post_layout_SDF_simulation.DUT.dut.g1171__4733 of module ad01d1 <../4_Physical_Design_Flow3_6M1L_16/5_Routing/Routing/mac_4x4_wrapper_chip_postRoute_with_pad_delay.sdf, line 2233>.
xmelab: *W,SDFNEP: Unable to annotate to non-existent path (COND ((A==0)&&(CI==0)) (IOPATH B S)) of instance tb_sliding_4x4_post_layout_SDF_simulation.DUT.dut.g1171__4733 of module ad01d1 <../4_Physical_Design_Flow3_6M1L_16/5_Routing/Routing/mac_4x4_wrapper_chip_postRoute_with_pad_delay.sdf, line 2234>.
xmelab: *W,SDFNEP: Unable to annotate to non-existent path (COND ((A==1)&&(CI==1)) (IOPATH B S)) of instance tb_sliding_4x4_post_layout_SDF_simulation.DUT.dut.g1171__4733 of module ad01d1 <../4_Physical_Design_Flow3_6M1L_16/5_Routing/Routing/mac_4x4_wrapper_chip_postRoute_with_pad_delay.sdf, line 2235>.
xmelab: *W,SDFNEP: Unable to annotate to non-existent path (COND ((A==0)&&(B==1)) (IOPATH CI S)) of instance tb_sliding_4x4_post_layout_SDF_simulation.DUT.dut.g1171__4733 of module ad01d1 <../4_Physical_Design_Flow3_6M1L_16/5_Routing/Routing/mac_4x4_wrapper_chip_postRoute_with_pad_delay.sdf, line 2237>.
xmelab: *W,SDFNEP: Unable to annotate to non-existent path (COND ((A==1)&&(B==0)) (IOPATH CI S)) of instance tb_sliding_4x4_post_layout_SDF_simulation.DUT.dut.g1171__4733 of module ad01d1 <../4_Physical_Design_Flow3_6M1L_16/5_Routing/Routing/mac_4x4_wrapper_chip_postRoute_with_pad_delay.sdf, line 2238>.
xmelab: *W,SDFNEP: Unable to annotate to non-existent path (COND ((A==0)&&(B==0)) (IOPATH CI S)) of instance tb_sliding_4x4_post_layout_SDF_simulation.DUT.dut.g1171__4733 of module ad01d1 <../4_Physical_Design_Flow3_6M1L_16/5_Routing/Routing/mac_4x4_wrapper_chip_postRoute_with_pad_delay.sdf, line 2239>.
xmelab: *W,SDFNEP: Unable to annotate to non-existent path (COND ((A==1)&&(B==1)) (IOPATH CI S)) of instance tb_sliding_4x4_post_layout_SDF_simulation.DUT.dut.g1171__4733 of module ad01d1 <../4_Physical_Design_Flow3_6M1L_16/5_Routing/Routing/mac_4x4_wrapper_chip_postRoute_with_pad_delay.sdf, line 2240>.
xmelab: *W,SDFNG2: An SDF 2 limit timing check request (SETUPHOLD D (posedge CP) (0.319) (-0.013)) contains a negative limit and was matched to 2 single limit timing checks.  Negative limit will be set to 0 <../4_Physical_Design_Flow3_6M1L_16/5_Routing/Routing/mac_4x4_wrapper_chip_postRoute_with_pad_delay.sdf, line 2254>.
xmelab: *W,SDFNG2: An SDF 2 limit timing check request (SETUPHOLD D (posedge CP) (0.329) (-0.012)) contains a negative limit and was matched to 2 single limit timing checks.  Negative limit will be set to 0 <../4_Physical_Design_Flow3_6M1L_16/5_Routing/Routing/mac_4x4_wrapper_chip_postRoute_with_pad_delay.sdf, line 2523>.
xmelab: *W,SDFNG2: An SDF 2 limit timing check request (SETUPHOLD D (posedge CP) (0.329) (-0.012)) contains a negative limit and was matched to 2 single limit timing checks.  Negative limit will be set to 0 <../4_Physical_Design_Flow3_6M1L_16/5_Routing/Routing/mac_4x4_wrapper_chip_postRoute_with_pad_delay.sdf, line 2538>.
xmelab: *W,SDFNG2: An SDF 2 limit timing check request (SETUPHOLD D (posedge CP) (0.33) (-0.012)) contains a negative limit and was matched to 2 single limit timing checks.  Negative limit will be set to 0 <../4_Physical_Design_Flow3_6M1L_16/5_Routing/Routing/mac_4x4_wrapper_chip_postRoute_with_pad_delay.sdf, line 2553>.
xmelab: *W,SDFNG2: An SDF 2 limit timing check request (SETUPHOLD D (posedge CP) (0.32) (-0.013)) contains a negative limit and was matched to 2 single limit timing checks.  Negative limit will be set to 0 <../4_Physical_Design_Flow3_6M1L_16/5_Routing/Routing/mac_4x4_wrapper_chip_postRoute_with_pad_delay.sdf, line 2568>.
xmelab: *W,SDFNG2: An SDF 2 limit timing check request (SETUPHOLD D (posedge CP) (0.329) (-0.012)) contains a negative limit and was matched to 2 single limit timing checks.  Negative limit will be set to 0 <../4_Physical_Design_Flow3_6M1L_16/5_Routing/Routing/mac_4x4_wrapper_chip_postRoute_with_pad_delay.sdf, line 2583>.
xmelab: *W,SDFNG2: An SDF 2 limit timing check request (SETUPHOLD D (posedge CP) (0.32) (-0.013)) contains a negative limit and was matched to 2 single limit timing checks.  Negative limit will be set to 0 <../4_Physical_Design_Flow3_6M1L_16/5_Routing/Routing/mac_4x4_wrapper_chip_postRoute_with_pad_delay.sdf, line 2598>.
xmelab: *W,SDFNG2: An SDF 2 limit timing check request (SETUPHOLD D (posedge CP) (0.335) (-0.012)) contains a negative limit and was matched to 2 single limit timing checks.  Negative limit will be set to 0 <../4_Physical_Design_Flow3_6M1L_16/5_Routing/Routing/mac_4x4_wrapper_chip_postRoute_with_pad_delay.sdf, line 2613>.
xmelab: *W,SDFNG2: An SDF 2 limit timing check request (SETUPHOLD D (posedge CP) (0.322) (-0.013)) contains a negative limit and was matched to 2 single limit timing checks.  Negative limit will be set to 0 <../4_Physical_Design_Flow3_6M1L_16/5_Routing/Routing/mac_4x4_wrapper_chip_postRoute_with_pad_delay.sdf, line 2748>.
xmelab: *W,SDFNG2: An SDF 2 limit timing check request (SETUPHOLD D (posedge CP) (0.322) (-0.013)) contains a negative limit and was matched to 2 single limit timing checks.  Negative limit will be set to 0 <../4_Physical_Design_Flow3_6M1L_16/5_Routing/Routing/mac_4x4_wrapper_chip_postRoute_with_pad_delay.sdf, line 2778>.
xmelab: *W,SDFNG2: An SDF 2 limit timing check request (SETUPHOLD D (posedge CP) (0.321) (-0.013)) contains a negative limit and was matched to 2 single limit timing checks.  Negative limit will be set to 0 <../4_Physical_Design_Flow3_6M1L_16/5_Routing/Routing/mac_4x4_wrapper_chip_postRoute_with_pad_delay.sdf, line 2793>.
xmelab: *W,SDFNG2: An SDF 2 limit timing check request (SETUPHOLD D (posedge CP) (0.322) (-0.013)) contains a negative limit and was matched to 2 single limit timing checks.  Negative limit will be set to 0 <../4_Physical_Design_Flow3_6M1L_16/5_Routing/Routing/mac_4x4_wrapper_chip_postRoute_with_pad_delay.sdf, line 2823>.
xmelab: *W,SDFNG2: An SDF 2 limit timing check request (SETUPHOLD D (posedge CP) (0.323) (-0.013)) contains a negative limit and was matched to 2 single limit timing checks.  Negative limit will be set to 0 <../4_Physical_Design_Flow3_6M1L_16/5_Routing/Routing/mac_4x4_wrapper_chip_postRoute_with_pad_delay.sdf, line 2838>.
xmelab: *W,SDFNG2: An SDF 2 limit timing check request (SETUPHOLD D (posedge CP) (0.32) (-0.013)) contains a negative limit and was matched to 2 single limit timing checks.  Negative limit will be set to 0 <../4_Physical_Design_Flow3_6M1L_16/5_Routing/Routing/mac_4x4_wrapper_chip_postRoute_with_pad_delay.sdf, line 2853>.
xmelab: *W,SDFNG2: An SDF 2 limit timing check request (SETUPHOLD D (posedge CP) (0.321) (-0.013)) contains a negative limit and was matched to 2 single limit timing checks.  Negative limit will be set to 0 <../4_Physical_Design_Flow3_6M1L_16/5_Routing/Routing/mac_4x4_wrapper_chip_postRoute_with_pad_delay.sdf, line 2868>.
xmelab: *W,SDFNG2: An SDF 2 limit timing check request (SETUPHOLD D (posedge CP) (0.321) (-0.013)) contains a negative limit and was matched to 2 single limit timing checks.  Negative limit will be set to 0 <../4_Physical_Design_Flow3_6M1L_16/5_Routing/Routing/mac_4x4_wrapper_chip_postRoute_with_pad_delay.sdf, line 2883>.
xmelab: *W,SDFNG2: An SDF 2 limit timing check request (SETUPHOLD D (posedge CP) (0.32) (-0.013)) contains a negative limit and was matched to 2 single limit timing checks.  Negative limit will be set to 0 <../4_Physical_Design_Flow3_6M1L_16/5_Routing/Routing/mac_4x4_wrapper_chip_postRoute_with_pad_delay.sdf, line 2898>.
xmelab: *W,SDFNG2: An SDF 2 limit timing check request (SETUPHOLD D (posedge CP) (0.322) (-0.014)) contains a negative limit and was matched to 2 single limit timing checks.  Negative limit will be set to 0 <../4_Physical_Design_Flow3_6M1L_16/5_Routing/Routing/mac_4x4_wrapper_chip_postRoute_with_pad_delay.sdf, line 2913>.
xmelab: *W,SDFNG2: An SDF 2 limit timing check request (SETUPHOLD D (posedge CP) (0.318) (-0.013)) contains a negative limit and was matched to 2 single limit timing checks.  Negative limit will be set to 0 <../4_Physical_Design_Flow3_6M1L_16/5_Routing/Routing/mac_4x4_wrapper_chip_postRoute_with_pad_delay.sdf, line 2928>.
xmelab: *W,SDFNG2: An SDF 2 limit timing check request (SETUPHOLD D (posedge CP) (0.321) (-0.013)) contains a negative limit and was matched to 2 single limit timing checks.  Negative limit will be set to 0 <../4_Physical_Design_Flow3_6M1L_16/5_Routing/Routing/mac_4x4_wrapper_chip_postRoute_with_pad_delay.sdf, line 2943>.
xmelab: *W,SDFNG2: An SDF 2 limit timing check request (SETUPHOLD D (posedge CP) (0.321) (-0.013)) contains a negative limit and was matched to 2 single limit timing checks.  Negative limit will be set to 0 <../4_Physical_Design_Flow3_6M1L_16/5_Routing/Routing/mac_4x4_wrapper_chip_postRoute_with_pad_delay.sdf, line 2958>.
xmelab: *W,SDFNG2: An SDF 2 limit timing check request (SETUPHOLD D (posedge CP) (0.321) (-0.013)) contains a negative limit and was matched to 2 single limit timing checks.  Negative limit will be set to 0 <../4_Physical_Design_Flow3_6M1L_16/5_Routing/Routing/mac_4x4_wrapper_chip_postRoute_with_pad_delay.sdf, line 2973>.
xmelab: *W,SDFNEP: Unable to annotate to non-existent path (COND ((B==0)&&(CI==1)) (IOPATH A S)) of instance tb_sliding_4x4_post_layout_SDF_simulation.DUT.dut.add_89_32_g369__5477 of module ad01d1 <../4_Physical_Design_Flow3_6M1L_16/5_Routing/Routing/mac_4x4_wrapper_chip_postRoute_with_pad_delay.sdf, line 3369>.
xmelab: *W,SDFNEP: Unable to annotate to non-existent path (COND ((B==1)&&(CI==0)) (IOPATH A S)) of instance tb_sliding_4x4_post_layout_SDF_simulation.DUT.dut.add_89_32_g369__5477 of module ad01d1 <../4_Physical_Design_Flow3_6M1L_16/5_Routing/Routing/mac_4x4_wrapper_chip_postRoute_with_pad_delay.sdf, line 3370>.
xmelab: *W,SDFNEP: Unable to annotate to non-existent path (COND ((B==0)&&(CI==0)) (IOPATH A S)) of instance tb_sliding_4x4_post_layout_SDF_simulation.DUT.dut.add_89_32_g369__5477 of module ad01d1 <../4_Physical_Design_Flow3_6M1L_16/5_Routing/Routing/mac_4x4_wrapper_chip_postRoute_with_pad_delay.sdf, line 3371>.
xmelab: *W,SDFNEP: Unable to annotate to non-existent path (COND ((B==1)&&(CI==1)) (IOPATH A S)) of instance tb_sliding_4x4_post_layout_SDF_simulation.DUT.dut.add_89_32_g369__5477 of module ad01d1 <../4_Physical_Design_Flow3_6M1L_16/5_Routing/Routing/mac_4x4_wrapper_chip_postRoute_with_pad_delay.sdf, line 3372>.
xmelab: *W,SDFNEP: Unable to annotate to non-existent path (COND ((A==0)&&(CI==1)) (IOPATH B S)) of instance tb_sliding_4x4_post_layout_SDF_simulation.DUT.dut.add_89_32_g369__5477 of module ad01d1 <../4_Physical_Design_Flow3_6M1L_16/5_Routing/Routing/mac_4x4_wrapper_chip_postRoute_with_pad_delay.sdf, line 3374>.
xmelab: *W,SDFNEP: Unable to annotate to non-existent path (COND ((A==1)&&(CI==0)) (IOPATH B S)) of instance tb_sliding_4x4_post_layout_SDF_simulation.DUT.dut.add_89_32_g369__5477 of module ad01d1 <../4_Physical_Design_Flow3_6M1L_16/5_Routing/Routing/mac_4x4_wrapper_chip_postRoute_with_pad_delay.sdf, line 3375>.
xmelab: *W,SDFNEP: Unable to annotate to non-existent path (COND ((A==0)&&(CI==0)) (IOPATH B S)) of instance tb_sliding_4x4_post_layout_SDF_simulation.DUT.dut.add_89_32_g369__5477 of module ad01d1 <../4_Physical_Design_Flow3_6M1L_16/5_Routing/Routing/mac_4x4_wrapper_chip_postRoute_with_pad_delay.sdf, line 3376>.
xmelab: *W,SDFNEP: Unable to annotate to non-existent path (COND ((A==1)&&(CI==1)) (IOPATH B S)) of instance tb_sliding_4x4_post_layout_SDF_simulation.DUT.dut.add_89_32_g369__5477 of module ad01d1 <../4_Physical_Design_Flow3_6M1L_16/5_Routing/Routing/mac_4x4_wrapper_chip_postRoute_with_pad_delay.sdf, line 3377>.
xmelab: *W,SDFNEP: Unable to annotate to non-existent path (COND ((A==0)&&(B==1)) (IOPATH CI S)) of instance tb_sliding_4x4_post_layout_SDF_simulation.DUT.dut.add_89_32_g369__5477 of module ad01d1 <../4_Physical_Design_Flow3_6M1L_16/5_Routing/Routing/mac_4x4_wrapper_chip_postRoute_with_pad_delay.sdf, line 3379>.
xmelab: *W,SDFNEP: Unable to annotate to non-existent path (COND ((A==1)&&(B==0)) (IOPATH CI S)) of instance tb_sliding_4x4_post_layout_SDF_simulation.DUT.dut.add_89_32_g369__5477 of module ad01d1 <../4_Physical_Design_Flow3_6M1L_16/5_Routing/Routing/mac_4x4_wrapper_chip_postRoute_with_pad_delay.sdf, line 3380>.
xmelab: *W,SDFNEP: Unable to annotate to non-existent path (COND ((A==0)&&(B==0)) (IOPATH CI S)) of instance tb_sliding_4x4_post_layout_SDF_simulation.DUT.dut.add_89_32_g369__5477 of module ad01d1 <../4_Physical_Design_Flow3_6M1L_16/5_Routing/Routing/mac_4x4_wrapper_chip_postRoute_with_pad_delay.sdf, line 3381>.
xmelab: *W,SDFNEP: Unable to annotate to non-existent path (COND ((A==1)&&(B==1)) (IOPATH CI S)) of instance tb_sliding_4x4_post_layout_SDF_simulation.DUT.dut.add_89_32_g369__5477 of module ad01d1 <../4_Physical_Design_Flow3_6M1L_16/5_Routing/Routing/mac_4x4_wrapper_chip_postRoute_with_pad_delay.sdf, line 3382>.
xmelab: *W,SDFNEP: Unable to annotate to non-existent path (COND ((B==0)&&(CI==1)) (IOPATH A S)) of instance tb_sliding_4x4_post_layout_SDF_simulation.DUT.dut.add_89_32_g370__2398 of module ad01d1 <../4_Physical_Design_Flow3_6M1L_16/5_Routing/Routing/mac_4x4_wrapper_chip_postRoute_with_pad_delay.sdf, line 3393>.
xmelab: *W,SDFNEP: Unable to annotate to non-existent path (COND ((B==1)&&(CI==0)) (IOPATH A S)) of instance tb_sliding_4x4_post_layout_SDF_simulation.DUT.dut.add_89_32_g370__2398 of module ad01d1 <../4_Physical_Design_Flow3_6M1L_16/5_Routing/Routing/mac_4x4_wrapper_chip_postRoute_with_pad_delay.sdf, line 3394>.
xmelab: *W,SDFNEP: Unable to annotate to non-existent path (COND ((B==0)&&(CI==0)) (IOPATH A S)) of instance tb_sliding_4x4_post_layout_SDF_simulation.DUT.dut.add_89_32_g370__2398 of module ad01d1 <../4_Physical_Design_Flow3_6M1L_16/5_Routing/Routing/mac_4x4_wrapper_chip_postRoute_with_pad_delay.sdf, line 3395>.
xmelab: *W,SDFNEP: Unable to annotate to non-existent path (COND ((B==1)&&(CI==1)) (IOPATH A S)) of instance tb_sliding_4x4_post_layout_SDF_simulation.DUT.dut.add_89_32_g370__2398 of module ad01d1 <../4_Physical_Design_Flow3_6M1L_16/5_Routing/Routing/mac_4x4_wrapper_chip_postRoute_with_pad_delay.sdf, line 3396>.
xmelab: *W,SDFNEP: Unable to annotate to non-existent path (COND ((A==0)&&(CI==1)) (IOPATH B S)) of instance tb_sliding_4x4_post_layout_SDF_simulation.DUT.dut.add_89_32_g370__2398 of module ad01d1 <../4_Physical_Design_Flow3_6M1L_16/5_Routing/Routing/mac_4x4_wrapper_chip_postRoute_with_pad_delay.sdf, line 3398>.
xmelab: *W,SDFNEP: Unable to annotate to non-existent path (COND ((A==1)&&(CI==0)) (IOPATH B S)) of instance tb_sliding_4x4_post_layout_SDF_simulation.DUT.dut.add_89_32_g370__2398 of module ad01d1 <../4_Physical_Design_Flow3_6M1L_16/5_Routing/Routing/mac_4x4_wrapper_chip_postRoute_with_pad_delay.sdf, line 3399>.
xmelab: *W,SDFNEP: Unable to annotate to non-existent path (COND ((A==0)&&(CI==0)) (IOPATH B S)) of instance tb_sliding_4x4_post_layout_SDF_simulation.DUT.dut.add_89_32_g370__2398 of module ad01d1 <../4_Physical_Design_Flow3_6M1L_16/5_Routing/Routing/mac_4x4_wrapper_chip_postRoute_with_pad_delay.sdf, line 3400>.
xmelab: *W,SDFNEP: Unable to annotate to non-existent path (COND ((A==1)&&(CI==1)) (IOPATH B S)) of instance tb_sliding_4x4_post_layout_SDF_simulation.DUT.dut.add_89_32_g370__2398 of module ad01d1 <../4_Physical_Design_Flow3_6M1L_16/5_Routing/Routing/mac_4x4_wrapper_chip_postRoute_with_pad_delay.sdf, line 3401>.
xmelab: *W,SDFNEP: Unable to annotate to non-existent path (COND ((A==0)&&(B==1)) (IOPATH CI S)) of instance tb_sliding_4x4_post_layout_SDF_simulation.DUT.dut.add_89_32_g370__2398 of module ad01d1 <../4_Physical_Design_Flow3_6M1L_16/5_Routing/Routing/mac_4x4_wrapper_chip_postRoute_with_pad_delay.sdf, line 3403>.
xmelab: *W,SDFNEP: Unable to annotate to non-existent path (COND ((A==1)&&(B==0)) (IOPATH CI S)) of instance tb_sliding_4x4_post_layout_SDF_simulation.DUT.dut.add_89_32_g370__2398 of module ad01d1 <../4_Physical_Design_Flow3_6M1L_16/5_Routing/Routing/mac_4x4_wrapper_chip_postRoute_with_pad_delay.sdf, line 3404>.
xmelab: *W,SDFNEP: Unable to annotate to non-existent path (COND ((A==0)&&(B==0)) (IOPATH CI S)) of instance tb_sliding_4x4_post_layout_SDF_simulation.DUT.dut.add_89_32_g370__2398 of module ad01d1 <../4_Physical_Design_Flow3_6M1L_16/5_Routing/Routing/mac_4x4_wrapper_chip_postRoute_with_pad_delay.sdf, line 3405>.
xmelab: *W,SDFNEP: Unable to annotate to non-existent path (COND ((A==1)&&(B==1)) (IOPATH CI S)) of instance tb_sliding_4x4_post_layout_SDF_simulation.DUT.dut.add_89_32_g370__2398 of module ad01d1 <../4_Physical_Design_Flow3_6M1L_16/5_Routing/Routing/mac_4x4_wrapper_chip_postRoute_with_pad_delay.sdf, line 3406>.
xmelab: *W,SDFNEP: Unable to annotate to non-existent path (COND ((B==0)&&(CI==1)) (IOPATH A S)) of instance tb_sliding_4x4_post_layout_SDF_simulation.DUT.dut.add_89_32_g371__5107 of module ad01d1 <../4_Physical_Design_Flow3_6M1L_16/5_Routing/Routing/mac_4x4_wrapper_chip_postRoute_with_pad_delay.sdf, line 3417>.
xmelab: *W,SDFNEP: Unable to annotate to non-existent path (COND ((B==1)&&(CI==0)) (IOPATH A S)) of instance tb_sliding_4x4_post_layout_SDF_simulation.DUT.dut.add_89_32_g371__5107 of module ad01d1 <../4_Physical_Design_Flow3_6M1L_16/5_Routing/Routing/mac_4x4_wrapper_chip_postRoute_with_pad_delay.sdf, line 3418>.
xmelab: *W,SDFNEP: Unable to annotate to non-existent path (COND ((B==0)&&(CI==0)) (IOPATH A S)) of instance tb_sliding_4x4_post_layout_SDF_simulation.DUT.dut.add_89_32_g371__5107 of module ad01d1 <../4_Physical_Design_Flow3_6M1L_16/5_Routing/Routing/mac_4x4_wrapper_chip_postRoute_with_pad_delay.sdf, line 3419>.
xmelab: *W,SDFNEP: Unable to annotate to non-existent path (COND ((B==1)&&(CI==1)) (IOPATH A S)) of instance tb_sliding_4x4_post_layout_SDF_simulation.DUT.dut.add_89_32_g371__5107 of module ad01d1 <../4_Physical_Design_Flow3_6M1L_16/5_Routing/Routing/mac_4x4_wrapper_chip_postRoute_with_pad_delay.sdf, line 3420>.
xmelab: *W,SDFNEP: Unable to annotate to non-existent path (COND ((A==0)&&(CI==1)) (IOPATH B S)) of instance tb_sliding_4x4_post_layout_SDF_simulation.DUT.dut.add_89_32_g371__5107 of module ad01d1 <../4_Physical_Design_Flow3_6M1L_16/5_Routing/Routing/mac_4x4_wrapper_chip_postRoute_with_pad_delay.sdf, line 3422>.
xmelab: *W,SDFNEP: Unable to annotate to non-existent path (COND ((A==1)&&(CI==0)) (IOPATH B S)) of instance tb_sliding_4x4_post_layout_SDF_simulation.DUT.dut.add_89_32_g371__5107 of module ad01d1 <../4_Physical_Design_Flow3_6M1L_16/5_Routing/Routing/mac_4x4_wrapper_chip_postRoute_with_pad_delay.sdf, line 3423>.
xmelab: *W,SDFNEP: Unable to annotate to non-existent path (COND ((A==0)&&(CI==0)) (IOPATH B S)) of instance tb_sliding_4x4_post_layout_SDF_simulation.DUT.dut.add_89_32_g371__5107 of module ad01d1 <../4_Physical_Design_Flow3_6M1L_16/5_Routing/Routing/mac_4x4_wrapper_chip_postRoute_with_pad_delay.sdf, line 3424>.
xmelab: *W,SDFNEP: Unable to annotate to non-existent path (COND ((A==1)&&(CI==1)) (IOPATH B S)) of instance tb_sliding_4x4_post_layout_SDF_simulation.DUT.dut.add_89_32_g371__5107 of module ad01d1 <../4_Physical_Design_Flow3_6M1L_16/5_Routing/Routing/mac_4x4_wrapper_chip_postRoute_with_pad_delay.sdf, line 3425>.
xmelab: *W,SDFNEP: Unable to annotate to non-existent path (COND ((A==0)&&(B==1)) (IOPATH CI S)) of instance tb_sliding_4x4_post_layout_SDF_simulation.DUT.dut.add_89_32_g371__5107 of module ad01d1 <../4_Physical_Design_Flow3_6M1L_16/5_Routing/Routing/mac_4x4_wrapper_chip_postRoute_with_pad_delay.sdf, line 3427>.
xmelab: *W,SDFNEP: Unable to annotate to non-existent path (COND ((A==1)&&(B==0)) (IOPATH CI S)) of instance tb_sliding_4x4_post_layout_SDF_simulation.DUT.dut.add_89_32_g371__5107 of module ad01d1 <../4_Physical_Design_Flow3_6M1L_16/5_Routing/Routing/mac_4x4_wrapper_chip_postRoute_with_pad_delay.sdf, line 3428>.
xmelab: *W,SDFNEP: Unable to annotate to non-existent path (COND ((A==0)&&(B==0)) (IOPATH CI S)) of instance tb_sliding_4x4_post_layout_SDF_simulation.DUT.dut.add_89_32_g371__5107 of module ad01d1 <../4_Physical_Design_Flow3_6M1L_16/5_Routing/Routing/mac_4x4_wrapper_chip_postRoute_with_pad_delay.sdf, line 3429>.
xmelab: *W,SDFNEP: Unable to annotate to non-existent path (COND ((A==1)&&(B==1)) (IOPATH CI S)) of instance tb_sliding_4x4_post_layout_SDF_simulation.DUT.dut.add_89_32_g371__5107 of module ad01d1 <../4_Physical_Design_Flow3_6M1L_16/5_Routing/Routing/mac_4x4_wrapper_chip_postRoute_with_pad_delay.sdf, line 3430>.
xmelab: *W,SDFNEP: Unable to annotate to non-existent path (COND ((B==0)&&(CI==1)) (IOPATH A S)) of instance tb_sliding_4x4_post_layout_SDF_simulation.DUT.dut.add_89_32_g372__6260 of module ad01d1 <../4_Physical_Design_Flow3_6M1L_16/5_Routing/Routing/mac_4x4_wrapper_chip_postRoute_with_pad_delay.sdf, line 3441>.
xmelab: *W,SDFNEP: Unable to annotate to non-existent path (COND ((B==1)&&(CI==0)) (IOPATH A S)) of instance tb_sliding_4x4_post_layout_SDF_simulation.DUT.dut.add_89_32_g372__6260 of module ad01d1 <../4_Physical_Design_Flow3_6M1L_16/5_Routing/Routing/mac_4x4_wrapper_chip_postRoute_with_pad_delay.sdf, line 3442>.
xmelab: *W,SDFNEP: Unable to annotate to non-existent path (COND ((B==0)&&(CI==0)) (IOPATH A S)) of instance tb_sliding_4x4_post_layout_SDF_simulation.DUT.dut.add_89_32_g372__6260 of module ad01d1 <../4_Physical_Design_Flow3_6M1L_16/5_Routing/Routing/mac_4x4_wrapper_chip_postRoute_with_pad_delay.sdf, line 3443>.
xmelab: *W,SDFNEP: Unable to annotate to non-existent path (COND ((B==1)&&(CI==1)) (IOPATH A S)) of instance tb_sliding_4x4_post_layout_SDF_simulation.DUT.dut.add_89_32_g372__6260 of module ad01d1 <../4_Physical_Design_Flow3_6M1L_16/5_Routing/Routing/mac_4x4_wrapper_chip_postRoute_with_pad_delay.sdf, line 3444>.
xmelab: *W,SDFNEP: Unable to annotate to non-existent path (COND ((A==0)&&(CI==1)) (IOPATH B S)) of instance tb_sliding_4x4_post_layout_SDF_simulation.DUT.dut.add_89_32_g372__6260 of module ad01d1 <../4_Physical_Design_Flow3_6M1L_16/5_Routing/Routing/mac_4x4_wrapper_chip_postRoute_with_pad_delay.sdf, line 3446>.
xmelab: *W,SDFNEP: Unable to annotate to non-existent path (COND ((A==1)&&(CI==0)) (IOPATH B S)) of instance tb_sliding_4x4_post_layout_SDF_simulation.DUT.dut.add_89_32_g372__6260 of module ad01d1 <../4_Physical_Design_Flow3_6M1L_16/5_Routing/Routing/mac_4x4_wrapper_chip_postRoute_with_pad_delay.sdf, line 3447>.
xmelab: *W,SDFNEP: Unable to annotate to non-existent path (COND ((A==0)&&(CI==0)) (IOPATH B S)) of instance tb_sliding_4x4_post_layout_SDF_simulation.DUT.dut.add_89_32_g372__6260 of module ad01d1 <../4_Physical_Design_Flow3_6M1L_16/5_Routing/Routing/mac_4x4_wrapper_chip_postRoute_with_pad_delay.sdf, line 3448>.
xmelab: *W,SDFNEP: Unable to annotate to non-existent path (COND ((A==1)&&(CI==1)) (IOPATH B S)) of instance tb_sliding_4x4_post_layout_SDF_simulation.DUT.dut.add_89_32_g372__6260 of module ad01d1 <../4_Physical_Design_Flow3_6M1L_16/5_Routing/Routing/mac_4x4_wrapper_chip_postRoute_with_pad_delay.sdf, line 3449>.
xmelab: *W,SDFNEP: Unable to annotate to non-existent path (COND ((A==0)&&(B==1)) (IOPATH CI S)) of instance tb_sliding_4x4_post_layout_SDF_simulation.DUT.dut.add_89_32_g372__6260 of module ad01d1 <../4_Physical_Design_Flow3_6M1L_16/5_Routing/Routing/mac_4x4_wrapper_chip_postRoute_with_pad_delay.sdf, line 3451>.
xmelab: *W,SDFNEP: Unable to annotate to non-existent path (COND ((A==1)&&(B==0)) (IOPATH CI S)) of instance tb_sliding_4x4_post_layout_SDF_simulation.DUT.dut.add_89_32_g372__6260 of module ad01d1 <../4_Physical_Design_Flow3_6M1L_16/5_Routing/Routing/mac_4x4_wrapper_chip_postRoute_with_pad_delay.sdf, line 3452>.
xmelab: *W,SDFNEP: Unable to annotate to non-existent path (COND ((A==0)&&(B==0)) (IOPATH CI S)) of instance tb_sliding_4x4_post_layout_SDF_simulation.DUT.dut.add_89_32_g372__6260 of module ad01d1 <../4_Physical_Design_Flow3_6M1L_16/5_Routing/Routing/mac_4x4_wrapper_chip_postRoute_with_pad_delay.sdf, line 3453>.
xmelab: *W,SDFNEP: Unable to annotate to non-existent path (COND ((A==1)&&(B==1)) (IOPATH CI S)) of instance tb_sliding_4x4_post_layout_SDF_simulation.DUT.dut.add_89_32_g372__6260 of module ad01d1 <../4_Physical_Design_Flow3_6M1L_16/5_Routing/Routing/mac_4x4_wrapper_chip_postRoute_with_pad_delay.sdf, line 3454>.
xmelab: *W,SDFNEP: Unable to annotate to non-existent path (COND ((B==0)&&(CI==1)) (IOPATH A S)) of instance tb_sliding_4x4_post_layout_SDF_simulation.DUT.dut.add_89_32_g373__4319 of module ad01d1 <../4_Physical_Design_Flow3_6M1L_16/5_Routing/Routing/mac_4x4_wrapper_chip_postRoute_with_pad_delay.sdf, line 3465>.
xmelab: *W,SDFNEP: Unable to annotate to non-existent path (COND ((B==1)&&(CI==0)) (IOPATH A S)) of instance tb_sliding_4x4_post_layout_SDF_simulation.DUT.dut.add_89_32_g373__4319 of module ad01d1 <../4_Physical_Design_Flow3_6M1L_16/5_Routing/Routing/mac_4x4_wrapper_chip_postRoute_with_pad_delay.sdf, line 3466>.
xmelab: *W,SDFNEP: Unable to annotate to non-existent path (COND ((B==0)&&(CI==0)) (IOPATH A S)) of instance tb_sliding_4x4_post_layout_SDF_simulation.DUT.dut.add_89_32_g373__4319 of module ad01d1 <../4_Physical_Design_Flow3_6M1L_16/5_Routing/Routing/mac_4x4_wrapper_chip_postRoute_with_pad_delay.sdf, line 3467>.
xmelab: *W,SDFNEP: Unable to annotate to non-existent path (COND ((B==1)&&(CI==1)) (IOPATH A S)) of instance tb_sliding_4x4_post_layout_SDF_simulation.DUT.dut.add_89_32_g373__4319 of module ad01d1 <../4_Physical_Design_Flow3_6M1L_16/5_Routing/Routing/mac_4x4_wrapper_chip_postRoute_with_pad_delay.sdf, line 3468>.
xmelab: *W,SDFNEP: Unable to annotate to non-existent path (COND ((A==0)&&(CI==1)) (IOPATH B S)) of instance tb_sliding_4x4_post_layout_SDF_simulation.DUT.dut.add_89_32_g373__4319 of module ad01d1 <../4_Physical_Design_Flow3_6M1L_16/5_Routing/Routing/mac_4x4_wrapper_chip_postRoute_with_pad_delay.sdf, line 3470>.
xmelab: *W,SDFNEP: Unable to annotate to non-existent path (COND ((A==1)&&(CI==0)) (IOPATH B S)) of instance tb_sliding_4x4_post_layout_SDF_simulation.DUT.dut.add_89_32_g373__4319 of module ad01d1 <../4_Physical_Design_Flow3_6M1L_16/5_Routing/Routing/mac_4x4_wrapper_chip_postRoute_with_pad_delay.sdf, line 3471>.
xmelab: *W,SDFNEP: Unable to annotate to non-existent path (COND ((A==0)&&(CI==0)) (IOPATH B S)) of instance tb_sliding_4x4_post_layout_SDF_simulation.DUT.dut.add_89_32_g373__4319 of module ad01d1 <../4_Physical_Design_Flow3_6M1L_16/5_Routing/Routing/mac_4x4_wrapper_chip_postRoute_with_pad_delay.sdf, line 3472>.
xmelab: *W,SDFNEP: Unable to annotate to non-existent path (COND ((A==1)&&(CI==1)) (IOPATH B S)) of instance tb_sliding_4x4_post_layout_SDF_simulation.DUT.dut.add_89_32_g373__4319 of module ad01d1 <../4_Physical_Design_Flow3_6M1L_16/5_Routing/Routing/mac_4x4_wrapper_chip_postRoute_with_pad_delay.sdf, line 3473>.
xmelab: *W,SDFNEP: Unable to annotate to non-existent path (COND ((A==0)&&(B==1)) (IOPATH CI S)) of instance tb_sliding_4x4_post_layout_SDF_simulation.DUT.dut.add_89_32_g373__4319 of module ad01d1 <../4_Physical_Design_Flow3_6M1L_16/5_Routing/Routing/mac_4x4_wrapper_chip_postRoute_with_pad_delay.sdf, line 3475>.
xmelab: *W,SDFNEP: Unable to annotate to non-existent path (COND ((A==1)&&(B==0)) (IOPATH CI S)) of instance tb_sliding_4x4_post_layout_SDF_simulation.DUT.dut.add_89_32_g373__4319 of module ad01d1 <../4_Physical_Design_Flow3_6M1L_16/5_Routing/Routing/mac_4x4_wrapper_chip_postRoute_with_pad_delay.sdf, line 3476>.
xmelab: *W,SDFNEP: Unable to annotate to non-existent path (COND ((A==0)&&(B==0)) (IOPATH CI S)) of instance tb_sliding_4x4_post_layout_SDF_simulation.DUT.dut.add_89_32_g373__4319 of module ad01d1 <../4_Physical_Design_Flow3_6M1L_16/5_Routing/Routing/mac_4x4_wrapper_chip_postRoute_with_pad_delay.sdf, line 3477>.
xmelab: *W,SDFNEP: Unable to annotate to non-existent path (COND ((A==1)&&(B==1)) (IOPATH CI S)) of instance tb_sliding_4x4_post_layout_SDF_simulation.DUT.dut.add_89_32_g373__4319 of module ad01d1 <../4_Physical_Design_Flow3_6M1L_16/5_Routing/Routing/mac_4x4_wrapper_chip_postRoute_with_pad_delay.sdf, line 3478>.
xmelab: *W,SDFNEP: Unable to annotate to non-existent path (COND ((B==0)&&(CI==1)) (IOPATH A S)) of instance tb_sliding_4x4_post_layout_SDF_simulation.DUT.dut.add_89_32_g374__8428 of module ad01d1 <../4_Physical_Design_Flow3_6M1L_16/5_Routing/Routing/mac_4x4_wrapper_chip_postRoute_with_pad_delay.sdf, line 3489>.
xmelab: *W,SDFNEP: Unable to annotate to non-existent path (COND ((B==1)&&(CI==0)) (IOPATH A S)) of instance tb_sliding_4x4_post_layout_SDF_simulation.DUT.dut.add_89_32_g374__8428 of module ad01d1 <../4_Physical_Design_Flow3_6M1L_16/5_Routing/Routing/mac_4x4_wrapper_chip_postRoute_with_pad_delay.sdf, line 3490>.
xmelab: *W,SDFNEP: Unable to annotate to non-existent path (COND ((B==0)&&(CI==0)) (IOPATH A S)) of instance tb_sliding_4x4_post_layout_SDF_simulation.DUT.dut.add_89_32_g374__8428 of module ad01d1 <../4_Physical_Design_Flow3_6M1L_16/5_Routing/Routing/mac_4x4_wrapper_chip_postRoute_with_pad_delay.sdf, line 3491>.
xmelab: *W,SDFNEP: Unable to annotate to non-existent path (COND ((B==1)&&(CI==1)) (IOPATH A S)) of instance tb_sliding_4x4_post_layout_SDF_simulation.DUT.dut.add_89_32_g374__8428 of module ad01d1 <../4_Physical_Design_Flow3_6M1L_16/5_Routing/Routing/mac_4x4_wrapper_chip_postRoute_with_pad_delay.sdf, line 3492>.
xmelab: *W,SDFNEP: Unable to annotate to non-existent path (COND ((A==0)&&(CI==1)) (IOPATH B S)) of instance tb_sliding_4x4_post_layout_SDF_simulation.DUT.dut.add_89_32_g374__8428 of module ad01d1 <../4_Physical_Design_Flow3_6M1L_16/5_Routing/Routing/mac_4x4_wrapper_chip_postRoute_with_pad_delay.sdf, line 3494>.
xmelab: *W,SDFNEP: Unable to annotate to non-existent path (COND ((A==1)&&(CI==0)) (IOPATH B S)) of instance tb_sliding_4x4_post_layout_SDF_simulation.DUT.dut.add_89_32_g374__8428 of module ad01d1 <../4_Physical_Design_Flow3_6M1L_16/5_Routing/Routing/mac_4x4_wrapper_chip_postRoute_with_pad_delay.sdf, line 3495>.
xmelab: *W,SDFNEP: Unable to annotate to non-existent path (COND ((A==0)&&(CI==0)) (IOPATH B S)) of instance tb_sliding_4x4_post_layout_SDF_simulation.DUT.dut.add_89_32_g374__8428 of module ad01d1 <../4_Physical_Design_Flow3_6M1L_16/5_Routing/Routing/mac_4x4_wrapper_chip_postRoute_with_pad_delay.sdf, line 3496>.
xmelab: *W,SDFNEP: Unable to annotate to non-existent path (COND ((A==1)&&(CI==1)) (IOPATH B S)) of instance tb_sliding_4x4_post_layout_SDF_simulation.DUT.dut.add_89_32_g374__8428 of module ad01d1 <../4_Physical_Design_Flow3_6M1L_16/5_Routing/Routing/mac_4x4_wrapper_chip_postRoute_with_pad_delay.sdf, line 3497>.
xmelab: *W,SDFNEP: Unable to annotate to non-existent path (COND ((A==0)&&(B==1)) (IOPATH CI S)) of instance tb_sliding_4x4_post_layout_SDF_simulation.DUT.dut.add_89_32_g374__8428 of module ad01d1 <../4_Physical_Design_Flow3_6M1L_16/5_Routing/Routing/mac_4x4_wrapper_chip_postRoute_with_pad_delay.sdf, line 3499>.
xmelab: *W,SDFNEP: Unable to annotate to non-existent path (COND ((A==1)&&(B==0)) (IOPATH CI S)) of instance tb_sliding_4x4_post_layout_SDF_simulation.DUT.dut.add_89_32_g374__8428 of module ad01d1 <../4_Physical_Design_Flow3_6M1L_16/5_Routing/Routing/mac_4x4_wrapper_chip_postRoute_with_pad_delay.sdf, line 3500>.
xmelab: *W,SDFNEP: Unable to annotate to non-existent path (COND ((A==0)&&(B==0)) (IOPATH CI S)) of instance tb_sliding_4x4_post_layout_SDF_simulation.DUT.dut.add_89_32_g374__8428 of module ad01d1 <../4_Physical_Design_Flow3_6M1L_16/5_Routing/Routing/mac_4x4_wrapper_chip_postRoute_with_pad_delay.sdf, line 3501>.
xmelab: *W,SDFNEP: Unable to annotate to non-existent path (COND ((A==1)&&(B==1)) (IOPATH CI S)) of instance tb_sliding_4x4_post_layout_SDF_simulation.DUT.dut.add_89_32_g374__8428 of module ad01d1 <../4_Physical_Design_Flow3_6M1L_16/5_Routing/Routing/mac_4x4_wrapper_chip_postRoute_with_pad_delay.sdf, line 3502>.
xmelab: *W,SDFNEP: Unable to annotate to non-existent path (COND ((B==0)&&(CI==1)) (IOPATH A S)) of instance tb_sliding_4x4_post_layout_SDF_simulation.DUT.dut.add_89_32_g375__5526 of module ad01d1 <../4_Physical_Design_Flow3_6M1L_16/5_Routing/Routing/mac_4x4_wrapper_chip_postRoute_with_pad_delay.sdf, line 3513>.
xmelab: *W,SDFNEP: Unable to annotate to non-existent path (COND ((B==1)&&(CI==0)) (IOPATH A S)) of instance tb_sliding_4x4_post_layout_SDF_simulation.DUT.dut.add_89_32_g375__5526 of module ad01d1 <../4_Physical_Design_Flow3_6M1L_16/5_Routing/Routing/mac_4x4_wrapper_chip_postRoute_with_pad_delay.sdf, line 3514>.
xmelab: *W,SDFNEP: Unable to annotate to non-existent path (COND ((B==0)&&(CI==0)) (IOPATH A S)) of instance tb_sliding_4x4_post_layout_SDF_simulation.DUT.dut.add_89_32_g375__5526 of module ad01d1 <../4_Physical_Design_Flow3_6M1L_16/5_Routing/Routing/mac_4x4_wrapper_chip_postRoute_with_pad_delay.sdf, line 3515>.
xmelab: *W,SDFNEP: Unable to annotate to non-existent path (COND ((B==1)&&(CI==1)) (IOPATH A S)) of instance tb_sliding_4x4_post_layout_SDF_simulation.DUT.dut.add_89_32_g375__5526 of module ad01d1 <../4_Physical_Design_Flow3_6M1L_16/5_Routing/Routing/mac_4x4_wrapper_chip_postRoute_with_pad_delay.sdf, line 3516>.
xmelab: *W,SDFNEP: Unable to annotate to non-existent path (COND ((A==0)&&(CI==1)) (IOPATH B S)) of instance tb_sliding_4x4_post_layout_SDF_simulation.DUT.dut.add_89_32_g375__5526 of module ad01d1 <../4_Physical_Design_Flow3_6M1L_16/5_Routing/Routing/mac_4x4_wrapper_chip_postRoute_with_pad_delay.sdf, line 3518>.
xmelab: *W,SDFNEP: Unable to annotate to non-existent path (COND ((A==1)&&(CI==0)) (IOPATH B S)) of instance tb_sliding_4x4_post_layout_SDF_simulation.DUT.dut.add_89_32_g375__5526 of module ad01d1 <../4_Physical_Design_Flow3_6M1L_16/5_Routing/Routing/mac_4x4_wrapper_chip_postRoute_with_pad_delay.sdf, line 3519>.
xmelab: *W,SDFNEP: Unable to annotate to non-existent path (COND ((A==0)&&(CI==0)) (IOPATH B S)) of instance tb_sliding_4x4_post_layout_SDF_simulation.DUT.dut.add_89_32_g375__5526 of module ad01d1 <../4_Physical_Design_Flow3_6M1L_16/5_Routing/Routing/mac_4x4_wrapper_chip_postRoute_with_pad_delay.sdf, line 3520>.
xmelab: *W,SDFNEP: Unable to annotate to non-existent path (COND ((A==1)&&(CI==1)) (IOPATH B S)) of instance tb_sliding_4x4_post_layout_SDF_simulation.DUT.dut.add_89_32_g375__5526 of module ad01d1 <../4_Physical_Design_Flow3_6M1L_16/5_Routing/Routing/mac_4x4_wrapper_chip_postRoute_with_pad_delay.sdf, line 3521>.
xmelab: *W,SDFNEP: Unable to annotate to non-existent path (COND ((A==0)&&(B==1)) (IOPATH CI S)) of instance tb_sliding_4x4_post_layout_SDF_simulation.DUT.dut.add_89_32_g375__5526 of module ad01d1 <../4_Physical_Design_Flow3_6M1L_16/5_Routing/Routing/mac_4x4_wrapper_chip_postRoute_with_pad_delay.sdf, line 3523>.
xmelab: *W,SDFNEP: Unable to annotate to non-existent path (COND ((A==1)&&(B==0)) (IOPATH CI S)) of instance tb_sliding_4x4_post_layout_SDF_simulation.DUT.dut.add_89_32_g375__5526 of module ad01d1 <../4_Physical_Design_Flow3_6M1L_16/5_Routing/Routing/mac_4x4_wrapper_chip_postRoute_with_pad_delay.sdf, line 3524>.
xmelab: *W,SDFNEP: Unable to annotate to non-existent path (COND ((A==0)&&(B==0)) (IOPATH CI S)) of instance tb_sliding_4x4_post_layout_SDF_simulation.DUT.dut.add_89_32_g375__5526 of module ad01d1 <../4_Physical_Design_Flow3_6M1L_16/5_Routing/Routing/mac_4x4_wrapper_chip_postRoute_with_pad_delay.sdf, line 3525>.
xmelab: *W,SDFNEP: Unable to annotate to non-existent path (COND ((A==1)&&(B==1)) (IOPATH CI S)) of instance tb_sliding_4x4_post_layout_SDF_simulation.DUT.dut.add_89_32_g375__5526 of module ad01d1 <../4_Physical_Design_Flow3_6M1L_16/5_Routing/Routing/mac_4x4_wrapper_chip_postRoute_with_pad_delay.sdf, line 3526>.
xmelab: *W,SDFNEP: Unable to annotate to non-existent path (COND ((B==0)&&(CI==1)) (IOPATH A S)) of instance tb_sliding_4x4_post_layout_SDF_simulation.DUT.dut.add_89_32_g376__6783 of module ad01d1 <../4_Physical_Design_Flow3_6M1L_16/5_Routing/Routing/mac_4x4_wrapper_chip_postRoute_with_pad_delay.sdf, line 3537>.
xmelab: *W,SDFNEP: Unable to annotate to non-existent path (COND ((B==1)&&(CI==0)) (IOPATH A S)) of instance tb_sliding_4x4_post_layout_SDF_simulation.DUT.dut.add_89_32_g376__6783 of module ad01d1 <../4_Physical_Design_Flow3_6M1L_16/5_Routing/Routing/mac_4x4_wrapper_chip_postRoute_with_pad_delay.sdf, line 3538>.
xmelab: *W,SDFNEP: Unable to annotate to non-existent path (COND ((B==0)&&(CI==0)) (IOPATH A S)) of instance tb_sliding_4x4_post_layout_SDF_simulation.DUT.dut.add_89_32_g376__6783 of module ad01d1 <../4_Physical_Design_Flow3_6M1L_16/5_Routing/Routing/mac_4x4_wrapper_chip_postRoute_with_pad_delay.sdf, line 3539>.
xmelab: *W,SDFNEP: Unable to annotate to non-existent path (COND ((B==1)&&(CI==1)) (IOPATH A S)) of instance tb_sliding_4x4_post_layout_SDF_simulation.DUT.dut.add_89_32_g376__6783 of module ad01d1 <../4_Physical_Design_Flow3_6M1L_16/5_Routing/Routing/mac_4x4_wrapper_chip_postRoute_with_pad_delay.sdf, line 3540>.
xmelab: *W,SDFNEP: Unable to annotate to non-existent path (COND ((A==0)&&(CI==1)) (IOPATH B S)) of instance tb_sliding_4x4_post_layout_SDF_simulation.DUT.dut.add_89_32_g376__6783 of module ad01d1 <../4_Physical_Design_Flow3_6M1L_16/5_Routing/Routing/mac_4x4_wrapper_chip_postRoute_with_pad_delay.sdf, line 3542>.
xmelab: *W,SDFNEP: Unable to annotate to non-existent path (COND ((A==1)&&(CI==0)) (IOPATH B S)) of instance tb_sliding_4x4_post_layout_SDF_simulation.DUT.dut.add_89_32_g376__6783 of module ad01d1 <../4_Physical_Design_Flow3_6M1L_16/5_Routing/Routing/mac_4x4_wrapper_chip_postRoute_with_pad_delay.sdf, line 3543>.
xmelab: *W,SDFNEP: Unable to annotate to non-existent path (COND ((A==0)&&(CI==0)) (IOPATH B S)) of instance tb_sliding_4x4_post_layout_SDF_simulation.DUT.dut.add_89_32_g376__6783 of module ad01d1 <../4_Physical_Design_Flow3_6M1L_16/5_Routing/Routing/mac_4x4_wrapper_chip_postRoute_with_pad_delay.sdf, line 3544>.
xmelab: *W,SDFNEP: Unable to annotate to non-existent path (COND ((A==1)&&(CI==1)) (IOPATH B S)) of instance tb_sliding_4x4_post_layout_SDF_simulation.DUT.dut.add_89_32_g376__6783 of module ad01d1 <../4_Physical_Design_Flow3_6M1L_16/5_Routing/Routing/mac_4x4_wrapper_chip_postRoute_with_pad_delay.sdf, line 3545>.
xmelab: *W,SDFNEP: Unable to annotate to non-existent path (COND ((A==0)&&(B==1)) (IOPATH CI S)) of instance tb_sliding_4x4_post_layout_SDF_simulation.DUT.dut.add_89_32_g376__6783 of module ad01d1 <../4_Physical_Design_Flow3_6M1L_16/5_Routing/Routing/mac_4x4_wrapper_chip_postRoute_with_pad_delay.sdf, line 3547>.
xmelab: *W,SDFNEP: Unable to annotate to non-existent path (COND ((A==1)&&(B==0)) (IOPATH CI S)) of instance tb_sliding_4x4_post_layout_SDF_simulation.DUT.dut.add_89_32_g376__6783 of module ad01d1 <../4_Physical_Design_Flow3_6M1L_16/5_Routing/Routing/mac_4x4_wrapper_chip_postRoute_with_pad_delay.sdf, line 3548>.
xmelab: *W,SDFNEP: Unable to annotate to non-existent path (COND ((A==0)&&(B==0)) (IOPATH CI S)) of instance tb_sliding_4x4_post_layout_SDF_simulation.DUT.dut.add_89_32_g376__6783 of module ad01d1 <../4_Physical_Design_Flow3_6M1L_16/5_Routing/Routing/mac_4x4_wrapper_chip_postRoute_with_pad_delay.sdf, line 3549>.
xmelab: *W,SDFNEP: Unable to annotate to non-existent path (COND ((A==1)&&(B==1)) (IOPATH CI S)) of instance tb_sliding_4x4_post_layout_SDF_simulation.DUT.dut.add_89_32_g376__6783 of module ad01d1 <../4_Physical_Design_Flow3_6M1L_16/5_Routing/Routing/mac_4x4_wrapper_chip_postRoute_with_pad_delay.sdf, line 3550>.
xmelab: *W,SDFNEP: Unable to annotate to non-existent path (COND ((B==0)&&(CI==1)) (IOPATH A S)) of instance tb_sliding_4x4_post_layout_SDF_simulation.DUT.dut.add_89_32_g377__3680 of module ad01d1 <../4_Physical_Design_Flow3_6M1L_16/5_Routing/Routing/mac_4x4_wrapper_chip_postRoute_with_pad_delay.sdf, line 3561>.
xmelab: *W,SDFNEP: Unable to annotate to non-existent path (COND ((B==1)&&(CI==0)) (IOPATH A S)) of instance tb_sliding_4x4_post_layout_SDF_simulation.DUT.dut.add_89_32_g377__3680 of module ad01d1 <../4_Physical_Design_Flow3_6M1L_16/5_Routing/Routing/mac_4x4_wrapper_chip_postRoute_with_pad_delay.sdf, line 3562>.
xmelab: *W,SDFNEP: Unable to annotate to non-existent path (COND ((B==0)&&(CI==0)) (IOPATH A S)) of instance tb_sliding_4x4_post_layout_SDF_simulation.DUT.dut.add_89_32_g377__3680 of module ad01d1 <../4_Physical_Design_Flow3_6M1L_16/5_Routing/Routing/mac_4x4_wrapper_chip_postRoute_with_pad_delay.sdf, line 3563>.
xmelab: *W,SDFNEP: Unable to annotate to non-existent path (COND ((B==1)&&(CI==1)) (IOPATH A S)) of instance tb_sliding_4x4_post_layout_SDF_simulation.DUT.dut.add_89_32_g377__3680 of module ad01d1 <../4_Physical_Design_Flow3_6M1L_16/5_Routing/Routing/mac_4x4_wrapper_chip_postRoute_with_pad_delay.sdf, line 3564>.
xmelab: *W,SDFNEP: Unable to annotate to non-existent path (COND ((A==0)&&(CI==1)) (IOPATH B S)) of instance tb_sliding_4x4_post_layout_SDF_simulation.DUT.dut.add_89_32_g377__3680 of module ad01d1 <../4_Physical_Design_Flow3_6M1L_16/5_Routing/Routing/mac_4x4_wrapper_chip_postRoute_with_pad_delay.sdf, line 3566>.
xmelab: *W,SDFNEP: Unable to annotate to non-existent path (COND ((A==1)&&(CI==0)) (IOPATH B S)) of instance tb_sliding_4x4_post_layout_SDF_simulation.DUT.dut.add_89_32_g377__3680 of module ad01d1 <../4_Physical_Design_Flow3_6M1L_16/5_Routing/Routing/mac_4x4_wrapper_chip_postRoute_with_pad_delay.sdf, line 3567>.
xmelab: *W,SDFNEP: Unable to annotate to non-existent path (COND ((A==0)&&(CI==0)) (IOPATH B S)) of instance tb_sliding_4x4_post_layout_SDF_simulation.DUT.dut.add_89_32_g377__3680 of module ad01d1 <../4_Physical_Design_Flow3_6M1L_16/5_Routing/Routing/mac_4x4_wrapper_chip_postRoute_with_pad_delay.sdf, line 3568>.
xmelab: *W,SDFNEP: Unable to annotate to non-existent path (COND ((A==1)&&(CI==1)) (IOPATH B S)) of instance tb_sliding_4x4_post_layout_SDF_simulation.DUT.dut.add_89_32_g377__3680 of module ad01d1 <../4_Physical_Design_Flow3_6M1L_16/5_Routing/Routing/mac_4x4_wrapper_chip_postRoute_with_pad_delay.sdf, line 3569>.
xmelab: *W,SDFNEP: Unable to annotate to non-existent path (COND ((A==0)&&(B==1)) (IOPATH CI S)) of instance tb_sliding_4x4_post_layout_SDF_simulation.DUT.dut.add_89_32_g377__3680 of module ad01d1 <../4_Physical_Design_Flow3_6M1L_16/5_Routing/Routing/mac_4x4_wrapper_chip_postRoute_with_pad_delay.sdf, line 3571>.
xmelab: *W,SDFNEP: Unable to annotate to non-existent path (COND ((A==1)&&(B==0)) (IOPATH CI S)) of instance tb_sliding_4x4_post_layout_SDF_simulation.DUT.dut.add_89_32_g377__3680 of module ad01d1 <../4_Physical_Design_Flow3_6M1L_16/5_Routing/Routing/mac_4x4_wrapper_chip_postRoute_with_pad_delay.sdf, line 3572>.
xmelab: *W,SDFNEP: Unable to annotate to non-existent path (COND ((A==0)&&(B==0)) (IOPATH CI S)) of instance tb_sliding_4x4_post_layout_SDF_simulation.DUT.dut.add_89_32_g377__3680 of module ad01d1 <../4_Physical_Design_Flow3_6M1L_16/5_Routing/Routing/mac_4x4_wrapper_chip_postRoute_with_pad_delay.sdf, line 3573>.
xmelab: *W,SDFNEP: Unable to annotate to non-existent path (COND ((A==1)&&(B==1)) (IOPATH CI S)) of instance tb_sliding_4x4_post_layout_SDF_simulation.DUT.dut.add_89_32_g377__3680 of module ad01d1 <../4_Physical_Design_Flow3_6M1L_16/5_Routing/Routing/mac_4x4_wrapper_chip_postRoute_with_pad_delay.sdf, line 3574>.
xmelab: *W,SDFNEP: Unable to annotate to non-existent path (COND ((B==0)&&(CI==1)) (IOPATH A S)) of instance tb_sliding_4x4_post_layout_SDF_simulation.DUT.dut.add_89_32_g378__1617 of module ad01d1 <../4_Physical_Design_Flow3_6M1L_16/5_Routing/Routing/mac_4x4_wrapper_chip_postRoute_with_pad_delay.sdf, line 3585>.
xmelab: *W,SDFNEP: Unable to annotate to non-existent path (COND ((B==1)&&(CI==0)) (IOPATH A S)) of instance tb_sliding_4x4_post_layout_SDF_simulation.DUT.dut.add_89_32_g378__1617 of module ad01d1 <../4_Physical_Design_Flow3_6M1L_16/5_Routing/Routing/mac_4x4_wrapper_chip_postRoute_with_pad_delay.sdf, line 3586>.
xmelab: *W,SDFNEP: Unable to annotate to non-existent path (COND ((B==0)&&(CI==0)) (IOPATH A S)) of instance tb_sliding_4x4_post_layout_SDF_simulation.DUT.dut.add_89_32_g378__1617 of module ad01d1 <../4_Physical_Design_Flow3_6M1L_16/5_Routing/Routing/mac_4x4_wrapper_chip_postRoute_with_pad_delay.sdf, line 3587>.
xmelab: *W,SDFNEP: Unable to annotate to non-existent path (COND ((B==1)&&(CI==1)) (IOPATH A S)) of instance tb_sliding_4x4_post_layout_SDF_simulation.DUT.dut.add_89_32_g378__1617 of module ad01d1 <../4_Physical_Design_Flow3_6M1L_16/5_Routing/Routing/mac_4x4_wrapper_chip_postRoute_with_pad_delay.sdf, line 3588>.
xmelab: *W,SDFNEP: Unable to annotate to non-existent path (COND ((A==0)&&(CI==1)) (IOPATH B S)) of instance tb_sliding_4x4_post_layout_SDF_simulation.DUT.dut.add_89_32_g378__1617 of module ad01d1 <../4_Physical_Design_Flow3_6M1L_16/5_Routing/Routing/mac_4x4_wrapper_chip_postRoute_with_pad_delay.sdf, line 3590>.
xmelab: *W,SDFNEP: Unable to annotate to non-existent path (COND ((A==1)&&(CI==0)) (IOPATH B S)) of instance tb_sliding_4x4_post_layout_SDF_simulation.DUT.dut.add_89_32_g378__1617 of module ad01d1 <../4_Physical_Design_Flow3_6M1L_16/5_Routing/Routing/mac_4x4_wrapper_chip_postRoute_with_pad_delay.sdf, line 3591>.
xmelab: *W,SDFNEP: Unable to annotate to non-existent path (COND ((A==0)&&(CI==0)) (IOPATH B S)) of instance tb_sliding_4x4_post_layout_SDF_simulation.DUT.dut.add_89_32_g378__1617 of module ad01d1 <../4_Physical_Design_Flow3_6M1L_16/5_Routing/Routing/mac_4x4_wrapper_chip_postRoute_with_pad_delay.sdf, line 3592>.
xmelab: *W,SDFNEP: Unable to annotate to non-existent path (COND ((A==1)&&(CI==1)) (IOPATH B S)) of instance tb_sliding_4x4_post_layout_SDF_simulation.DUT.dut.add_89_32_g378__1617 of module ad01d1 <../4_Physical_Design_Flow3_6M1L_16/5_Routing/Routing/mac_4x4_wrapper_chip_postRoute_with_pad_delay.sdf, line 3593>.
xmelab: *W,SDFNEP: Unable to annotate to non-existent path (COND ((A==0)&&(B==1)) (IOPATH CI S)) of instance tb_sliding_4x4_post_layout_SDF_simulation.DUT.dut.add_89_32_g378__1617 of module ad01d1 <../4_Physical_Design_Flow3_6M1L_16/5_Routing/Routing/mac_4x4_wrapper_chip_postRoute_with_pad_delay.sdf, line 3595>.
xmelab: *W,SDFNEP: Unable to annotate to non-existent path (COND ((A==1)&&(B==0)) (IOPATH CI S)) of instance tb_sliding_4x4_post_layout_SDF_simulation.DUT.dut.add_89_32_g378__1617 of module ad01d1 <../4_Physical_Design_Flow3_6M1L_16/5_Routing/Routing/mac_4x4_wrapper_chip_postRoute_with_pad_delay.sdf, line 3596>.
xmelab: *W,SDFNEP: Unable to annotate to non-existent path (COND ((A==0)&&(B==0)) (IOPATH CI S)) of instance tb_sliding_4x4_post_layout_SDF_simulation.DUT.dut.add_89_32_g378__1617 of module ad01d1 <../4_Physical_Design_Flow3_6M1L_16/5_Routing/Routing/mac_4x4_wrapper_chip_postRoute_with_pad_delay.sdf, line 3597>.
xmelab: *W,SDFNEP: Unable to annotate to non-existent path (COND ((A==1)&&(B==1)) (IOPATH CI S)) of instance tb_sliding_4x4_post_layout_SDF_simulation.DUT.dut.add_89_32_g378__1617 of module ad01d1 <../4_Physical_Design_Flow3_6M1L_16/5_Routing/Routing/mac_4x4_wrapper_chip_postRoute_with_pad_delay.sdf, line 3598>.
xmelab: *W,SDFNEP: Unable to annotate to non-existent path (COND ((B==0)&&(CI==1)) (IOPATH A S)) of instance tb_sliding_4x4_post_layout_SDF_simulation.DUT.dut.add_89_32_g379__2802 of module ad01d1 <../4_Physical_Design_Flow3_6M1L_16/5_Routing/Routing/mac_4x4_wrapper_chip_postRoute_with_pad_delay.sdf, line 3609>.
xmelab: *W,SDFNEP: Unable to annotate to non-existent path (COND ((B==1)&&(CI==0)) (IOPATH A S)) of instance tb_sliding_4x4_post_layout_SDF_simulation.DUT.dut.add_89_32_g379__2802 of module ad01d1 <../4_Physical_Design_Flow3_6M1L_16/5_Routing/Routing/mac_4x4_wrapper_chip_postRoute_with_pad_delay.sdf, line 3610>.
xmelab: *W,SDFNEP: Unable to annotate to non-existent path (COND ((B==0)&&(CI==0)) (IOPATH A S)) of instance tb_sliding_4x4_post_layout_SDF_simulation.DUT.dut.add_89_32_g379__2802 of module ad01d1 <../4_Physical_Design_Flow3_6M1L_16/5_Routing/Routing/mac_4x4_wrapper_chip_postRoute_with_pad_delay.sdf, line 3611>.
xmelab: *W,SDFNEP: Unable to annotate to non-existent path (COND ((B==1)&&(CI==1)) (IOPATH A S)) of instance tb_sliding_4x4_post_layout_SDF_simulation.DUT.dut.add_89_32_g379__2802 of module ad01d1 <../4_Physical_Design_Flow3_6M1L_16/5_Routing/Routing/mac_4x4_wrapper_chip_postRoute_with_pad_delay.sdf, line 3612>.
xmelab: *W,SDFNEP: Unable to annotate to non-existent path (COND ((A==0)&&(CI==1)) (IOPATH B S)) of instance tb_sliding_4x4_post_layout_SDF_simulation.DUT.dut.add_89_32_g379__2802 of module ad01d1 <../4_Physical_Design_Flow3_6M1L_16/5_Routing/Routing/mac_4x4_wrapper_chip_postRoute_with_pad_delay.sdf, line 3614>.
xmelab: *W,SDFNEP: Unable to annotate to non-existent path (COND ((A==1)&&(CI==0)) (IOPATH B S)) of instance tb_sliding_4x4_post_layout_SDF_simulation.DUT.dut.add_89_32_g379__2802 of module ad01d1 <../4_Physical_Design_Flow3_6M1L_16/5_Routing/Routing/mac_4x4_wrapper_chip_postRoute_with_pad_delay.sdf, line 3615>.
xmelab: *W,SDFNEP: Unable to annotate to non-existent path (COND ((A==0)&&(CI==0)) (IOPATH B S)) of instance tb_sliding_4x4_post_layout_SDF_simulation.DUT.dut.add_89_32_g379__2802 of module ad01d1 <../4_Physical_Design_Flow3_6M1L_16/5_Routing/Routing/mac_4x4_wrapper_chip_postRoute_with_pad_delay.sdf, line 3616>.
xmelab: *W,SDFNEP: Unable to annotate to non-existent path (COND ((A==1)&&(CI==1)) (IOPATH B S)) of instance tb_sliding_4x4_post_layout_SDF_simulation.DUT.dut.add_89_32_g379__2802 of module ad01d1 <../4_Physical_Design_Flow3_6M1L_16/5_Routing/Routing/mac_4x4_wrapper_chip_postRoute_with_pad_delay.sdf, line 3617>.
xmelab: *W,SDFNEP: Unable to annotate to non-existent path (COND ((A==0)&&(B==1)) (IOPATH CI S)) of instance tb_sliding_4x4_post_layout_SDF_simulation.DUT.dut.add_89_32_g379__2802 of module ad01d1 <../4_Physical_Design_Flow3_6M1L_16/5_Routing/Routing/mac_4x4_wrapper_chip_postRoute_with_pad_delay.sdf, line 3619>.
xmelab: *W,SDFNEP: Unable to annotate to non-existent path (COND ((A==1)&&(B==0)) (IOPATH CI S)) of instance tb_sliding_4x4_post_layout_SDF_simulation.DUT.dut.add_89_32_g379__2802 of module ad01d1 <../4_Physical_Design_Flow3_6M1L_16/5_Routing/Routing/mac_4x4_wrapper_chip_postRoute_with_pad_delay.sdf, line 3620>.
xmelab: *W,SDFNEP: Unable to annotate to non-existent path (COND ((A==0)&&(B==0)) (IOPATH CI S)) of instance tb_sliding_4x4_post_layout_SDF_simulation.DUT.dut.add_89_32_g379__2802 of module ad01d1 <../4_Physical_Design_Flow3_6M1L_16/5_Routing/Routing/mac_4x4_wrapper_chip_postRoute_with_pad_delay.sdf, line 3621>.
xmelab: *W,SDFNEP: Unable to annotate to non-existent path (COND ((A==1)&&(B==1)) (IOPATH CI S)) of instance tb_sliding_4x4_post_layout_SDF_simulation.DUT.dut.add_89_32_g379__2802 of module ad01d1 <../4_Physical_Design_Flow3_6M1L_16/5_Routing/Routing/mac_4x4_wrapper_chip_postRoute_with_pad_delay.sdf, line 3622>.
xmelab: *W,SDFNEP: Unable to annotate to non-existent path (COND ((B==0)&&(CI==1)) (IOPATH A S)) of instance tb_sliding_4x4_post_layout_SDF_simulation.DUT.dut.add_89_32_g380__1705 of module ad01d1 <../4_Physical_Design_Flow3_6M1L_16/5_Routing/Routing/mac_4x4_wrapper_chip_postRoute_with_pad_delay.sdf, line 3633>.
xmelab: *W,SDFNEP: Unable to annotate to non-existent path (COND ((B==1)&&(CI==0)) (IOPATH A S)) of instance tb_sliding_4x4_post_layout_SDF_simulation.DUT.dut.add_89_32_g380__1705 of module ad01d1 <../4_Physical_Design_Flow3_6M1L_16/5_Routing/Routing/mac_4x4_wrapper_chip_postRoute_with_pad_delay.sdf, line 3634>.
xmelab: *W,SDFNEP: Unable to annotate to non-existent path (COND ((B==0)&&(CI==0)) (IOPATH A S)) of instance tb_sliding_4x4_post_layout_SDF_simulation.DUT.dut.add_89_32_g380__1705 of module ad01d1 <../4_Physical_Design_Flow3_6M1L_16/5_Routing/Routing/mac_4x4_wrapper_chip_postRoute_with_pad_delay.sdf, line 3635>.
xmelab: *W,SDFNEP: Unable to annotate to non-existent path (COND ((B==1)&&(CI==1)) (IOPATH A S)) of instance tb_sliding_4x4_post_layout_SDF_simulation.DUT.dut.add_89_32_g380__1705 of module ad01d1 <../4_Physical_Design_Flow3_6M1L_16/5_Routing/Routing/mac_4x4_wrapper_chip_postRoute_with_pad_delay.sdf, line 3636>.
xmelab: *W,SDFNEP: Unable to annotate to non-existent path (COND ((A==0)&&(CI==1)) (IOPATH B S)) of instance tb_sliding_4x4_post_layout_SDF_simulation.DUT.dut.add_89_32_g380__1705 of module ad01d1 <../4_Physical_Design_Flow3_6M1L_16/5_Routing/Routing/mac_4x4_wrapper_chip_postRoute_with_pad_delay.sdf, line 3638>.
xmelab: *W,SDFNEP: Unable to annotate to non-existent path (COND ((A==1)&&(CI==0)) (IOPATH B S)) of instance tb_sliding_4x4_post_layout_SDF_simulation.DUT.dut.add_89_32_g380__1705 of module ad01d1 <../4_Physical_Design_Flow3_6M1L_16/5_Routing/Routing/mac_4x4_wrapper_chip_postRoute_with_pad_delay.sdf, line 3639>.
xmelab: *W,SDFNEP: Unable to annotate to non-existent path (COND ((A==0)&&(CI==0)) (IOPATH B S)) of instance tb_sliding_4x4_post_layout_SDF_simulation.DUT.dut.add_89_32_g380__1705 of module ad01d1 <../4_Physical_Design_Flow3_6M1L_16/5_Routing/Routing/mac_4x4_wrapper_chip_postRoute_with_pad_delay.sdf, line 3640>.
xmelab: *W,SDFNEP: Unable to annotate to non-existent path (COND ((A==1)&&(CI==1)) (IOPATH B S)) of instance tb_sliding_4x4_post_layout_SDF_simulation.DUT.dut.add_89_32_g380__1705 of module ad01d1 <../4_Physical_Design_Flow3_6M1L_16/5_Routing/Routing/mac_4x4_wrapper_chip_postRoute_with_pad_delay.sdf, line 3641>.
xmelab: *W,SDFNEP: Unable to annotate to non-existent path (COND ((A==0)&&(B==1)) (IOPATH CI S)) of instance tb_sliding_4x4_post_layout_SDF_simulation.DUT.dut.add_89_32_g380__1705 of module ad01d1 <../4_Physical_Design_Flow3_6M1L_16/5_Routing/Routing/mac_4x4_wrapper_chip_postRoute_with_pad_delay.sdf, line 3643>.
xmelab: *W,SDFNEP: Unable to annotate to non-existent path (COND ((A==1)&&(B==0)) (IOPATH CI S)) of instance tb_sliding_4x4_post_layout_SDF_simulation.DUT.dut.add_89_32_g380__1705 of module ad01d1 <../4_Physical_Design_Flow3_6M1L_16/5_Routing/Routing/mac_4x4_wrapper_chip_postRoute_with_pad_delay.sdf, line 3644>.
xmelab: *W,SDFNEP: Unable to annotate to non-existent path (COND ((A==0)&&(B==0)) (IOPATH CI S)) of instance tb_sliding_4x4_post_layout_SDF_simulation.DUT.dut.add_89_32_g380__1705 of module ad01d1 <../4_Physical_Design_Flow3_6M1L_16/5_Routing/Routing/mac_4x4_wrapper_chip_postRoute_with_pad_delay.sdf, line 3645>.
xmelab: *W,SDFNEP: Unable to annotate to non-existent path (COND ((A==1)&&(B==1)) (IOPATH CI S)) of instance tb_sliding_4x4_post_layout_SDF_simulation.DUT.dut.add_89_32_g380__1705 of module ad01d1 <../4_Physical_Design_Flow3_6M1L_16/5_Routing/Routing/mac_4x4_wrapper_chip_postRoute_with_pad_delay.sdf, line 3646>.
xmelab: *W,SDFNEP: Unable to annotate to non-existent path (COND ((B==0)&&(CI==1)) (IOPATH A S)) of instance tb_sliding_4x4_post_layout_SDF_simulation.DUT.dut.add_89_32_g381__5122 of module ad01d1 <../4_Physical_Design_Flow3_6M1L_16/5_Routing/Routing/mac_4x4_wrapper_chip_postRoute_with_pad_delay.sdf, line 3657>.
xmelab: *W,SDFNEP: Unable to annotate to non-existent path (COND ((B==1)&&(CI==0)) (IOPATH A S)) of instance tb_sliding_4x4_post_layout_SDF_simulation.DUT.dut.add_89_32_g381__5122 of module ad01d1 <../4_Physical_Design_Flow3_6M1L_16/5_Routing/Routing/mac_4x4_wrapper_chip_postRoute_with_pad_delay.sdf, line 3658>.
xmelab: *W,SDFNEP: Unable to annotate to non-existent path (COND ((B==0)&&(CI==0)) (IOPATH A S)) of instance tb_sliding_4x4_post_layout_SDF_simulation.DUT.dut.add_89_32_g381__5122 of module ad01d1 <../4_Physical_Design_Flow3_6M1L_16/5_Routing/Routing/mac_4x4_wrapper_chip_postRoute_with_pad_delay.sdf, line 3659>.
xmelab: *W,SDFNEP: Unable to annotate to non-existent path (COND ((B==1)&&(CI==1)) (IOPATH A S)) of instance tb_sliding_4x4_post_layout_SDF_simulation.DUT.dut.add_89_32_g381__5122 of module ad01d1 <../4_Physical_Design_Flow3_6M1L_16/5_Routing/Routing/mac_4x4_wrapper_chip_postRoute_with_pad_delay.sdf, line 3660>.
xmelab: *W,SDFNEP: Unable to annotate to non-existent path (COND ((A==0)&&(CI==1)) (IOPATH B S)) of instance tb_sliding_4x4_post_layout_SDF_simulation.DUT.dut.add_89_32_g381__5122 of module ad01d1 <../4_Physical_Design_Flow3_6M1L_16/5_Routing/Routing/mac_4x4_wrapper_chip_postRoute_with_pad_delay.sdf, line 3662>.
xmelab: *W,SDFNEP: Unable to annotate to non-existent path (COND ((A==1)&&(CI==0)) (IOPATH B S)) of instance tb_sliding_4x4_post_layout_SDF_simulation.DUT.dut.add_89_32_g381__5122 of module ad01d1 <../4_Physical_Design_Flow3_6M1L_16/5_Routing/Routing/mac_4x4_wrapper_chip_postRoute_with_pad_delay.sdf, line 3663>.
xmelab: *W,SDFNEP: Unable to annotate to non-existent path (COND ((A==0)&&(CI==0)) (IOPATH B S)) of instance tb_sliding_4x4_post_layout_SDF_simulation.DUT.dut.add_89_32_g381__5122 of module ad01d1 <../4_Physical_Design_Flow3_6M1L_16/5_Routing/Routing/mac_4x4_wrapper_chip_postRoute_with_pad_delay.sdf, line 3664>.
xmelab: *W,SDFNEP: Unable to annotate to non-existent path (COND ((A==1)&&(CI==1)) (IOPATH B S)) of instance tb_sliding_4x4_post_layout_SDF_simulation.DUT.dut.add_89_32_g381__5122 of module ad01d1 <../4_Physical_Design_Flow3_6M1L_16/5_Routing/Routing/mac_4x4_wrapper_chip_postRoute_with_pad_delay.sdf, line 3665>.
xmelab: *W,SDFNEP: Unable to annotate to non-existent path (COND ((A==0)&&(B==1)) (IOPATH CI S)) of instance tb_sliding_4x4_post_layout_SDF_simulation.DUT.dut.add_89_32_g381__5122 of module ad01d1 <../4_Physical_Design_Flow3_6M1L_16/5_Routing/Routing/mac_4x4_wrapper_chip_postRoute_with_pad_delay.sdf, line 3667>.
xmelab: *W,SDFNEP: Unable to annotate to non-existent path (COND ((A==1)&&(B==0)) (IOPATH CI S)) of instance tb_sliding_4x4_post_layout_SDF_simulation.DUT.dut.add_89_32_g381__5122 of module ad01d1 <../4_Physical_Design_Flow3_6M1L_16/5_Routing/Routing/mac_4x4_wrapper_chip_postRoute_with_pad_delay.sdf, line 3668>.
xmelab: *W,SDFNEP: Unable to annotate to non-existent path (COND ((A==0)&&(B==0)) (IOPATH CI S)) of instance tb_sliding_4x4_post_layout_SDF_simulation.DUT.dut.add_89_32_g381__5122 of module ad01d1 <../4_Physical_Design_Flow3_6M1L_16/5_Routing/Routing/mac_4x4_wrapper_chip_postRoute_with_pad_delay.sdf, line 3669>.
xmelab: *W,SDFNEP: Unable to annotate to non-existent path (COND ((A==1)&&(B==1)) (IOPATH CI S)) of instance tb_sliding_4x4_post_layout_SDF_simulation.DUT.dut.add_89_32_g381__5122 of module ad01d1 <../4_Physical_Design_Flow3_6M1L_16/5_Routing/Routing/mac_4x4_wrapper_chip_postRoute_with_pad_delay.sdf, line 3670>.
xmelab: *W,SDFNEP: Unable to annotate to non-existent path (COND ((B==0)&&(CI==1)) (IOPATH A S)) of instance tb_sliding_4x4_post_layout_SDF_simulation.DUT.dut.add_89_32_g382__8246 of module ad01d1 <../4_Physical_Design_Flow3_6M1L_16/5_Routing/Routing/mac_4x4_wrapper_chip_postRoute_with_pad_delay.sdf, line 3681>.
xmelab: *W,SDFNEP: Unable to annotate to non-existent path (COND ((B==1)&&(CI==0)) (IOPATH A S)) of instance tb_sliding_4x4_post_layout_SDF_simulation.DUT.dut.add_89_32_g382__8246 of module ad01d1 <../4_Physical_Design_Flow3_6M1L_16/5_Routing/Routing/mac_4x4_wrapper_chip_postRoute_with_pad_delay.sdf, line 3682>.
xmelab: *W,SDFNEP: Unable to annotate to non-existent path (COND ((B==0)&&(CI==0)) (IOPATH A S)) of instance tb_sliding_4x4_post_layout_SDF_simulation.DUT.dut.add_89_32_g382__8246 of module ad01d1 <../4_Physical_Design_Flow3_6M1L_16/5_Routing/Routing/mac_4x4_wrapper_chip_postRoute_with_pad_delay.sdf, line 3683>.
xmelab: *W,SDFNEP: Unable to annotate to non-existent path (COND ((B==1)&&(CI==1)) (IOPATH A S)) of instance tb_sliding_4x4_post_layout_SDF_simulation.DUT.dut.add_89_32_g382__8246 of module ad01d1 <../4_Physical_Design_Flow3_6M1L_16/5_Routing/Routing/mac_4x4_wrapper_chip_postRoute_with_pad_delay.sdf, line 3684>.
xmelab: *W,SDFNEP: Unable to annotate to non-existent path (COND ((A==0)&&(CI==1)) (IOPATH B S)) of instance tb_sliding_4x4_post_layout_SDF_simulation.DUT.dut.add_89_32_g382__8246 of module ad01d1 <../4_Physical_Design_Flow3_6M1L_16/5_Routing/Routing/mac_4x4_wrapper_chip_postRoute_with_pad_delay.sdf, line 3686>.
xmelab: *W,SDFNEP: Unable to annotate to non-existent path (COND ((A==1)&&(CI==0)) (IOPATH B S)) of instance tb_sliding_4x4_post_layout_SDF_simulation.DUT.dut.add_89_32_g382__8246 of module ad01d1 <../4_Physical_Design_Flow3_6M1L_16/5_Routing/Routing/mac_4x4_wrapper_chip_postRoute_with_pad_delay.sdf, line 3687>.
xmelab: *W,SDFNEP: Unable to annotate to non-existent path (COND ((A==0)&&(CI==0)) (IOPATH B S)) of instance tb_sliding_4x4_post_layout_SDF_simulation.DUT.dut.add_89_32_g382__8246 of module ad01d1 <../4_Physical_Design_Flow3_6M1L_16/5_Routing/Routing/mac_4x4_wrapper_chip_postRoute_with_pad_delay.sdf, line 3688>.
xmelab: *W,SDFNEP: Unable to annotate to non-existent path (COND ((A==1)&&(CI==1)) (IOPATH B S)) of instance tb_sliding_4x4_post_layout_SDF_simulation.DUT.dut.add_89_32_g382__8246 of module ad01d1 <../4_Physical_Design_Flow3_6M1L_16/5_Routing/Routing/mac_4x4_wrapper_chip_postRoute_with_pad_delay.sdf, line 3689>.
xmelab: *W,SDFNEP: Unable to annotate to non-existent path (COND ((A==0)&&(B==1)) (IOPATH CI S)) of instance tb_sliding_4x4_post_layout_SDF_simulation.DUT.dut.add_89_32_g382__8246 of module ad01d1 <../4_Physical_Design_Flow3_6M1L_16/5_Routing/Routing/mac_4x4_wrapper_chip_postRoute_with_pad_delay.sdf, line 3691>.
xmelab: *W,SDFNEP: Unable to annotate to non-existent path (COND ((A==1)&&(B==0)) (IOPATH CI S)) of instance tb_sliding_4x4_post_layout_SDF_simulation.DUT.dut.add_89_32_g382__8246 of module ad01d1 <../4_Physical_Design_Flow3_6M1L_16/5_Routing/Routing/mac_4x4_wrapper_chip_postRoute_with_pad_delay.sdf, line 3692>.
xmelab: *W,SDFNEP: Unable to annotate to non-existent path (COND ((A==0)&&(B==0)) (IOPATH CI S)) of instance tb_sliding_4x4_post_layout_SDF_simulation.DUT.dut.add_89_32_g382__8246 of module ad01d1 <../4_Physical_Design_Flow3_6M1L_16/5_Routing/Routing/mac_4x4_wrapper_chip_postRoute_with_pad_delay.sdf, line 3693>.
xmelab: *W,SDFNEP: Unable to annotate to non-existent path (COND ((A==1)&&(B==1)) (IOPATH CI S)) of instance tb_sliding_4x4_post_layout_SDF_simulation.DUT.dut.add_89_32_g382__8246 of module ad01d1 <../4_Physical_Design_Flow3_6M1L_16/5_Routing/Routing/mac_4x4_wrapper_chip_postRoute_with_pad_delay.sdf, line 3694>.
xmelab: *W,SDFNEP: Unable to annotate to non-existent path (COND ((A2==0)&&(A3==1)) (IOPATH A1 Z)) of instance tb_sliding_4x4_post_layout_SDF_simulation.DUT.dut.g2 of module xr03d1 <../4_Physical_Design_Flow3_6M1L_16/5_Routing/Routing/mac_4x4_wrapper_chip_postRoute_with_pad_delay.sdf, line 3717>.
xmelab: *W,SDFNEP: Unable to annotate to non-existent path (COND ((A2==1)&&(A3==0)) (IOPATH A1 Z)) of instance tb_sliding_4x4_post_layout_SDF_simulation.DUT.dut.g2 of module xr03d1 <../4_Physical_Design_Flow3_6M1L_16/5_Routing/Routing/mac_4x4_wrapper_chip_postRoute_with_pad_delay.sdf, line 3718>.
xmelab: *W,SDFNEP: Unable to annotate to non-existent path (COND ((A2==0)&&(A3==0)) (IOPATH A1 Z)) of instance tb_sliding_4x4_post_layout_SDF_simulation.DUT.dut.g2 of module xr03d1 <../4_Physical_Design_Flow3_6M1L_16/5_Routing/Routing/mac_4x4_wrapper_chip_postRoute_with_pad_delay.sdf, line 3719>.
xmelab: *W,SDFNEP: Unable to annotate to non-existent path (COND ((A2==1)&&(A3==1)) (IOPATH A1 Z)) of instance tb_sliding_4x4_post_layout_SDF_simulation.DUT.dut.g2 of module xr03d1 <../4_Physical_Design_Flow3_6M1L_16/5_Routing/Routing/mac_4x4_wrapper_chip_postRoute_with_pad_delay.sdf, line 3720>.
xmelab: *W,SDFNEP: Unable to annotate to non-existent path (COND ((A1==0)&&(A3==1)) (IOPATH A2 Z)) of instance tb_sliding_4x4_post_layout_SDF_simulation.DUT.dut.g2 of module xr03d1 <../4_Physical_Design_Flow3_6M1L_16/5_Routing/Routing/mac_4x4_wrapper_chip_postRoute_with_pad_delay.sdf, line 3721>.
xmelab: *W,SDFNEP: Unable to annotate to non-existent path (COND ((A1==1)&&(A3==0)) (IOPATH A2 Z)) of instance tb_sliding_4x4_post_layout_SDF_simulation.DUT.dut.g2 of module xr03d1 <../4_Physical_Design_Flow3_6M1L_16/5_Routing/Routing/mac_4x4_wrapper_chip_postRoute_with_pad_delay.sdf, line 3722>.
xmelab: *W,SDFNEP: Unable to annotate to non-existent path (COND ((A1==0)&&(A3==0)) (IOPATH A2 Z)) of instance tb_sliding_4x4_post_layout_SDF_simulation.DUT.dut.g2 of module xr03d1 <../4_Physical_Design_Flow3_6M1L_16/5_Routing/Routing/mac_4x4_wrapper_chip_postRoute_with_pad_delay.sdf, line 3723>.
xmelab: *W,SDFNEP: Unable to annotate to non-existent path (COND ((A1==1)&&(A3==1)) (IOPATH A2 Z)) of instance tb_sliding_4x4_post_layout_SDF_simulation.DUT.dut.g2 of module xr03d1 <../4_Physical_Design_Flow3_6M1L_16/5_Routing/Routing/mac_4x4_wrapper_chip_postRoute_with_pad_delay.sdf, line 3724>.
xmelab: *W,SDFNEP: Unable to annotate to non-existent path (COND ((A1==0)&&(A2==1)) (IOPATH A3 Z)) of instance tb_sliding_4x4_post_layout_SDF_simulation.DUT.dut.g2 of module xr03d1 <../4_Physical_Design_Flow3_6M1L_16/5_Routing/Routing/mac_4x4_wrapper_chip_postRoute_with_pad_delay.sdf, line 3725>.
xmelab: *W,SDFNEP: Unable to annotate to non-existent path (COND ((A1==1)&&(A2==0)) (IOPATH A3 Z)) of instance tb_sliding_4x4_post_layout_SDF_simulation.DUT.dut.g2 of module xr03d1 <../4_Physical_Design_Flow3_6M1L_16/5_Routing/Routing/mac_4x4_wrapper_chip_postRoute_with_pad_delay.sdf, line 3726>.
xmelab: *W,SDFNEP: Unable to annotate to non-existent path (COND ((A1==0)&&(A2==0)) (IOPATH A3 Z)) of instance tb_sliding_4x4_post_layout_SDF_simulation.DUT.dut.g2 of module xr03d1 <../4_Physical_Design_Flow3_6M1L_16/5_Routing/Routing/mac_4x4_wrapper_chip_postRoute_with_pad_delay.sdf, line 3727>.
xmelab: *W,SDFNEP: Unable to annotate to non-existent path (COND ((A1==1)&&(A2==1)) (IOPATH A3 Z)) of instance tb_sliding_4x4_post_layout_SDF_simulation.DUT.dut.g2 of module xr03d1 <../4_Physical_Design_Flow3_6M1L_16/5_Routing/Routing/mac_4x4_wrapper_chip_postRoute_with_pad_delay.sdf, line 3728>.
xmelab: *W,SDFNG2: An SDF 2 limit timing check request (SETUPHOLD D (posedge CP) (0.335) (-0.008)) contains a negative limit and was matched to 2 single limit timing checks.  Negative limit will be set to 0 <../4_Physical_Design_Flow3_6M1L_16/5_Routing/Routing/mac_4x4_wrapper_chip_postRoute_with_pad_delay.sdf, line 3743>.
xmelab: *W,SDFNG2: An SDF 2 limit timing check request (SETUPHOLD D (posedge CP) (0.338) (-0.008)) contains a negative limit and was matched to 2 single limit timing checks.  Negative limit will be set to 0 <../4_Physical_Design_Flow3_6M1L_16/5_Routing/Routing/mac_4x4_wrapper_chip_postRoute_with_pad_delay.sdf, line 3759>.
xmelab: *W,SDFNG2: An SDF 2 limit timing check request (SETUPHOLD D (posedge CP) (0.337) (-0.008)) contains a negative limit and was matched to 2 single limit timing checks.  Negative limit will be set to 0 <../4_Physical_Design_Flow3_6M1L_16/5_Routing/Routing/mac_4x4_wrapper_chip_postRoute_with_pad_delay.sdf, line 3775>.
	Annotation completed with 0 Errors and 283 Warnings
	SDF statistics: 
		 No. of Pathdelays = 799     	 No. of Disabled Pathdelays = 0        Annotated = 60.58% (484/799) 
		 No. of Tchecks    = 204     	 No. of Disabled Tchecks    = 0        Annotated = 100.00% (204.00/204) 

				        Total(T) 	   Disabled(D) 	    Annotated(A)	  Percentage(A/(T-D))

		Path Delays 	           799	             0	               484	                 60.58

		$setup      	            68	             0	                68	                100.00

		$hold       	            68	             0	                68	                100.00

		$width      	            68	             0	                68	                100.00

	Building instance overlay tables: .................... Done
	Generating native compiled code:
		worklib.tb_sliding_4x4_post_layout_SDF_simulation:v <0x265f3fe7>
			streams:  17, words: 17709
	Building instance specific data structures.
	Loading native compiled code:     .................... Done
	Design hierarchy summary:
		                 Instances  Unique
		Modules:               301      29
		UDPs:                   74       3
		Primitives:            307       7
		Timing outputs:        325      21
		Registers:              40      10
		Scalar wires:          378       -
		Expanded wires:          8       2
		Always blocks:           1       1
		Initial blocks:          5       5
		Cont. assignments:       2      10
		Pseudo assignments:      3       -
		Timing checks:         204      45
		Interconnect:          506      66
		Simulation timescale:  1ps
	Writing initial simulation snapshot: worklib.tb_sliding_4x4_post_layout_SDF_simulation:v
xmsim: *W,NOMTDGUI: Multi-Threaded Dumping is disabled for interactive debug mode.

-------------------------------------
Relinquished control to SimVision...
xcelium> 
xcelium> source /tools/cadence/XCELIUM2409/tools/xcelium/files/xmsimrc
xcelium> database -open waves -into waves.shm -default
Created default SHM database waves
xcelium> probe -create -shm tb_sliding_4x4_post_layout_SDF_simulation.a tb_sliding_4x4_post_layout_SDF_simulation.anew tb_sliding_4x4_post_layout_SDF_simulation.b tb_sliding_4x4_post_layout_SDF_simulation.bnew tb_sliding_4x4_post_layout_SDF_simulation.clk tb_sliding_4x4_post_layout_SDF_simulation.enable tb_sliding_4x4_post_layout_SDF_simulation.mac_out tb_sliding_4x4_post_layout_SDF_simulation.out_count tb_sliding_4x4_post_layout_SDF_simulation.rst
Created probe 1
xcelium> run
==============================================================
 Time(ns)	rst	enable	a	b	mac_out
==============================================================
T=100000 rst=1 en=0 a=0 b=0 mac_out=x
100000	1	0	0	0	x
T=300000 rst=1 en=0 a=0 b=0 mac_out=0
300000	1	0	0	0	0
T=500000 rst=1 en=0 a=0 b=0 mac_out=0
500000	1	0	0	0	0
T=700000 rst=1 en=0 a=0 b=0 mac_out=0
700000	1	0	0	0	0
T=900000 rst=1 en=0 a=0 b=0 mac_out=0
900000	0	0	0	0	0
T=1100000 rst=0 en=0 a=0 b=0 mac_out=0
1100000	0	0	0	0	0
T=1300000 rst=0 en=0 a=0 b=0 mac_out=0
1300000	0	0	0	0	0
T=1500000 rst=0 en=0 a=0 b=0 mac_out=0
1500000	0	0	0	0	0
T=1700000 rst=0 en=0 a=0 b=0 mac_out=0
1700000	0	0	0	0	0
T=1900000 rst=0 en=0 a=0 b=0 mac_out=0
1900000	0	0	0	0	0
T=2100000 rst=0 en=1 a=0 b=0 mac_out=0
2100000	0	1	0	0	0
T=2300000 rst=0 en=1 a=3 b=2 mac_out=0
2300000	0	1	3	2	0
T=2500000 rst=0 en=1 a=4 b=5 mac_out=0
2500000	0	1	4	5	0
T=2700000 rst=0 en=1 a=-2 b=3 mac_out=0
2700000	0	1	-2	3	0
T=2900000 rst=0 en=1 a=-4 b=-2 mac_out=6
2900000	0	1	-4	-2	6
T=3100000 rst=0 en=1 a=7 b=-1 mac_out=26
3100000	0	1	7	-1	26
T=3300000 rst=0 en=0 a=0 b=0 mac_out=20
3300000	0	0	0	0	20
T=3500000 rst=0 en=0 a=0 b=0 mac_out=28
3500000	0	0	0	0	28
T=3700000 rst=0 en=0 a=0 b=0 mac_out=21
3700000	0	0	0	0	21
T=3900000 rst=0 en=0 a=0 b=0 mac_out=21
3900000	0	0	0	0	21
T=4100000 rst=0 en=0 a=0 b=0 mac_out=21
4100000	0	0	0	0	21
T=4300000 rst=0 en=0 a=0 b=0 mac_out=21
4300000	0	0	0	0	21
T=4500000 rst=0 en=0 a=0 b=0 mac_out=21
4500000	0	0	0	0	21
T=4700000 rst=0 en=0 a=0 b=0 mac_out=21
4700000	0	0	0	0	21
T=4900000 rst=0 en=0 a=0 b=0 mac_out=21
4900000	0	0	0	0	21
T=5100000 rst=0 en=0 a=0 b=0 mac_out=21
5100000	0	0	0	0	21
T=5300000 rst=0 en=0 a=0 b=0 mac_out=21
5300000	0	0	0	0	21
T=5500000 rst=0 en=0 a=0 b=0 mac_out=21
5500000	0	0	0	0	21
T=5700000 rst=0 en=0 a=0 b=0 mac_out=21
5700000	0	0	0	0	21
T=5900000 rst=0 en=0 a=0 b=0 mac_out=21
5900000	0	0	0	0	21
T=6100000 rst=0 en=0 a=0 b=0 mac_out=21
6100000	0	0	0	0	21
T=6300000 rst=0 en=0 a=0 b=0 mac_out=21
6300000	0	0	0	0	21
T=6500000 rst=0 en=0 a=0 b=0 mac_out=21
6500000	0	0	0	0	21
T=6700000 rst=0 en=0 a=0 b=0 mac_out=21
6700000	0	0	0	0	21
T=6900000 rst=0 en=0 a=0 b=0 mac_out=21
6900000	0	0	0	0	21
T=7100000 rst=0 en=0 a=0 b=0 mac_out=21
7100000	0	0	0	0	21
T=7300000 rst=0 en=0 a=0 b=0 mac_out=21
7300000	0	0	0	0	21
T=7500000 rst=0 en=0 a=0 b=0 mac_out=21
7500000	0	0	0	0	21
T=7700000 rst=0 en=0 a=0 b=0 mac_out=21
7700000	0	0	0	0	21
T=7900000 rst=0 en=0 a=0 b=0 mac_out=21
7900000	0	0	0	0	21
T=8100000 rst=0 en=0 a=0 b=0 mac_out=21
8100000	0	0	0	0	21
T=8300000 rst=0 en=0 a=0 b=0 mac_out=21
8300000	0	0	0	0	21
T=8500000 rst=0 en=0 a=0 b=0 mac_out=21
8500000	0	0	0	0	21
T=8700000 rst=0 en=0 a=0 b=0 mac_out=21
8700000	0	0	0	0	21
T=8900000 rst=0 en=0 a=0 b=0 mac_out=21
8900000	0	0	0	0	21
T=9100000 rst=0 en=0 a=0 b=0 mac_out=21
9100000	0	0	0	0	21
T=9300000 rst=0 en=0 a=0 b=0 mac_out=21
9300000	0	0	0	0	21
T=9500000 rst=0 en=0 a=0 b=0 mac_out=21
9500000	0	0	0	0	21
T=9700000 rst=0 en=0 a=0 b=0 mac_out=21
9700000	0	0	0	0	21
T=9900000 rst=0 en=0 a=0 b=0 mac_out=21
9900000	0	0	0	0	21
T=10100000 rst=0 en=0 a=0 b=0 mac_out=21
10100000	0	0	0	0	21
T=10300000 rst=0 en=0 a=0 b=0 mac_out=21
10300000	0	0	0	0	21
T=10500000 rst=0 en=0 a=0 b=0 mac_out=21
10500000	0	0	0	0	21
T=10700000 rst=0 en=0 a=0 b=0 mac_out=21
10700000	0	0	0	0	21
T=10900000 rst=0 en=0 a=0 b=0 mac_out=21
10900000	0	0	0	0	21
T=11100000 rst=0 en=0 a=0 b=0 mac_out=21
11100000	0	0	0	0	21
T=11300000 rst=0 en=0 a=0 b=0 mac_out=21
11300000	0	0	0	0	21
T=11500000 rst=0 en=0 a=0 b=0 mac_out=21
11500000	0	0	0	0	21
T=11700000 rst=0 en=0 a=0 b=0 mac_out=21
11700000	0	0	0	0	21
T=11900000 rst=0 en=0 a=0 b=0 mac_out=21
11900000	0	0	0	0	21
T=12100000 rst=0 en=0 a=0 b=0 mac_out=21
12100000	0	0	0	0	21
T=12300000 rst=0 en=0 a=0 b=0 mac_out=21
12300000	0	0	0	0	21
T=12500000 rst=0 en=0 a=0 b=0 mac_out=21
12500000	0	0	0	0	21
T=12700000 rst=0 en=0 a=0 b=0 mac_out=21
12700000	0	0	0	0	21
T=12900000 rst=0 en=0 a=0 b=0 mac_out=21
12900000	0	0	0	0	21
T=13100000 rst=0 en=0 a=0 b=0 mac_out=21
====================================================
TOTAL OBSERVATION CYCLES : 65
====================================================
Simulation complete via $finish(1) at time 13100 NS + 0
../testbench/tb_sliding_4x4_post_layout_SDF_simulation.v:153         $finish;
xcelium> ^C
xcelium> exit
...Regained control from SimVision
-------------------------------------
TOOL:	xrun(64)	24.09-s005: Exiting on Jun 22, 2026 at 20:43:15 IST  (total: 00:04:21)
