
Cadence Innovus(TM) Implementation System.
Copyright 2021 Cadence Design Systems, Inc. All rights reserved worldwide.

Version:	v21.15-s110_1, built Fri Sep 23 13:08:12 PDT 2022
Options:	
Date:		Mon Jun 22 16:17:12 2026
Host:		server3.eced.svnit.ac.in (x86_64 w/Linux 4.18.0-553.124.1.el8_10.x86_64) (16cores*32cpus*Intel(R) Xeon(R) Silver 4216 CPU @ 2.10GHz 22528KB)
OS:		Red Hat Enterprise Linux release 8.10 (Ootpa)

License:
		[16:17:12.427922] Configured Lic search path (21.01-s002): 5280@14.139.1.126:1717@14.139.1.126

		invs	Innovus Implementation System	21.1	checkout succeeded
		8 CPU jobs allowed with the current license(s). Use setMultiCpuUsage to set your required CPU count.
Change the soft stacksize limit to 0.2%RAM (127 mbytes). Set global soft_stack_size_limit to change the value.

**INFO:  MMMC transition support version v31-84 

<CMD> set_global _enable_mmmc_by_default_flow      $CTE::mmmc_default
<CMD> suppressMessage ENCEXT-2799
<CMD> getVersion
[INFO] Loading PVS 22.20 fill procedures
<CMD> win
couldn't read file "import.tcl": no such file or directory
couldn't read file "import.tcl": no such file or directory
